SF:lib\models\grupo.dart
DA:19,4
DA:31,4
DA:32,0
DA:34,6
DA:35,3
DA:36,5
DA:39,4
DA:40,0
DA:54,4
DA:60,4
DA:61,0
DA:74,4
DA:82,4
DA:83,0
LF:14
LH:10
end_of_record
SF:lib\models\grupo.g.dart
DA:9,4
DA:10,2
DA:11,2
DA:12,4
DA:13,2
DA:14,2
DA:15,2
DA:16,6
DA:17,2
DA:18,2
DA:19,2
DA:21,2
DA:22,2
DA:25,4
DA:26,6
DA:29,0
DA:30,0
DA:31,0
DA:32,0
DA:33,0
DA:34,0
DA:35,0
DA:36,0
DA:37,0
DA:38,0
DA:41,4
DA:42,4
DA:43,4
DA:44,2
DA:47,0
DA:48,0
DA:49,0
DA:50,0
DA:51,0
DA:54,2
DA:55,2
DA:56,2
DA:57,2
DA:58,4
DA:59,4
DA:60,2
DA:63,0
DA:64,0
DA:65,0
DA:66,0
DA:67,0
DA:68,0
DA:69,0
LF:48
LH:26
end_of_record
SF:lib\models\horario.dart
DA:25,2
DA:42,2
DA:44,0
DA:46,1
DA:48,3
DA:51,0
DA:53,0
LF:7
LH:4
end_of_record
SF:lib\models\horario.g.dart
DA:9,2
DA:10,1
DA:11,1
DA:12,1
DA:13,1
DA:14,1
DA:15,2
DA:16,1
DA:17,1
DA:18,1
DA:19,2
DA:20,2
DA:21,2
DA:22,1
DA:23,1
DA:24,1
DA:26,0
DA:29,0
DA:30,0
DA:31,0
DA:32,0
DA:33,0
DA:34,0
DA:35,0
DA:36,0
DA:37,0
DA:38,0
DA:39,0
DA:40,0
DA:41,0
DA:42,0
DA:43,0
LF:32
LH:16
end_of_record
SF:lib\constants\roles.dart
DA:11,0
DA:12,0
DA:16,0
DA:17,0
DA:21,0
DA:22,0
DA:26,0
DA:28,0
DA:30,0
DA:32,0
DA:34,0
LF:11
LH:0
end_of_record
SF:lib\models\materia.dart
DA:13,3
DA:21,2
DA:23,0
DA:25,0
LF:4
LH:2
end_of_record
SF:lib\models\materia.g.dart
DA:9,2
DA:10,1
DA:11,1
DA:12,1
DA:13,1
DA:14,3
DA:17,0
DA:18,0
DA:19,0
DA:20,0
DA:21,0
DA:22,0
LF:12
LH:6
end_of_record
SF:lib\models\user.dart
DA:22,2
DA:35,0
DA:37,0
DA:39,3
DA:40,0
DA:41,0
DA:42,0
DA:45,0
DA:47,0
DA:48,0
DA:52,0
DA:53,0
DA:57,0
DA:58,0
DA:65,0
DA:67,0
DA:69,0
DA:83,0
DA:84,0
DA:85,0
DA:86,0
DA:87,0
DA:88,0
DA:89,0
DA:90,0
DA:91,0
DA:92,0
DA:93,0
DA:94,0
DA:95,0
DA:107,1
DA:114,0
DA:116,0
DA:127,0
DA:135,0
DA:137,0
DA:158,0
DA:174,0
DA:175,0
DA:176,0
DA:177,0
DA:178,0
DA:179,0
DA:180,0
DA:181,0
DA:182,0
DA:183,0
DA:187,0
DA:188,0
DA:189,0
DA:190,0
DA:194,0
DA:195,0
DA:196,0
DA:217,0
DA:230,0
DA:231,0
DA:233,0
DA:234,0
DA:235,0
DA:236,0
DA:237,0
DA:238,0
DA:239,0
DA:240,0
DA:241,0
DA:242,0
DA:257,2
DA:266,0
DA:268,0
LF:70
LH:4
end_of_record
SF:lib\models\user.g.dart
DA:9,0
DA:10,0
DA:11,0
DA:12,0
DA:13,0
DA:14,0
DA:15,0
DA:16,0
DA:17,0
DA:18,0
DA:19,0
DA:20,0
DA:21,0
DA:23,0
DA:24,0
DA:25,0
DA:28,0
DA:29,0
DA:30,0
DA:31,0
DA:32,0
DA:33,0
DA:34,0
DA:35,0
DA:36,0
DA:37,0
DA:38,0
DA:39,0
DA:40,0
DA:43,0
DA:44,0
DA:45,0
DA:46,0
DA:47,0
DA:48,0
DA:51,0
DA:52,0
DA:53,0
DA:54,0
DA:55,0
DA:56,0
DA:59,0
DA:60,0
DA:61,0
DA:62,0
DA:63,0
DA:64,0
DA:65,0
DA:68,0
DA:69,0
DA:70,0
DA:71,0
DA:72,0
DA:73,0
DA:74,0
DA:77,0
DA:78,0
DA:79,0
DA:80,0
DA:81,0
DA:82,0
DA:83,0
DA:84,0
DA:87,0
DA:88,0
DA:89,0
DA:90,0
DA:91,0
DA:92,0
DA:93,0
DA:94,0
LF:71
LH:0
end_of_record
SF:lib\models\pagination_types.dart
DA:8,2
LF:1
LH:1
end_of_record
SF:lib\providers\paginated_data_provider.dart
DA:16,2
DA:17,2
DA:18,0
DA:19,0
DA:20,0
DA:21,0
DA:22,0
DA:25,0
DA:30,1
DA:31,1
DA:32,1
DA:33,1
DA:34,1
DA:35,1
DA:38,1
DA:40,2
DA:41,2
DA:42,3
DA:44,0
DA:47,0
DA:49,1
DA:50,1
DA:54,1
DA:55,5
DA:56,1
DA:57,1
DA:60,3
DA:61,3
DA:63,3
DA:64,2
DA:65,3
DA:67,0
DA:70,0
DA:72,1
DA:73,1
DA:77,1
DA:78,1
DA:79,1
DA:81,1
DA:83,2
DA:84,1
DA:89,0
DA:92,1
DA:93,1
DA:97,1
DA:98,1
DA:99,1
DA:101,1
DA:103,5
DA:104,4
DA:105,1
DA:110,0
DA:113,1
DA:114,1
DA:118,1
DA:120,1
DA:122,5
DA:123,1
DA:127,0
DA:128,0
DA:143,2
DA:146,0
DA:147,0
DA:148,0
DA:152,0
DA:153,0
DA:154,0
DA:155,0
DA:159,0
DA:160,0
DA:161,0
DA:165,0
DA:166,0
DA:167,0
DA:175,0
DA:176,0
DA:177,0
DA:178,0
DA:184,0
DA:185,0
DA:186,0
DA:192,0
DA:193,0
DA:194,0
LF:84
LH:47
end_of_record
SF:lib\providers\auth_provider.dart
DA:19,2
DA:20,0
DA:21,4
DA:22,4
DA:23,0
DA:28,1
DA:29,1
DA:31,0
DA:34,0
DA:35,0
DA:36,0
DA:40,0
DA:41,0
DA:42,0
DA:43,0
DA:44,0
DA:45,0
DA:48,0
DA:49,0
DA:50,0
DA:51,0
DA:52,0
DA:53,0
DA:54,0
DA:55,0
DA:57,0
DA:58,0
DA:63,0
DA:68,0
DA:70,0
DA:71,0
DA:73,0
DA:74,0
DA:80,12
DA:81,6
DA:84,6
DA:86,6
DA:87,0
DA:88,0
DA:89,0
DA:91,0
DA:93,0
DA:94,0
DA:96,0
DA:100,0
DA:102,0
DA:103,0
DA:104,0
DA:106,0
DA:108,0
DA:109,0
DA:111,0
DA:113,0
DA:114,0
DA:116,0
DA:118,0
DA:119,0
DA:121,0
DA:124,0
DA:128,0
DA:129,0
DA:130,0
DA:131,0
DA:132,0
DA:133,0
DA:134,0
DA:137,0
DA:138,0
DA:139,0
DA:142,0
DA:143,0
DA:144,0
DA:145,0
DA:148,0
DA:149,0
DA:150,0
DA:151,0
DA:153,0
DA:154,0
DA:156,0
DA:157,0
DA:158,0
DA:162,0
DA:166,0
DA:167,0
DA:170,0
DA:171,0
DA:172,0
DA:174,0
DA:178,0
DA:179,0
DA:180,0
DA:181,0
DA:184,0
DA:186,0
DA:188,0
DA:189,0
DA:190,0
DA:192,0
DA:195,0
DA:196,0
DA:197,0
DA:198,0
DA:199,0
DA:200,0
DA:201,0
DA:202,0
DA:203,0
DA:206,0
DA:207,0
DA:212,0
DA:218,0
DA:219,0
DA:222,0
DA:224,0
DA:225,0
DA:226,0
DA:227,0
DA:232,0
DA:237,0
DA:238,0
DA:239,0
DA:241,0
DA:244,0
DA:245,0
DA:246,0
DA:248,0
DA:251,0
DA:253,0
DA:254,0
DA:256,0
DA:257,0
DA:259,0
LF:133
LH:9
end_of_record
SF:lib\screens\admin_dashboard.dart
DA:11,1
DA:13,1
DA:14,1
DA:18,1
DA:20,1
DA:21,3
DA:23,2
DA:24,2
DA:26,1
DA:27,1
DA:29,0
DA:32,0
DA:37,1
DA:39,1
DA:40,1
DA:41,1
DA:43,1
DA:44,0
DA:46,1
DA:47,1
DA:48,2
DA:49,2
DA:53,0
DA:60,1
DA:72,0
DA:79,0
DA:81,0
DA:82,0
DA:83,0
DA:84,0
DA:86,0
DA:88,0
DA:90,0
DA:92,0
DA:93,0
DA:94,0
DA:95,0
DA:96,0
DA:97,0
DA:101,0
DA:109,1
DA:116,1
DA:118,1
DA:119,2
DA:120,1
DA:122,1
DA:123,1
DA:124,2
DA:125,1
DA:126,2
DA:127,1
DA:134,1
DA:135,1
DA:136,1
DA:138,1
DA:140,1
DA:141,1
DA:142,1
DA:143,2
DA:147,3
DA:148,1
DA:150,3
DA:157,1
DA:158,1
DA:161,1
DA:163,1
DA:165,1
DA:166,1
DA:167,1
DA:168,2
DA:171,2
DA:173,2
DA:174,1
DA:175,2
DA:178,2
DA:180,2
DA:181,1
DA:182,2
DA:185,2
DA:193,1
DA:194,1
DA:195,1
DA:197,1
DA:199,1
DA:200,1
DA:202,2
DA:204,2
DA:205,1
DA:206,1
DA:207,1
DA:208,2
DA:209,2
DA:211,1
DA:212,1
DA:213,1
DA:218,1
DA:219,0
DA:222,3
DA:223,1
DA:228,1
DA:229,0
DA:231,3
DA:232,1
DA:237,1
DA:238,0
DA:240,3
DA:241,1
DA:247,0
DA:257,1
DA:267,1
DA:268,1
DA:269,1
DA:271,1
DA:273,1
DA:275,1
DA:276,1
DA:277,1
DA:278,1
DA:280,1
DA:281,1
DA:282,1
DA:284,1
DA:285,1
DA:286,1
DA:288,1
DA:290,2
DA:291,1
DA:292,1
DA:294,1
DA:295,1
DA:297,2
DA:299,1
DA:302,1
DA:304,2
DA:312,1
DA:315,1
LF:136
LH:112
end_of_record
SF:lib\providers\user_provider.dart
DA:13,4
DA:14,4
DA:25,0
DA:26,0
DA:27,0
DA:36,0
DA:37,0
DA:39,0
DA:40,0
DA:41,0
DA:44,0
DA:45,0
DA:46,0
DA:48,0
DA:49,0
DA:50,0
DA:53,0
DA:58,0
DA:59,0
DA:60,0
DA:63,0
DA:64,0
DA:68,0
DA:69,0
DA:71,0
DA:75,0
DA:78,0
DA:82,0
DA:84,0
DA:86,0
DA:88,0
DA:89,0
DA:94,0
DA:95,0
DA:97,0
DA:98,0
DA:99,0
DA:102,0
DA:104,0
DA:107,0
DA:110,0
DA:114,0
DA:115,0
DA:117,0
DA:119,0
DA:120,0
DA:125,0
DA:126,0
DA:129,0
DA:132,0
DA:133,0
DA:135,0
DA:136,0
DA:137,0
DA:138,0
DA:140,0
DA:143,0
DA:144,0
DA:149,0
DA:151,0
DA:154,0
DA:159,0
DA:165,0
DA:167,0
DA:169,0
DA:174,0
DA:180,0
DA:181,0
DA:184,0
DA:187,0
DA:188,0
DA:190,0
DA:192,0
DA:193,0
DA:195,0
DA:198,0
DA:199,0
DA:204,0
DA:208,0
DA:210,0
DA:211,0
DA:213,0
DA:216,0
DA:217,0
DA:222,0
DA:226,0
DA:229,0
DA:230,0
DA:233,0
DA:237,0
DA:238,0
DA:244,0
DA:248,0
DA:251,0
DA:252,0
DA:253,0
DA:257,0
DA:258,0
DA:261,0
DA:264,0
DA:268,0
DA:269,0
DA:276,0
DA:280,0
DA:284,0
DA:288,0
DA:289,0
DA:295,0
DA:297,0
DA:298,0
DA:300,0
DA:301,0
DA:307,0
DA:308,0
DA:309,0
DA:313,0
DA:314,0
DA:315,0
DA:319,0
DA:320,0
DA:321,0
DA:322,0
DA:323,0
DA:324,0
DA:325,0
DA:327,0
DA:328,0
DA:329,0
DA:331,0
DA:336,0
DA:337,0
DA:339,0
DA:340,0
DA:341,0
DA:342,0
DA:343,0
DA:344,0
DA:348,0
DA:349,0
DA:350,0
DA:356,0
DA:357,0
DA:358,0
DA:362,0
DA:364,0
DA:368,0
DA:369,0
DA:371,0
DA:372,0
DA:373,0
DA:375,0
DA:380,0
DA:381,0
DA:383,0
DA:384,0
DA:386,0
DA:391,0
DA:392,0
DA:394,0
DA:395,0
DA:396,0
DA:397,0
DA:398,0
DA:399,0
DA:404,0
DA:405,0
DA:408,0
DA:410,0
DA:411,0
DA:412,0
DA:413,0
DA:414,0
DA:415,0
DA:416,0
DA:418,0
DA:419,0
DA:429,0
DA:432,0
DA:434,0
DA:437,0
DA:439,0
DA:443,0
DA:445,0
DA:448,0
DA:450,0
DA:455,0
DA:457,0
DA:463,0
DA:465,0
DA:471,0
DA:473,0
LF:191
LH:2
end_of_record
SF:lib\providers\paginated_data_mixin.dart
DA:17,8
DA:18,4
DA:19,10
DA:20,4
DA:21,6
DA:22,6
DA:23,8
DA:24,0
DA:27,0
DA:32,1
DA:33,1
DA:34,1
DA:35,1
DA:36,1
DA:37,1
DA:40,1
DA:42,2
DA:43,2
DA:44,3
DA:46,0
DA:49,0
DA:51,1
DA:52,1
DA:56,0
DA:57,0
DA:58,0
DA:59,0
DA:62,0
DA:63,0
DA:65,0
DA:66,0
DA:67,0
DA:69,0
DA:72,0
DA:74,0
DA:75,0
DA:79,0
DA:80,0
DA:81,0
DA:83,0
DA:85,0
DA:86,0
DA:91,0
DA:94,0
DA:95,0
DA:99,0
DA:100,0
DA:101,0
DA:103,0
DA:105,0
DA:106,0
DA:107,0
DA:112,0
DA:115,0
DA:116,0
DA:120,0
DA:122,0
DA:124,0
DA:125,0
DA:130,0
DA:131,0
DA:146,0
DA:149,2
DA:150,4
DA:151,2
DA:152,2
DA:153,2
DA:157,0
DA:158,0
DA:159,0
DA:160,0
DA:164,0
DA:165,0
DA:166,0
DA:170,0
DA:171,0
DA:172,0
DA:176,0
DA:177,0
DA:178,0
DA:182,0
DA:183,0
DA:184,0
DA:188,0
DA:189,0
DA:190,0
DA:198,0
DA:199,0
DA:200,0
DA:201,0
DA:207,0
DA:208,0
DA:209,0
DA:215,0
DA:216,0
DA:217,0
LF:96
LH:24
end_of_record
SF:lib\providers\institution_provider.dart
DA:14,3
DA:15,3
DA:25,2
DA:26,0
DA:33,0
DA:34,0
DA:36,0
DA:37,0
DA:39,0
DA:40,0
DA:41,0
DA:46,0
DA:48,0
DA:52,0
DA:53,0
DA:54,0
DA:59,0
DA:60,0
DA:62,0
DA:66,0
DA:70,0
DA:72,0
DA:73,0
DA:78,0
DA:81,0
DA:82,0
DA:84,0
DA:85,0
DA:90,0
DA:95,0
DA:96,0
DA:97,0
DA:98,0
DA:100,0
DA:101,0
DA:106,0
DA:110,0
DA:113,0
DA:115,0
DA:116,0
DA:117,0
DA:118,0
DA:122,0
DA:123,0
DA:126,0
DA:129,0
DA:130,0
DA:136,0
DA:145,0
DA:148,0
DA:159,0
DA:160,0
DA:161,0
DA:165,0
DA:166,0
DA:169,0
DA:172,0
DA:173,0
DA:179,0
DA:180,0
DA:183,0
DA:186,0
DA:189,0
DA:190,0
DA:193,0
DA:196,0
DA:197,0
DA:203,0
DA:204,0
DA:205,0
DA:209,0
DA:210,0
DA:211,0
DA:215,0
DA:216,0
DA:217,0
DA:218,0
DA:219,0
DA:221,0
DA:222,0
DA:226,0
DA:227,0
DA:229,0
DA:230,0
DA:231,0
DA:232,0
DA:233,0
DA:237,0
DA:238,0
DA:241,0
DA:243,0
DA:244,0
DA:245,0
DA:246,0
DA:248,0
DA:251,0
DA:254,0
DA:256,0
DA:257,0
DA:258,0
DA:259,0
DA:264,0
DA:266,0
DA:269,0
DA:271,0
DA:272,0
DA:273,0
DA:274,0
DA:275,0
DA:276,0
LF:110
LH:3
end_of_record
SF:lib\config\app_config.dart
DA:27,3
DA:32,3
DA:35,0
DA:36,0
DA:37,0
DA:43,3
DA:48,3
DA:51,6
DA:52,9
DA:53,3
DA:54,3
DA:55,3
DA:56,3
DA:59,12
DA:60,3
DA:69,6
DA:73,3
DA:74,6
DA:75,6
DA:76,6
DA:84,3
DA:85,3
DA:86,6
DA:87,3
DA:89,6
DA:97,6
DA:98,0
DA:101,0
DA:102,0
DA:103,0
DA:106,0
DA:109,0
DA:110,0
DA:112,0
DA:115,0
DA:116,0
DA:117,0
DA:121,9
DA:122,3
DA:123,6
DA:124,12
DA:129,3
DA:131,6
DA:132,9
DA:133,9
DA:134,12
DA:138,3
DA:145,3
DA:148,3
DA:160,0
DA:162,0
DA:171,0
DA:176,0
DA:179,0
DA:182,0
DA:185,0
DA:186,0
DA:194,0
LF:58
LH:35
end_of_record
SF:lib\models\institution.dart
DA:22,2
DA:36,0
DA:38,0
DA:40,0
DA:42,0
DA:55,0
DA:56,0
DA:57,0
DA:58,0
DA:59,0
DA:60,0
DA:61,0
DA:62,0
DA:63,0
DA:64,0
DA:65,0
DA:66,0
DA:70,0
DA:72,0
DA:75,0
DA:78,0
DA:81,0
DA:82,0
LF:23
LH:1
end_of_record
SF:lib\models\institution.g.dart
DA:9,0
DA:10,0
DA:11,0
DA:12,0
DA:13,0
DA:14,0
DA:15,0
DA:16,0
DA:18,0
DA:19,0
DA:21,0
DA:22,0
DA:23,0
DA:24,0
DA:26,0
DA:29,0
DA:30,0
DA:31,0
DA:32,0
DA:33,0
DA:34,0
DA:35,0
DA:36,0
DA:37,0
DA:38,0
DA:39,0
DA:40,0
DA:41,0
LF:28
LH:0
end_of_record
SF:lib\models\institution_config.dart
DA:14,0
DA:23,0
DA:25,0
LF:3
LH:0
end_of_record
SF:lib\models\institution_config.g.dart
DA:9,0
DA:10,0
DA:11,0
DA:12,0
DA:13,0
DA:14,0
DA:15,0
DA:18,0
DA:19,0
DA:20,0
DA:21,0
DA:22,0
DA:23,0
DA:24,0
LF:14
LH:0
end_of_record
SF:lib\services\auth_service.dart
DA:12,0
DA:19,0
DA:21,0
DA:23,0
DA:25,0
DA:26,0
DA:27,0
DA:28,0
DA:29,0
DA:38,0
DA:43,0
DA:44,0
DA:45,0
DA:46,0
DA:55,6
DA:56,18
DA:59,0
DA:61,0
DA:62,0
DA:64,0
DA:69,0
DA:70,0
DA:72,0
DA:73,0
DA:75,0
DA:77,0
DA:78,0
DA:82,0
DA:83,0
DA:84,0
DA:86,0
DA:87,0
DA:89,0
DA:91,0
DA:92,0
DA:93,0
DA:94,0
DA:98,0
DA:100,0
DA:102,0
DA:103,0
DA:104,0
DA:105,0
DA:106,0
DA:107,0
DA:109,0
DA:112,0
DA:114,0
DA:117,0
DA:118,0
DA:123,0
DA:125,0
DA:126,0
DA:127,0
DA:128,0
DA:131,0
DA:132,0
DA:133,0
DA:135,0
DA:138,0
DA:139,0
DA:142,0
DA:147,0
DA:149,0
DA:150,0
DA:151,0
DA:152,0
DA:155,0
DA:156,0
DA:160,0
DA:165,0
DA:167,0
DA:168,0
DA:169,0
DA:170,0
DA:173,0
DA:174,0
DA:175,0
DA:176,0
DA:177,0
DA:180,0
DA:183,0
DA:187,0
DA:193,0
DA:194,0
LF:85
LH:2
end_of_record
SF:lib\services\institution_service.dart
DA:12,0
DA:22,0
DA:24,0
DA:25,0
DA:26,0
DA:27,0
DA:28,0
DA:29,0
DA:31,0
DA:33,0
DA:35,0
DA:37,0
DA:39,0
DA:41,0
DA:42,0
DA:46,0
DA:48,0
DA:49,0
DA:50,0
DA:51,0
DA:52,0
DA:53,0
DA:54,0
DA:55,0
DA:56,0
DA:59,0
DA:63,0
DA:64,0
DA:71,0
DA:73,0
DA:74,0
DA:75,0
DA:76,0
DA:78,0
DA:80,0
DA:82,0
DA:83,0
DA:87,0
DA:89,0
DA:90,0
DA:91,0
DA:92,0
DA:93,0
DA:96,0
DA:100,0
DA:101,0
DA:110,0
DA:118,0
DA:119,0
DA:120,0
DA:121,0
DA:123,0
DA:125,0
DA:126,0
DA:127,0
DA:128,0
DA:129,0
DA:131,0
DA:133,0
DA:134,0
DA:138,0
DA:140,0
DA:141,0
DA:142,0
DA:143,0
DA:146,0
DA:150,0
DA:151,0
DA:158,0
DA:168,0
DA:169,0
DA:170,0
DA:171,0
DA:173,0
DA:175,0
DA:176,0
DA:177,0
DA:178,0
DA:179,0
DA:180,0
DA:182,0
DA:184,0
DA:185,0
DA:189,0
DA:191,0
DA:192,0
DA:193,0
DA:194,0
DA:197,0
DA:201,0
DA:202,0
DA:209,0
DA:211,0
DA:212,0
DA:213,0
DA:214,0
DA:215,0
DA:217,0
DA:219,0
DA:220,0
DA:224,0
DA:226,0
DA:227,0
DA:228,0
DA:230,0
DA:234,0
DA:235,0
LF:107
LH:0
end_of_record
SF:lib\services\user_service.dart
DA:9,0
DA:10,0
DA:11,0
DA:18,0
DA:31,0
DA:32,0
DA:35,0
DA:38,0
DA:39,0
DA:40,0
DA:42,0
DA:43,0
DA:45,0
DA:48,0
DA:49,0
DA:50,0
DA:51,0
DA:52,0
DA:55,0
DA:56,0
DA:59,0
DA:60,0
DA:66,0
DA:71,0
DA:72,0
DA:73,0
DA:74,0
DA:75,0
DA:76,0
DA:79,0
DA:80,0
DA:91,0
DA:93,0
DA:94,0
DA:95,0
DA:96,0
DA:97,0
DA:98,0
DA:99,0
DA:101,0
DA:103,0
DA:105,0
DA:107,0
DA:109,0
DA:111,0
DA:112,0
DA:116,0
DA:118,0
DA:119,0
DA:120,0
DA:121,0
DA:122,0
DA:123,0
DA:124,0
DA:125,0
DA:128,0
DA:132,0
DA:133,0
DA:140,0
DA:142,0
DA:143,0
DA:144,0
DA:145,0
DA:147,0
DA:149,0
DA:151,0
DA:152,0
DA:156,0
DA:158,0
DA:159,0
DA:160,0
DA:161,0
DA:162,0
DA:165,0
DA:169,0
DA:170,0
DA:177,0
DA:179,0
DA:180,0
DA:181,0
DA:182,0
DA:183,0
DA:184,0
DA:186,0
DA:188,0
DA:190,0
DA:192,0
DA:194,0
DA:196,0
DA:197,0
DA:201,0
DA:203,0
DA:204,0
DA:205,0
DA:206,0
DA:207,0
DA:208,0
DA:209,0
DA:210,0
DA:213,0
DA:217,0
DA:218,0
DA:225,0
DA:227,0
DA:228,0
DA:229,0
DA:230,0
DA:231,0
DA:232,0
DA:233,0
DA:235,0
DA:237,0
DA:239,0
DA:241,0
DA:243,0
DA:245,0
DA:246,0
DA:250,0
DA:252,0
DA:253,0
DA:254,0
DA:255,0
DA:256,0
DA:257,0
DA:258,0
DA:259,0
DA:262,0
DA:266,0
DA:267,0
DA:274,0
DA:276,0
DA:277,0
DA:279,0
DA:281,0
DA:283,0
DA:285,0
DA:287,0
DA:288,0
DA:289,0
DA:290,0
DA:291,0
DA:293,0
DA:294,0
DA:296,0
DA:298,0
DA:299,0
DA:300,0
DA:301,0
DA:302,0
DA:304,0
DA:305,0
DA:306,0
DA:307,0
DA:308,0
DA:309,0
DA:312,0
DA:313,0
DA:317,0
DA:321,0
DA:322,0
DA:329,0
DA:330,0
DA:336,0
DA:338,0
DA:339,0
DA:341,0
DA:343,0
DA:345,0
DA:347,0
DA:348,0
DA:350,0
DA:351,0
DA:352,0
DA:353,0
DA:355,0
DA:356,0
DA:362,0
DA:363,0
DA:369,0
DA:371,0
DA:372,0
DA:374,0
DA:376,0
DA:378,0
DA:380,0
DA:382,0
DA:383,0
DA:384,0
DA:388,0
DA:389,0
DA:395,0
DA:397,0
DA:398,0
DA:400,0
DA:402,0
DA:404,0
DA:406,0
DA:407,0
DA:409,0
DA:410,0
DA:414,0
DA:416,0
DA:417,0
DA:418,0
DA:420,0
DA:424,0
DA:425,0
DA:431,0
DA:433,0
DA:434,0
DA:435,0
DA:436,0
DA:438,0
DA:440,0
DA:441,0
DA:443,0
DA:444,0
DA:448,0
DA:450,0
DA:451,0
DA:452,0
DA:453,0
DA:455,0
DA:456,0
DA:458,0
DA:462,0
DA:463,0
DA:470,0
DA:472,0
DA:473,0
DA:474,0
DA:475,0
DA:477,0
DA:479,0
DA:480,0
DA:482,0
DA:483,0
DA:487,0
DA:489,0
DA:490,0
DA:491,0
DA:492,0
DA:493,0
DA:495,0
DA:496,0
DA:498,0
DA:499,0
DA:501,0
DA:505,0
DA:506,0
DA:513,0
DA:515,0
DA:516,0
DA:517,0
DA:518,0
DA:519,0
DA:521,0
DA:523,0
DA:524,0
DA:528,0
DA:530,0
DA:531,0
DA:532,0
DA:534,0
DA:538,0
DA:539,0
LF:266
LH:0
end_of_record
SF:lib\theme\theme_extensions.dart
DA:9,24
DA:12,0
DA:15,12
DA:18,12
DA:21,0
DA:24,0
DA:27,0
DA:32,0
DA:33,0
DA:34,0
DA:35,0
DA:36,0
DA:38,4
DA:39,0
DA:40,0
DA:41,0
DA:42,0
DA:47,0
DA:48,0
DA:49,0
DA:50,0
DA:51,0
DA:53,0
DA:54,0
DA:56,0
DA:57,0
DA:58,0
DA:59,0
DA:60,0
LF:29
LH:4
end_of_record
SF:lib\utils\http_client.dart
DA:18,6
DA:21,0
DA:22,0
DA:28,0
DA:35,0
DA:36,0
DA:38,0
DA:39,0
DA:40,0
DA:41,0
DA:45,0
DA:46,0
DA:47,0
DA:49,0
DA:50,0
DA:51,0
DA:52,0
DA:57,0
DA:58,0
DA:60,0
DA:61,0
DA:64,0
DA:65,0
DA:66,0
DA:75,0
DA:80,0
DA:82,0
DA:84,0
DA:87,0
DA:90,0
DA:96,0
DA:103,0
DA:105,0
DA:107,0
DA:112,0
DA:115,0
DA:121,0
DA:128,0
DA:130,0
DA:132,0
DA:137,0
DA:140,0
DA:146,0
DA:153,0
DA:155,0
DA:157,0
DA:162,0
DA:165,0
DA:171,0
DA:178,0
DA:180,0
DA:182,0
DA:187,0
DA:190,0
DA:196,0
DA:197,0
DA:205,0
DA:207,0
DA:208,0
LF:59
LH:1
end_of_record
SF:lib\theme\app_colors.dart
DA:7,0
DA:10,6
DA:11,12
DA:15,12
DA:16,0
DA:18,6
DA:19,6
DA:20,6
DA:21,6
DA:22,6
DA:24,6
DA:25,6
DA:26,6
DA:28,6
DA:29,6
DA:30,6
DA:32,6
DA:33,6
DA:34,6
DA:36,6
DA:37,6
DA:38,6
DA:40,6
DA:41,6
DA:42,6
DA:44,6
DA:45,6
DA:46,6
DA:47,6
DA:48,6
DA:49,6
DA:50,6
DA:51,6
DA:52,6
DA:53,6
DA:55,6
DA:56,6
DA:57,6
DA:58,6
DA:59,6
DA:61,6
DA:62,6
DA:63,6
DA:64,6
DA:66,6
DA:67,6
DA:68,6
DA:70,6
DA:71,6
DA:72,6
DA:73,6
DA:75,6
DA:76,6
DA:77,6
DA:79,6
DA:81,6
DA:82,6
DA:83,6
DA:84,6
DA:86,6
DA:87,6
DA:88,6
DA:89,6
DA:91,6
DA:92,6
DA:93,6
DA:95,6
DA:96,6
DA:97,6
DA:98,6
DA:99,6
DA:100,6
DA:101,6
DA:102,6
DA:103,6
DA:104,6
DA:106,6
DA:109,0
DA:110,0
DA:111,0
DA:112,0
DA:113,0
DA:115,0
DA:116,0
DA:117,0
DA:119,0
DA:120,0
DA:121,0
DA:123,0
DA:124,0
DA:125,0
DA:127,0
DA:128,0
DA:129,0
DA:131,0
DA:132,0
DA:133,0
DA:135,0
DA:136,0
DA:137,0
DA:138,0
DA:139,0
DA:140,0
DA:141,0
DA:142,0
DA:143,0
DA:144,0
DA:146,0
DA:147,0
DA:148,0
DA:149,0
DA:150,0
DA:152,0
DA:153,0
DA:154,0
DA:155,0
DA:157,0
DA:158,0
DA:159,0
DA:161,0
DA:162,0
DA:163,0
DA:164,0
DA:166,0
DA:167,0
DA:168,0
DA:170,0
DA:172,0
DA:173,0
DA:174,0
DA:175,0
DA:177,0
DA:178,0
DA:179,0
DA:180,0
DA:182,0
DA:183,0
DA:184,0
DA:186,0
DA:187,0
DA:188,0
DA:189,0
DA:190,0
DA:191,0
DA:192,0
DA:193,0
DA:194,0
DA:195,0
DA:197,0
DA:350,0
DA:351,0
DA:352,0
DA:355,0
DA:356,0
DA:357,0
DA:358,0
DA:359,0
DA:360,0
DA:361,0
DA:362,0
DA:365,0
DA:366,0
DA:367,0
DA:370,1
DA:371,1
DA:372,2
DA:375,0
DA:376,0
DA:377,0
DA:380,0
DA:381,0
DA:382,0
LF:172
LH:78
end_of_record
SF:lib\theme\app_spacing.dart
DA:3,6
DA:4,18
DA:22,0
DA:23,0
LF:4
LH:2
end_of_record
SF:lib\theme\app_text_styles.dart
DA:9,6
DA:11,18
DA:13,6
DA:21,6
DA:35,0
DA:39,0
DA:42,0
DA:46,0
DA:53,0
DA:57,0
DA:60,10
DA:64,5
DA:67,4
DA:71,2
DA:78,0
DA:85,0
DA:92,0
DA:103,10
DA:111,12
DA:119,10
DA:131,4
DA:139,0
DA:147,0
DA:160,3
DA:166,0
DA:172,0
DA:178,0
DA:183,0
DA:187,0
DA:192,0
DA:199,0
DA:206,0
DA:212,0
DA:221,0
DA:225,0
DA:235,0
DA:243,0
DA:250,0
LF:38
LH:13
end_of_record
SF:lib\widgets\components\clarity_components.dart
DA:15,2
DA:27,2
DA:29,2
DA:30,2
DA:32,2
DA:33,4
DA:34,2
DA:36,2
DA:37,4
DA:38,4
DA:40,2
DA:41,2
DA:42,4
DA:43,2
DA:44,6
DA:45,2
DA:47,2
DA:48,4
DA:49,2
DA:50,4
DA:52,2
DA:53,2
DA:56,2
DA:57,6
DA:58,2
DA:59,2
DA:63,4
DA:64,4
DA:65,2
DA:84,0
DA:94,0
DA:96,0
DA:97,0
DA:98,0
DA:100,0
DA:101,0
DA:104,0
DA:105,0
DA:106,0
DA:108,0
DA:109,0
DA:110,0
DA:111,0
DA:112,0
DA:113,0
DA:115,0
DA:116,0
DA:117,0
DA:118,0
DA:119,0
DA:120,0
DA:121,0
DA:122,0
DA:124,0
DA:126,0
DA:127,0
DA:128,0
DA:129,0
DA:136,0
DA:137,0
DA:138,0
DA:139,0
DA:158,0
DA:166,0
DA:168,0
DA:169,0
DA:170,0
DA:173,0
DA:174,0
DA:176,0
DA:177,0
DA:178,0
DA:179,0
DA:181,0
DA:183,0
DA:184,0
DA:185,0
DA:189,0
DA:191,0
DA:193,0
DA:194,0
DA:198,0
DA:199,0
DA:200,0
DA:201,0
DA:202,0
DA:203,0
DA:220,0
DA:229,0
DA:231,0
DA:232,0
DA:234,0
DA:235,0
DA:236,0
DA:237,0
DA:238,0
DA:240,0
DA:241,0
DA:243,0
DA:244,0
DA:245,0
DA:258,0
DA:266,0
DA:268,0
DA:269,0
DA:271,0
DA:272,0
DA:273,0
DA:275,0
DA:276,0
DA:277,0
DA:278,0
DA:280,0
DA:281,0
DA:296,4
DA:305,3
DA:307,3
DA:308,3
DA:309,3
DA:311,3
DA:312,3
DA:313,6
DA:314,3
DA:316,3
DA:317,3
DA:318,3
DA:319,3
DA:320,3
DA:322,6
DA:323,3
DA:324,3
DA:325,6
DA:326,3
DA:330,6
DA:331,6
DA:332,3
DA:333,3
DA:334,6
DA:335,3
DA:340,3
DA:341,0
DA:342,0
DA:358,3
DA:366,3
DA:368,3
DA:370,3
DA:371,3
DA:373,3
DA:374,9
DA:376,3
DA:377,3
DA:378,9
DA:379,6
DA:380,3
DA:410,0
DA:423,0
DA:425,0
DA:426,0
DA:427,0
DA:429,0
DA:432,0
DA:434,0
DA:436,0
DA:437,0
DA:438,0
DA:439,0
DA:440,0
DA:443,0
DA:444,0
DA:445,0
DA:447,0
DA:452,0
DA:455,0
DA:456,0
DA:457,0
DA:458,0
DA:459,0
DA:460,0
DA:462,0
DA:463,0
DA:465,0
DA:466,0
DA:467,0
DA:471,0
DA:472,0
DA:473,0
DA:475,0
DA:476,0
DA:477,0
DA:481,0
DA:485,0
DA:486,0
DA:487,0
DA:488,0
DA:489,0
DA:504,2
DA:512,2
DA:514,2
DA:515,2
DA:517,2
DA:518,2
DA:519,2
DA:520,4
DA:521,2
DA:523,2
DA:524,2
DA:525,6
DA:526,8
DA:529,4
DA:530,2
DA:531,2
DA:532,4
DA:533,2
DA:534,2
DA:535,2
DA:536,2
DA:537,2
DA:538,6
DA:540,4
DA:544,2
DA:556,2
DA:572,0
DA:580,0
DA:582,0
DA:584,0
DA:585,0
DA:587,0
DA:588,0
DA:590,0
DA:594,0
DA:595,0
DA:596,0
DA:597,0
DA:598,0
DA:599,0
DA:602,0
DA:603,0
DA:604,0
DA:607,0
DA:610,0
DA:631,2
DA:644,2
DA:646,2
DA:647,2
DA:649,2
DA:650,2
DA:651,2
DA:652,2
DA:653,2
DA:655,2
DA:656,2
DA:657,2
DA:658,6
DA:662,2
DA:663,0
DA:664,0
DA:665,0
DA:666,0
DA:670,0
DA:672,4
DA:673,4
DA:674,2
DA:675,2
DA:676,8
DA:677,2
DA:685,2
DA:687,2
DA:688,2
DA:689,0
DA:690,0
DA:691,0
DA:693,0
DA:695,6
DA:696,4
DA:709,0
DA:715,0
DA:716,0
DA:718,0
DA:719,0
DA:721,0
DA:725,0
DA:726,0
DA:728,0
DA:730,0
DA:732,0
DA:733,0
DA:734,0
DA:735,0
DA:737,0
DA:738,0
DA:739,0
DA:740,0
DA:742,0
DA:744,0
DA:745,0
DA:746,0
DA:747,0
DA:748,0
DA:749,0
DA:750,0
LF:300
LH:118
end_of_record
SF:lib\widgets\components\clarity_form_dialog.dart
DA:21,2
DA:31,2
DA:32,2
DA:39,2
DA:41,2
DA:42,6
DA:45,2
DA:46,6
DA:47,4
DA:49,6
DA:51,6
DA:52,8
DA:54,0
DA:55,0
DA:56,0
DA:60,8
DA:64,2
DA:68,2
DA:69,4
DA:70,2
DA:71,2
DA:72,2
DA:74,4
DA:77,2
DA:78,2
DA:79,2
DA:80,6
DA:82,2
DA:83,4
DA:84,2
DA:86,6
LF:31
LH:28
end_of_record
SF:lib\widgets\components\clarity_management_page.dart
DA:78,4
DA:102,4
DA:104,4
DA:105,4
DA:106,4
DA:109,4
DA:110,4
DA:111,3
DA:112,6
DA:114,0
DA:115,0
DA:116,0
DA:118,0
DA:124,4
DA:125,8
DA:126,4
DA:127,4
DA:130,1
DA:131,12
DA:135,4
DA:136,4
DA:137,4
DA:138,4
DA:139,4
DA:141,4
DA:142,4
DA:143,4
DA:144,8
DA:145,4
DA:147,4
DA:148,10
DA:150,2
DA:151,2
DA:152,2
DA:154,2
DA:156,4
DA:158,10
DA:159,6
DA:166,4
DA:167,0
DA:170,4
DA:171,0
DA:172,0
DA:173,0
DA:176,0
DA:177,0
DA:178,0
DA:179,0
DA:186,8
DA:187,3
DA:188,3
DA:189,0
DA:197,3
DA:198,6
DA:199,3
DA:200,3
DA:201,3
DA:203,6
DA:204,4
DA:206,6
DA:210,2
DA:211,0
DA:212,0
DA:213,0
DA:221,3
DA:222,3
DA:223,6
DA:225,6
DA:228,9
DA:235,4
LF:70
LH:54
end_of_record
SF:lib\screens\institutions\create_institution_admin_screen.dart
DA:10,1
DA:15,1
DA:19,1
DA:21,2
LF:4
LH:4
end_of_record
SF:lib\screens\users\user_form_screen.dart
DA:21,1
DA:27,1
DA:28,1
DA:81,1
DA:83,1
DA:86,1
DA:87,4
DA:93,1
DA:95,1
DA:99,3
DA:104,2
DA:105,1
DA:106,1
DA:111,1
DA:113,2
DA:115,3
DA:116,1
DA:119,2
DA:120,2
DA:121,2
DA:123,3
DA:126,3
DA:127,0
DA:129,0
DA:130,0
DA:131,0
DA:132,0
DA:133,0
DA:135,0
DA:138,0
DA:139,0
DA:140,0
DA:141,0
DA:142,0
DA:143,0
DA:144,0
DA:147,0
DA:151,0
DA:153,1
DA:154,3
DA:159,1
DA:160,5
DA:161,1
DA:163,4
DA:164,2
DA:165,7
DA:166,4
DA:170,0
DA:171,0
DA:172,0
DA:174,0
DA:175,0
DA:176,0
DA:177,0
DA:178,0
DA:179,0
DA:180,0
DA:181,0
DA:182,0
DA:183,0
DA:184,0
DA:188,1
DA:191,2
DA:192,2
DA:193,2
DA:194,2
DA:195,2
DA:196,2
DA:197,2
DA:198,2
DA:199,2
DA:200,2
DA:203,2
DA:204,2
DA:205,2
DA:206,2
DA:207,2
DA:208,2
DA:209,2
DA:210,2
DA:211,2
DA:212,1
DA:215,0
DA:216,0
DA:217,0
DA:218,0
DA:221,0
DA:222,0
DA:223,0
DA:224,0
DA:225,0
DA:227,0
DA:228,0
DA:231,0
DA:235,0
DA:236,0
DA:241,0
DA:242,0
DA:243,0
DA:244,0
DA:246,0
DA:247,0
DA:250,0
DA:256,0
DA:259,0
DA:260,0
DA:263,0
DA:264,0
DA:265,0
DA:266,0
DA:267,0
DA:268,0
DA:269,0
DA:272,0
DA:277,0
DA:278,0
DA:281,0
DA:284,0
DA:285,0
DA:286,0
DA:287,0
DA:288,0
DA:289,0
DA:291,0
DA:292,0
DA:293,0
DA:294,0
DA:295,0
DA:296,0
DA:299,0
DA:304,0
DA:305,0
DA:310,0
DA:311,0
DA:313,0
DA:314,0
DA:315,0
DA:316,0
DA:317,0
DA:318,0
DA:319,0
DA:320,0
DA:321,0
DA:322,0
DA:323,0
DA:324,0
DA:326,0
DA:327,0
DA:328,0
DA:331,0
DA:336,0
DA:337,0
DA:338,0
DA:342,0
DA:343,0
DA:346,0
DA:347,0
DA:348,0
DA:352,0
DA:353,0
DA:354,0
DA:357,0
DA:366,0
DA:367,0
DA:368,0
DA:369,0
DA:370,0
DA:371,0
DA:372,0
DA:373,0
DA:374,0
DA:375,0
DA:376,0
DA:377,0
DA:381,0
DA:382,0
DA:386,0
DA:391,0
DA:392,0
DA:394,0
DA:395,0
DA:397,0
DA:398,0
DA:400,0
DA:403,0
DA:406,0
DA:408,0
DA:410,0
DA:414,0
DA:415,0
DA:416,0
DA:417,0
DA:418,0
DA:419,0
DA:420,0
DA:430,0
DA:431,0
DA:432,0
DA:440,1
DA:442,1
DA:444,1
DA:446,1
DA:448,0
DA:455,0
DA:456,0
DA:458,0
DA:459,0
DA:460,0
DA:461,0
DA:462,0
DA:463,0
DA:464,0
DA:465,0
DA:466,0
DA:467,0
DA:469,0
DA:470,0
DA:471,0
DA:472,0
DA:473,0
DA:474,0
DA:475,0
DA:476,0
DA:477,0
DA:479,0
DA:480,0
DA:481,0
DA:482,0
DA:483,0
DA:484,0
DA:485,0
DA:486,0
DA:487,0
DA:492,1
DA:494,1
DA:495,1
DA:496,1
DA:497,5
DA:499,1
DA:500,0
DA:501,0
DA:502,0
DA:503,0
DA:504,0
DA:505,0
DA:507,0
DA:521,1
DA:523,1
DA:524,1
DA:525,1
DA:526,1
DA:527,1
DA:528,1
DA:530,1
DA:531,1
DA:532,1
DA:533,1
DA:534,1
DA:535,1
DA:536,1
DA:537,0
DA:538,1
DA:539,3
DA:541,1
DA:542,2
DA:543,1
DA:544,1
DA:545,2
DA:546,0
DA:547,0
DA:548,0
DA:549,0
DA:550,0
DA:551,0
DA:552,0
DA:553,0
DA:556,0
DA:558,0
DA:562,0
DA:564,1
DA:565,1
DA:567,2
DA:568,1
DA:569,2
DA:570,1
DA:571,1
DA:572,1
DA:573,2
DA:576,1
DA:577,0
DA:580,0
DA:582,0
DA:585,1
DA:586,0
DA:587,3
DA:591,3
DA:592,2
DA:593,1
DA:594,1
DA:595,1
DA:596,1
DA:597,2
DA:598,2
DA:599,1
DA:600,2
DA:603,1
DA:605,3
DA:614,1
DA:620,1
DA:622,6
DA:628,1
DA:629,1
DA:631,1
DA:634,1
DA:635,2
DA:636,1
DA:637,1
DA:638,2
DA:643,3
DA:644,1
DA:646,0
DA:649,6
DA:651,1
DA:652,1
DA:653,2
DA:655,1
DA:656,1
DA:657,0
DA:660,1
DA:661,1
DA:662,1
DA:663,1
DA:664,1
DA:665,1
DA:670,2
DA:671,2
DA:675,1
DA:678,1
DA:679,2
DA:680,1
DA:681,1
DA:682,1
DA:683,1
DA:684,1
DA:685,2
DA:686,1
DA:687,0
DA:691,1
DA:692,1
DA:693,1
DA:694,1
DA:695,1
DA:696,1
DA:697,1
DA:698,1
DA:699,1
DA:702,2
DA:703,4
DA:708,6
DA:709,0
DA:710,0
DA:712,0
DA:713,0
DA:714,0
DA:715,0
DA:716,0
DA:717,0
DA:718,0
DA:719,0
DA:720,0
DA:721,0
DA:722,0
DA:723,0
DA:724,0
DA:725,0
DA:726,0
DA:727,0
DA:728,0
DA:731,0
DA:732,0
DA:741,0
DA:742,0
DA:745,0
DA:748,0
DA:750,0
DA:751,0
DA:752,0
DA:753,0
DA:754,0
DA:756,0
DA:757,0
DA:760,0
DA:765,0
DA:770,0
DA:771,0
DA:774,0
DA:778,0
DA:779,0
DA:780,0
LF:399
LH:156
end_of_record
SF:lib\screens\users\form_steps\user_account_step.dart
DA:26,1
DA:42,1
DA:43,1
DA:50,1
DA:52,1
DA:53,1
DA:56,1
DA:58,1
DA:59,4
DA:60,4
DA:61,0
DA:65,1
DA:66,2
DA:68,3
DA:70,0
DA:71,0
DA:72,0
DA:73,0
DA:74,0
DA:76,0
DA:78,0
DA:79,0
DA:81,0
DA:84,2
DA:88,1
DA:90,2
DA:91,1
DA:94,1
DA:96,1
DA:98,1
DA:100,1
DA:101,1
DA:103,2
DA:105,2
DA:106,1
DA:108,3
DA:109,2
DA:112,2
DA:115,1
DA:117,2
DA:118,2
DA:119,2
DA:121,3
DA:123,2
DA:124,0
DA:125,0
DA:128,0
DA:129,0
DA:134,2
DA:136,2
DA:139,4
DA:140,1
DA:141,1
DA:144,2
DA:145,3
DA:146,0
DA:147,2
DA:149,1
DA:151,1
DA:152,3
DA:153,2
DA:154,1
DA:156,3
DA:157,1
DA:158,2
DA:159,1
DA:160,3
DA:162,4
DA:164,2
DA:165,1
DA:167,5
DA:169,2
DA:176,0
DA:177,0
DA:179,0
DA:180,0
DA:182,0
DA:184,0
DA:185,0
DA:186,0
DA:187,0
DA:188,0
DA:190,0
DA:191,0
DA:193,0
DA:195,0
DA:197,0
DA:200,0
DA:205,0
DA:209,0
DA:210,0
DA:211,0
DA:212,0
DA:220,0
DA:222,0
DA:223,0
DA:224,0
DA:228,0
DA:229,0
DA:233,0
DA:234,0
DA:235,0
DA:243,2
DA:246,3
DA:247,1
DA:248,2
DA:249,1
DA:250,3
DA:251,1
DA:252,4
DA:254,1
DA:255,1
DA:256,3
DA:257,2
DA:258,1
DA:259,1
DA:261,3
DA:262,2
DA:274,0
DA:275,0
DA:276,0
DA:277,0
DA:282,0
DA:284,0
DA:290,0
DA:291,0
DA:292,0
DA:293,0
DA:294,0
DA:295,0
DA:296,0
DA:297,0
DA:298,0
DA:302,0
DA:303,0
DA:305,0
DA:307,0
DA:308,0
DA:309,0
DA:313,0
DA:320,0
DA:323,0
DA:324,0
DA:326,0
DA:329,0
DA:331,0
DA:332,0
DA:341,0
DA:342,0
DA:343,0
DA:344,0
DA:346,0
DA:348,0
DA:349,0
DA:352,0
DA:355,0
DA:359,0
DA:362,0
DA:366,0
DA:367,0
DA:373,0
DA:374,0
DA:375,0
DA:376,0
DA:382,0
DA:394,0
DA:395,0
DA:396,0
DA:397,0
DA:398,0
DA:399,0
DA:400,0
DA:401,0
DA:402,0
DA:403,0
DA:405,0
DA:406,0
DA:407,0
DA:408,0
DA:411,0
DA:412,0
DA:413,0
DA:418,0
DA:420,0
DA:421,0
DA:422,0
DA:423,0
DA:424,0
DA:425,0
DA:431,0
DA:432,0
DA:433,0
DA:435,0
DA:437,0
DA:438,0
DA:439,0
DA:451,0
DA:452,0
DA:454,0
DA:455,0
DA:457,0
DA:461,0
DA:462,0
DA:463,0
DA:467,0
DA:469,0
DA:470,0
DA:471,0
DA:473,0
DA:476,0
DA:478,0
DA:485,0
DA:487,0
DA:489,0
DA:492,0
DA:493,0
DA:495,0
DA:496,0
DA:497,0
DA:501,0
DA:502,0
DA:506,0
DA:511,0
DA:512,0
DA:514,0
DA:516,0
DA:517,0
DA:518,0
DA:519,0
DA:525,0
LF:230
LH:73
end_of_record
SF:lib\screens\users\form_steps\user_personal_info_step.dart
DA:8,0
DA:14,0
DA:18,0
DA:19,0
DA:20,0
DA:22,0
DA:25,0
DA:29,0
DA:31,0
DA:32,0
DA:57,1
DA:77,1
DA:79,1
DA:81,1
DA:83,1
DA:84,1
DA:86,2
DA:88,2
DA:89,1
DA:91,3
DA:92,2
DA:95,2
DA:98,1
DA:99,1
DA:100,2
DA:102,0
DA:103,0
DA:104,0
DA:105,0
DA:107,0
DA:108,0
DA:109,0
DA:112,0
DA:113,0
DA:116,0
DA:123,0
DA:124,0
DA:125,0
DA:127,0
DA:128,0
DA:129,0
DA:132,0
DA:133,0
DA:136,0
DA:145,1
DA:146,1
DA:147,1
DA:149,1
DA:150,1
DA:151,1
DA:154,0
DA:155,0
DA:158,0
DA:164,2
DA:165,1
DA:167,1
DA:168,1
DA:169,1
DA:172,0
DA:173,0
DA:176,0
DA:186,2
DA:189,1
DA:190,1
DA:191,2
DA:193,0
DA:194,0
DA:195,0
DA:196,0
DA:198,0
DA:199,0
DA:204,0
DA:205,0
DA:206,0
DA:208,0
DA:209,0
DA:210,0
DA:211,0
DA:219,0
DA:220,0
DA:221,0
DA:223,0
DA:224,0
DA:227,0
DA:229,0
DA:233,0
DA:236,0
DA:245,1
DA:246,1
DA:247,1
DA:249,1
DA:250,1
DA:251,1
DA:256,1
DA:257,1
DA:258,1
DA:260,0
DA:261,0
DA:262,0
DA:263,0
DA:270,2
DA:271,1
DA:273,1
DA:274,1
DA:275,1
DA:278,0
DA:280,0
DA:284,0
DA:287,0
DA:297,2
DA:300,1
DA:302,1
DA:303,1
DA:304,3
DA:305,2
DA:308,1
DA:309,2
DA:310,2
LF:118
LH:53
end_of_record
SF:lib\screens\users\form_steps\role_specific_details_step.dart
DA:23,0
DA:45,0
DA:47,0
DA:49,0
DA:50,0
DA:51,0
DA:52,0
DA:53,0
DA:54,0
DA:57,0
DA:61,0
DA:62,0
DA:64,0
DA:65,0
DA:67,0
DA:69,0
DA:70,0
DA:72,0
DA:73,0
DA:76,0
DA:78,0
DA:79,0
DA:81,0
DA:82,0
DA:83,0
DA:84,0
DA:87,0
DA:93,0
DA:94,0
DA:95,0
DA:97,0
DA:110,0
DA:111,0
DA:113,0
DA:114,0
DA:116,0
DA:118,0
DA:119,0
DA:121,0
DA:122,0
DA:125,0
DA:127,0
DA:129,0
DA:130,0
DA:131,0
DA:132,0
DA:133,0
DA:135,0
DA:136,0
DA:137,0
DA:138,0
DA:139,0
DA:140,0
DA:141,0
DA:144,0
DA:145,0
DA:148,0
DA:155,0
DA:156,0
DA:157,0
DA:158,0
DA:159,0
DA:160,0
DA:163,0
DA:164,0
DA:167,0
DA:176,0
DA:177,0
DA:178,0
DA:179,0
DA:180,0
DA:183,0
DA:184,0
DA:187,0
DA:193,0
DA:194,0
DA:195,0
DA:196,0
DA:199,0
DA:200,0
DA:203,0
DA:220,0
DA:221,0
DA:223,0
DA:224,0
DA:226,0
DA:228,0
DA:229,0
DA:231,0
DA:232,0
DA:235,0
DA:237,0
DA:239,0
DA:240,0
DA:241,0
DA:242,0
DA:243,0
DA:244,0
DA:247,0
DA:252,0
DA:253,0
DA:254,0
DA:255,0
DA:256,0
DA:260,0
DA:261,0
DA:262,0
DA:263,0
DA:274,0
DA:275,0
DA:276,0
DA:277,0
DA:278,0
DA:279,0
DA:280,0
DA:282,0
DA:283,0
DA:284,0
DA:285,0
DA:286,0
DA:287,0
DA:289,0
DA:290,0
DA:301,0
DA:302,0
DA:304,0
DA:305,0
DA:307,0
DA:309,0
DA:310,0
DA:311,0
DA:313,0
LF:132
LH:0
end_of_record
SF:lib\widgets\form_widgets.dart
DA:26,1
DA:49,1
DA:51,1
DA:52,1
DA:53,1
DA:55,1
DA:57,1
DA:58,1
DA:59,1
DA:60,1
DA:61,1
DA:62,1
DA:63,1
DA:64,1
DA:65,1
DA:66,1
DA:67,1
DA:68,1
DA:69,1
DA:70,1
DA:71,1
DA:72,1
DA:73,1
DA:74,1
DA:75,1
DA:76,3
DA:77,1
DA:78,1
DA:79,1
DA:80,1
DA:81,2
DA:82,2
DA:84,1
DA:85,2
DA:86,2
DA:88,1
DA:89,2
DA:90,2
DA:92,1
DA:93,2
DA:94,2
DA:96,1
DA:97,2
DA:98,2
DA:101,2
DA:102,1
DA:103,1
DA:104,1
DA:106,3
DA:124,0
DA:137,0
DA:139,0
DA:140,0
DA:141,0
DA:143,0
DA:145,0
DA:146,0
DA:147,0
DA:148,0
DA:149,0
DA:150,0
DA:151,0
DA:152,0
DA:153,0
DA:154,0
DA:155,0
DA:156,0
DA:157,0
DA:158,0
DA:159,0
DA:161,0
DA:162,0
DA:163,0
DA:165,0
DA:166,0
DA:167,0
DA:169,0
DA:170,0
DA:171,0
DA:173,0
DA:174,0
DA:175,0
DA:178,0
DA:179,0
DA:180,0
DA:181,0
DA:183,0
DA:185,0
DA:199,0
DA:209,0
DA:211,0
DA:212,0
DA:213,0
DA:215,0
DA:216,0
DA:217,0
DA:218,0
DA:219,0
DA:221,0
DA:222,0
DA:223,0
DA:224,0
DA:225,0
DA:226,0
DA:228,0
DA:229,0
DA:230,0
DA:232,0
DA:233,0
DA:234,0
DA:235,0
DA:239,0
DA:240,0
DA:241,0
DA:242,0
DA:243,0
DA:245,0
DA:247,0
DA:248,0
DA:249,0
DA:250,0
DA:251,0
DA:252,0
DA:269,0
DA:278,0
DA:280,0
DA:281,0
DA:282,0
DA:284,0
DA:286,0
DA:288,0
DA:289,0
DA:291,0
DA:292,0
DA:293,0
DA:294,0
DA:295,0
DA:296,0
DA:297,0
DA:299,0
DA:300,0
DA:301,0
DA:303,0
DA:304,0
DA:305,0
DA:306,0
DA:308,0
DA:309,0
DA:310,0
DA:311,0
DA:316,0
DA:317,0
DA:318,0
DA:319,0
LF:154
LH:49
end_of_record
SF:lib\services\user_form_service.dart
DA:12,1
DA:16,2
DA:17,1
DA:23,0
DA:24,0
DA:26,0
DA:28,0
DA:31,0
DA:32,0
DA:36,1
DA:40,1
DA:43,2
DA:44,0
DA:47,0
DA:48,0
DA:51,0
DA:61,0
DA:64,0
DA:65,0
DA:69,0
DA:83,0
DA:84,0
DA:85,0
DA:86,0
DA:87,0
DA:90,0
DA:91,0
DA:94,0
DA:95,0
DA:96,0
DA:97,0
DA:101,0
DA:102,0
DA:103,0
DA:104,0
DA:109,0
DA:110,0
DA:111,0
DA:120,0
DA:134,0
DA:136,0
DA:137,0
DA:139,0
DA:140,0
DA:141,0
DA:142,0
DA:144,0
DA:145,0
DA:146,0
DA:147,0
DA:148,0
DA:149,0
DA:154,0
DA:167,0
DA:168,0
DA:169,0
DA:170,0
DA:171,0
DA:172,0
DA:173,0
DA:174,0
DA:176,0
DA:177,0
DA:182,0
DA:189,0
DA:190,0
DA:192,0
DA:194,0
DA:199,0
DA:202,0
DA:207,0
DA:209,0
DA:210,0
DA:214,0
DA:216,0
DA:218,0
DA:220,0
DA:222,0
LF:78
LH:6
end_of_record
SF:lib\services\form_validation_service.dart
DA:5,0
DA:6,0
DA:9,0
DA:10,0
DA:14,0
DA:15,0
DA:23,0
DA:24,0
DA:28,0
DA:29,0
DA:37,0
DA:38,0
DA:42,0
DA:43,0
DA:51,0
DA:52,0
DA:56,0
DA:57,0
DA:65,0
DA:67,0
DA:71,0
DA:75,0
DA:76,0
DA:84,0
DA:85,0
DA:89,0
DA:90,0
DA:98,0
DA:99,0
DA:103,0
DA:104,0
DA:112,0
DA:113,0
DA:117,0
DA:118,0
DA:126,0
DA:133,0
DA:135,0
DA:136,0
DA:137,0
DA:140,0
DA:142,0
DA:143,0
DA:144,0
DA:145,0
DA:147,0
DA:148,0
DA:151,0
DA:152,0
DA:155,0
DA:156,0
DA:159,0
DA:160,0
DA:161,0
DA:165,0
DA:167,0
DA:168,0
DA:169,0
DA:170,0
DA:171,0
DA:174,0
DA:175,0
DA:178,0
DA:179,0
DA:180,0
DA:181,0
DA:188,0
DA:189,0
DA:190,0
DA:191,0
DA:193,0
LF:71
LH:0
end_of_record
SF:lib\screens\academic\grupos_screen.dart
DA:14,1
DA:16,1
DA:17,1
DA:25,1
DA:27,1
DA:28,3
DA:29,3
DA:30,3
DA:31,1
DA:35,1
DA:37,2
DA:38,2
DA:39,1
DA:42,0
DA:43,0
DA:44,0
DA:46,0
DA:49,0
DA:51,0
DA:55,0
DA:56,0
DA:57,0
DA:61,1
DA:62,2
DA:63,2
DA:65,1
DA:67,1
DA:71,0
DA:72,0
DA:73,0
DA:75,0
DA:77,0
DA:78,0
DA:82,1
DA:84,1
DA:85,1
DA:86,1
DA:89,1
DA:90,1
DA:91,1
DA:92,2
DA:93,1
DA:94,2
DA:95,1
DA:97,1
DA:98,1
DA:99,1
DA:100,1
DA:101,1
DA:102,1
DA:103,1
DA:104,1
DA:105,1
DA:108,1
DA:112,1
DA:113,0
DA:122,1
DA:123,1
DA:124,1
DA:125,1
DA:127,1
DA:128,1
DA:129,1
DA:130,1
DA:131,1
DA:133,3
DA:134,2
DA:135,1
DA:136,0
DA:137,0
DA:138,0
DA:139,0
DA:140,0
DA:144,1
DA:145,2
DA:146,2
DA:148,1
DA:149,2
DA:150,2
DA:152,1
DA:153,2
DA:154,2
DA:157,1
DA:158,3
DA:160,0
DA:162,2
DA:164,1
DA:166,3
DA:171,1
DA:172,1
DA:173,1
DA:175,1
DA:176,1
DA:178,2
DA:180,1
DA:182,1
DA:184,2
DA:186,1
DA:188,1
DA:190,2
DA:192,1
DA:197,1
DA:198,1
DA:200,1
DA:201,1
DA:204,1
DA:205,2
DA:207,1
DA:210,1
DA:211,2
DA:215,1
DA:216,1
DA:217,1
DA:218,1
DA:220,1
DA:223,1
DA:224,4
DA:226,0
DA:230,0
DA:231,0
DA:233,0
DA:234,0
DA:235,0
DA:236,0
DA:241,1
DA:242,1
DA:244,2
DA:245,2
DA:246,1
DA:247,1
DA:252,1
DA:253,1
DA:254,1
DA:255,2
DA:256,4
DA:257,2
DA:258,1
DA:259,1
DA:260,3
DA:262,1
DA:263,1
DA:264,0
DA:265,4
DA:267,1
DA:268,1
DA:269,2
DA:270,1
DA:272,4
DA:273,8
DA:280,1
DA:281,2
DA:283,1
DA:285,0
DA:289,1
DA:291,1
DA:294,1
DA:297,3
DA:298,1
DA:299,1
DA:301,9
DA:303,4
DA:306,1
DA:308,0
DA:309,0
DA:310,0
DA:311,0
DA:312,0
DA:314,0
DA:320,0
DA:321,0
LF:170
LH:131
end_of_record
SF:lib\providers\grupo_provider.dart
DA:13,2
DA:14,2
DA:25,1
DA:26,1
DA:27,2
DA:28,0
DA:29,0
DA:40,7
DA:41,7
DA:44,0
DA:45,3
DA:46,3
DA:50,0
DA:55,2
DA:56,2
DA:57,2
DA:60,4
DA:61,4
DA:62,1
DA:65,2
DA:66,4
DA:68,0
DA:69,0
DA:74,0
DA:75,0
DA:76,0
DA:77,0
DA:80,0
DA:81,0
DA:82,0
DA:86,0
DA:87,0
DA:89,0
DA:90,0
DA:95,0
DA:96,0
DA:99,0
DA:101,0
DA:102,0
DA:104,0
DA:107,0
DA:108,0
DA:113,0
DA:114,0
DA:117,0
DA:120,0
DA:121,0
DA:124,0
DA:128,0
DA:129,0
DA:135,0
DA:136,0
DA:139,0
DA:142,0
DA:143,0
DA:144,0
DA:148,0
DA:149,0
DA:152,0
DA:155,0
DA:159,0
DA:160,0
DA:166,0
DA:170,0
DA:174,0
DA:178,0
DA:179,0
DA:185,0
DA:186,0
DA:187,0
DA:191,0
DA:192,0
DA:193,0
DA:197,0
DA:198,0
DA:199,0
DA:200,0
DA:202,0
DA:206,0
DA:207,0
DA:208,0
DA:210,0
DA:215,0
DA:216,0
DA:218,0
DA:219,0
DA:220,0
DA:221,0
DA:222,0
DA:223,0
DA:227,0
DA:228,0
DA:229,0
DA:233,0
DA:234,0
DA:235,0
DA:239,0
DA:241,0
DA:243,0
DA:244,0
DA:245,0
DA:247,0
DA:252,0
DA:253,0
DA:255,0
DA:256,0
DA:257,0
DA:259,0
DA:264,0
DA:265,0
DA:267,0
DA:268,0
DA:270,0
DA:275,1
DA:276,1
DA:277,1
DA:278,1
DA:279,1
DA:284,0
DA:285,0
DA:289,0
DA:290,0
DA:291,0
DA:294,0
DA:298,0
DA:302,0
DA:304,0
DA:310,0
DA:312,0
DA:318,2
DA:320,2
DA:323,0
DA:325,0
DA:326,0
DA:327,0
DA:335,0
DA:338,0
DA:340,0
DA:344,0
DA:346,0
DA:349,0
DA:351,0
DA:358,0
DA:360,0
DA:362,0
DA:364,0
DA:365,0
DA:369,0
DA:371,0
DA:373,0
DA:375,0
DA:376,0
DA:381,0
DA:383,0
DA:386,0
DA:390,0
DA:391,0
DA:392,0
DA:398,0
DA:400,0
DA:403,0
DA:407,0
DA:408,0
DA:409,0
DA:415,0
DA:417,0
LF:166
LH:24
end_of_record
SF:lib\providers\periodo_academico_provider.dart
DA:13,2
DA:14,2
DA:23,0
DA:24,0
DA:30,0
DA:31,0
DA:34,0
DA:35,0
DA:36,0
DA:39,0
DA:44,0
DA:45,0
DA:48,0
DA:49,0
DA:50,0
DA:52,0
DA:53,0
DA:58,0
DA:59,0
DA:62,0
DA:63,0
DA:65,0
DA:66,0
DA:67,0
DA:68,0
DA:70,0
DA:73,0
DA:74,0
DA:79,0
DA:80,0
DA:83,0
DA:85,0
DA:86,0
DA:88,0
DA:91,0
DA:92,0
DA:97,0
DA:98,0
DA:101,0
DA:104,0
DA:105,0
DA:108,0
DA:112,0
DA:113,0
DA:119,0
DA:120,0
DA:123,0
DA:126,0
DA:127,0
DA:128,0
DA:132,0
DA:133,0
DA:136,0
DA:139,0
DA:143,0
DA:144,0
DA:150,0
DA:152,0
DA:155,0
DA:158,0
DA:159,0
DA:163,0
DA:164,0
DA:170,0
DA:172,0
DA:176,0
DA:177,0
DA:178,0
DA:182,0
DA:183,0
DA:186,0
DA:189,0
DA:193,0
DA:194,0
DA:200,0
DA:201,0
DA:202,0
DA:206,0
DA:207,0
DA:208,0
DA:212,0
DA:213,0
DA:214,0
DA:216,0
DA:220,0
DA:221,0
DA:225,0
DA:226,0
DA:228,0
DA:229,0
DA:230,0
DA:231,0
DA:235,0
DA:236,0
DA:237,0
DA:241,0
DA:243,0
DA:245,0
DA:246,0
DA:250,0
DA:251,0
DA:253,0
DA:254,0
DA:258,0
DA:259,0
DA:261,0
DA:264,0
DA:266,0
DA:268,0
DA:271,0
DA:273,0
DA:277,0
DA:279,0
DA:282,0
DA:284,0
DA:289,0
DA:290,0
DA:291,0
DA:292,0
DA:293,0
LF:120
LH:2
end_of_record
SF:lib\services\academic\grupo_service.dart
DA:12,0
DA:22,0
DA:32,0
DA:34,0
DA:35,0
DA:36,0
DA:37,0
DA:38,0
DA:39,0
DA:41,0
DA:43,0
DA:45,0
DA:47,0
DA:49,0
DA:51,0
DA:52,0
DA:56,0
DA:58,0
DA:59,0
DA:60,0
DA:61,0
DA:62,0
DA:63,0
DA:64,0
DA:65,0
DA:68,0
DA:72,0
DA:73,0
DA:80,0
DA:82,0
DA:83,0
DA:84,0
DA:85,0
DA:87,0
DA:89,0
DA:91,0
DA:92,0
DA:96,0
DA:98,0
DA:99,0
DA:100,0
DA:101,0
DA:104,0
DA:108,0
DA:109,0
DA:116,0
DA:118,0
DA:119,0
DA:120,0
DA:121,0
DA:123,0
DA:125,0
DA:126,0
DA:128,0
DA:129,0
DA:133,0
DA:135,0
DA:136,0
DA:137,0
DA:138,0
DA:141,0
DA:145,0
DA:146,0
DA:153,0
DA:155,0
DA:156,0
DA:157,0
DA:158,0
DA:160,0
DA:162,0
DA:163,0
DA:165,0
DA:166,0
DA:170,0
DA:172,0
DA:173,0
DA:174,0
DA:175,0
DA:178,0
DA:182,0
DA:183,0
DA:190,0
DA:192,0
DA:193,0
DA:194,0
DA:195,0
DA:196,0
DA:198,0
DA:200,0
DA:201,0
DA:205,0
DA:207,0
DA:208,0
DA:209,0
DA:211,0
DA:215,0
DA:216,0
DA:224,0
DA:226,0
DA:227,0
DA:228,0
DA:229,0
DA:231,0
DA:233,0
DA:235,0
DA:237,0
DA:239,0
DA:241,0
DA:242,0
DA:246,0
DA:248,0
DA:249,0
DA:250,0
DA:251,0
DA:255,0
DA:256,0
DA:258,0
DA:259,0
DA:260,0
DA:262,0
DA:263,0
DA:264,0
DA:265,0
DA:268,0
DA:272,0
DA:273,0
DA:280,0
DA:282,0
DA:283,0
DA:284,0
DA:285,0
DA:287,0
DA:289,0
DA:291,0
DA:293,0
DA:295,0
DA:297,0
DA:298,0
DA:302,0
DA:304,0
DA:305,0
DA:306,0
DA:307,0
DA:308,0
DA:309,0
DA:310,0
DA:311,0
DA:312,0
DA:314,0
DA:315,0
DA:316,0
DA:317,0
DA:320,0
DA:324,0
DA:325,0
DA:332,0
DA:334,0
DA:335,0
DA:336,0
DA:337,0
DA:339,0
DA:341,0
DA:342,0
DA:344,0
DA:345,0
DA:349,0
DA:351,0
DA:352,0
DA:353,0
DA:355,0
DA:359,0
DA:360,0
DA:366,0
DA:368,0
DA:369,0
DA:370,0
DA:371,0
DA:373,0
DA:375,0
DA:376,0
DA:378,0
DA:379,0
DA:383,0
DA:385,0
DA:386,0
DA:387,0
DA:389,0
DA:393,0
DA:394,0
DA:408,0
DA:415,0
DA:416,0
DA:417,0
DA:418,0
DA:419,0
DA:420,0
DA:430,1
DA:436,0
DA:437,0
DA:438,0
DA:439,0
DA:440,0
LF:202
LH:1
end_of_record
SF:lib\services\academic\periodo_service.dart
DA:12,0
DA:22,0
DA:24,0
DA:25,0
DA:26,0
DA:27,0
DA:29,0
DA:31,0
DA:33,0
DA:35,0
DA:37,0
DA:39,0
DA:40,0
DA:44,0
DA:46,0
DA:47,0
DA:48,0
DA:49,0
DA:50,0
DA:51,0
DA:52,0
DA:53,0
DA:56,0
DA:60,0
DA:61,0
DA:68,0
DA:70,0
DA:71,0
DA:72,0
DA:73,0
DA:75,0
DA:77,0
DA:79,0
DA:80,0
DA:84,0
DA:86,0
DA:87,0
DA:88,0
DA:89,0
DA:90,0
DA:91,0
DA:94,0
DA:98,0
DA:99,0
DA:106,0
DA:108,0
DA:109,0
DA:110,0
DA:111,0
DA:113,0
DA:115,0
DA:117,0
DA:118,0
DA:122,0
DA:124,0
DA:125,0
DA:126,0
DA:127,0
DA:130,0
DA:134,0
DA:135,0
DA:142,0
DA:144,0
DA:145,0
DA:146,0
DA:147,0
DA:149,0
DA:151,0
DA:152,0
DA:154,0
DA:155,0
DA:159,0
DA:161,0
DA:162,0
DA:163,0
DA:164,0
DA:167,0
DA:171,0
DA:172,0
DA:179,0
DA:181,0
DA:182,0
DA:183,0
DA:184,0
DA:186,0
DA:188,0
DA:189,0
DA:191,0
DA:192,0
DA:196,0
DA:198,0
DA:199,0
DA:200,0
DA:201,0
DA:204,0
DA:208,0
DA:209,0
DA:216,0
DA:218,0
DA:219,0
DA:220,0
DA:221,0
DA:222,0
DA:224,0
DA:226,0
DA:227,0
DA:231,0
DA:233,0
DA:234,0
DA:235,0
DA:237,0
DA:241,0
DA:242,0
DA:248,0
DA:250,0
DA:251,0
DA:252,0
DA:253,0
DA:255,0
DA:257,0
DA:259,0
DA:260,0
DA:264,0
DA:266,0
DA:267,0
DA:268,0
DA:269,0
DA:272,0
DA:276,0
DA:277,0
DA:291,0
DA:297,0
DA:298,0
DA:299,0
DA:300,0
DA:301,0
DA:311,0
DA:317,0
DA:318,0
DA:319,0
DA:320,0
DA:321,0
LF:142
LH:0
end_of_record
SF:lib\screens\academic\grupo_dialogs.dart
DA:11,2
DA:13,0
DA:14,0
DA:26,0
DA:28,0
DA:30,0
DA:31,0
DA:32,0
DA:34,0
DA:35,0
DA:37,0
DA:43,0
DA:45,0
DA:46,0
DA:47,0
DA:48,0
DA:51,0
DA:53,0
DA:54,0
DA:55,0
DA:57,0
DA:58,0
DA:59,0
DA:61,0
DA:62,0
DA:63,0
DA:65,0
DA:67,0
DA:68,0
DA:69,0
DA:70,0
DA:73,0
DA:75,0
DA:76,0
DA:77,0
DA:80,0
DA:81,0
DA:84,0
DA:85,0
DA:91,0
DA:94,0
DA:95,0
DA:96,0
DA:99,0
DA:100,0
DA:103,0
DA:104,0
DA:110,0
DA:113,0
DA:114,0
DA:115,0
DA:118,0
DA:119,0
DA:123,0
DA:126,0
DA:127,0
DA:128,0
DA:130,0
DA:131,0
DA:134,0
DA:135,0
DA:136,0
DA:137,0
DA:139,0
DA:140,0
DA:141,0
DA:142,0
DA:145,0
DA:146,0
DA:156,0
DA:157,0
DA:158,0
DA:159,0
DA:161,0
DA:164,0
DA:165,0
DA:166,0
DA:167,0
DA:168,0
DA:170,0
DA:171,0
DA:174,0
DA:176,0
DA:187,0
DA:188,0
DA:190,0
DA:191,0
DA:193,0
DA:195,0
DA:201,0
DA:204,0
DA:205,0
DA:206,0
DA:207,0
DA:208,0
DA:211,0
DA:213,0
DA:215,0
DA:216,0
DA:217,0
DA:219,0
DA:223,0
DA:224,0
DA:225,0
DA:226,0
DA:232,0
DA:233,0
DA:234,0
DA:235,0
DA:236,0
DA:241,0
DA:242,0
DA:251,1
DA:253,1
DA:254,1
DA:265,1
DA:267,1
DA:268,5
DA:269,5
DA:270,5
DA:273,1
DA:275,2
DA:276,2
DA:277,2
DA:278,1
DA:281,1
DA:283,1
DA:284,1
DA:285,1
DA:287,1
DA:288,1
DA:289,1
DA:291,1
DA:293,1
DA:294,1
DA:295,1
DA:296,1
DA:299,1
DA:301,1
DA:302,1
DA:303,1
DA:306,1
DA:307,2
DA:310,1
DA:311,2
DA:317,2
DA:320,1
DA:321,1
DA:322,1
DA:325,1
DA:326,2
DA:329,1
DA:330,2
DA:336,2
DA:339,1
DA:340,1
DA:341,1
DA:344,1
DA:345,2
DA:349,2
DA:352,1
DA:353,2
DA:354,1
DA:355,1
DA:356,2
DA:357,2
DA:359,1
DA:361,1
DA:362,1
DA:364,2
DA:365,1
DA:369,1
DA:370,4
DA:371,1
DA:380,1
DA:381,1
DA:382,1
DA:383,1
DA:385,3
DA:388,1
DA:389,2
DA:390,1
DA:391,1
DA:392,1
DA:394,1
DA:395,0
DA:398,0
DA:400,0
DA:409,1
DA:410,3
DA:412,2
DA:413,2
DA:415,1
DA:417,0
DA:423,3
DA:426,1
DA:427,3
DA:428,3
DA:429,7
DA:432,4
DA:434,1
DA:436,3
DA:437,3
DA:438,1
DA:440,3
DA:444,0
DA:445,0
DA:446,0
DA:447,0
DA:453,0
DA:454,0
DA:455,0
DA:456,0
DA:457,0
DA:462,1
DA:463,3
LF:216
LH:92
end_of_record
SF:lib\screens\institutions\institution_admins_screen.dart
DA:19,1
DA:21,1
DA:22,1
DA:28,1
DA:30,1
DA:31,3
DA:32,1
DA:36,1
DA:37,1
DA:38,1
DA:39,4
DA:40,0
DA:45,1
DA:47,1
DA:48,1
DA:50,1
DA:51,1
DA:52,1
DA:53,2
DA:54,0
DA:55,0
DA:56,0
DA:66,0
DA:67,0
DA:69,1
DA:70,1
DA:71,1
DA:72,1
DA:73,1
DA:74,2
DA:75,1
DA:77,4
DA:88,1
DA:89,2
DA:90,2
DA:91,1
DA:93,4
DA:97,0
DA:98,0
DA:99,0
DA:100,0
DA:102,0
DA:103,0
DA:104,0
DA:106,0
DA:107,0
DA:108,0
DA:109,0
DA:114,0
DA:116,0
DA:118,0
DA:119,0
DA:120,0
DA:121,0
DA:126,1
DA:127,1
DA:128,1
DA:130,1
DA:131,1
DA:132,1
DA:133,4
DA:134,1
DA:135,1
DA:136,1
DA:137,2
DA:139,0
DA:140,0
DA:141,0
DA:142,0
DA:144,0
DA:151,1
DA:152,2
DA:154,1
DA:155,2
DA:156,1
DA:166,0
DA:167,0
DA:168,0
DA:169,0
DA:171,0
DA:172,0
DA:173,0
DA:174,0
DA:175,0
DA:176,0
DA:177,0
DA:178,0
DA:181,0
DA:182,0
DA:183,0
DA:184,0
DA:185,0
DA:190,0
DA:192,0
DA:193,0
DA:194,0
DA:195,0
DA:196,0
DA:197,0
DA:198,0
DA:199,0
DA:200,0
DA:206,0
DA:207,0
DA:208,0
DA:209,0
DA:210,0
DA:211,0
DA:212,0
DA:213,0
DA:214,0
DA:215,0
DA:216,0
DA:224,0
DA:226,0
DA:227,0
DA:230,0
DA:231,0
DA:233,0
DA:234,0
DA:237,0
DA:238,0
DA:245,0
DA:246,0
DA:249,0
DA:251,0
DA:262,0
DA:264,0
DA:265,0
DA:273,0
DA:275,0
DA:276,0
DA:277,0
DA:280,0
DA:282,0
DA:284,0
DA:285,0
DA:288,0
DA:289,0
DA:291,0
DA:293,0
DA:294,0
DA:297,0
DA:298,0
DA:299,0
DA:303,0
DA:306,0
DA:310,0
DA:312,0
DA:314,0
DA:315,0
DA:316,0
DA:317,0
DA:320,0
DA:321,0
DA:322,0
DA:325,0
DA:326,0
DA:327,0
DA:331,0
DA:332,0
DA:333,0
DA:336,0
DA:337,0
DA:338,0
DA:352,1
DA:354,1
DA:355,1
DA:367,1
DA:369,1
DA:370,3
DA:371,3
DA:373,3
DA:374,1
DA:378,1
DA:380,3
DA:381,1
DA:382,3
DA:383,2
DA:384,2
DA:385,1
DA:388,0
DA:389,0
DA:390,0
DA:391,0
DA:392,0
DA:394,0
DA:395,0
DA:397,0
DA:403,1
DA:404,3
DA:406,2
DA:409,4
DA:411,0
DA:412,0
DA:413,0
DA:414,0
DA:426,0
DA:427,0
DA:428,0
DA:432,0
DA:433,0
DA:435,0
DA:436,0
DA:438,0
DA:439,0
DA:440,0
DA:443,0
DA:444,0
DA:446,0
DA:447,0
DA:449,0
DA:451,0
DA:454,0
DA:456,0
DA:457,0
DA:460,0
DA:461,0
DA:462,0
DA:464,0
DA:465,0
DA:467,0
DA:470,0
DA:471,0
DA:472,0
DA:473,0
DA:477,0
DA:481,1
DA:483,1
DA:485,1
DA:488,1
DA:489,1
DA:491,1
DA:493,1
DA:494,1
DA:495,1
DA:498,3
DA:499,0
DA:501,0
DA:502,0
DA:503,0
DA:508,1
DA:509,1
DA:510,3
DA:512,1
DA:513,1
DA:514,4
DA:516,1
DA:517,1
DA:518,3
DA:521,5
DA:529,1
DA:530,1
DA:531,1
DA:532,1
DA:535,3
DA:536,1
DA:537,1
DA:539,1
DA:540,3
DA:542,6
DA:547,0
DA:548,0
DA:549,0
DA:552,0
DA:553,0
DA:555,0
DA:556,0
DA:568,0
DA:569,0
DA:571,0
DA:575,0
DA:576,0
DA:578,0
DA:579,0
DA:580,0
DA:581,0
DA:584,0
DA:586,0
DA:590,0
DA:591,0
DA:594,0
DA:596,0
DA:597,0
DA:607,0
DA:608,0
DA:609,0
DA:610,0
DA:617,0
DA:619,0
DA:620,0
DA:621,0
DA:622,0
DA:636,0
DA:638,0
DA:639,0
DA:640,0
DA:642,0
DA:643,0
DA:646,0
DA:670,1
DA:671,1
DA:672,0
LF:303
LH:99
end_of_record
SF:lib\providers\institution_admins_paginated_provider.dart
DA:10,1
DA:11,1
DA:14,0
DA:16,0
DA:17,0
DA:23,0
DA:28,0
DA:31,0
DA:34,0
DA:36,0
DA:45,0
DA:48,0
DA:53,0
DA:58,0
LF:14
LH:2
end_of_record
SF:lib\screens\academic\horarios_screen.dart
DA:47,1
DA:49,1
DA:50,1
DA:57,1
DA:59,1
DA:60,3
DA:61,1
DA:65,1
DA:66,2
DA:67,1
DA:70,2
DA:71,2
DA:72,2
DA:73,2
DA:76,1
DA:78,2
DA:79,2
DA:80,1
DA:81,3
DA:82,2
DA:84,0
DA:87,1
DA:88,2
DA:89,5
DA:90,3
DA:93,1
DA:95,1
DA:97,0
DA:99,2
DA:102,0
DA:103,0
DA:104,0
DA:105,0
DA:106,0
DA:112,1
DA:114,1
DA:115,1
DA:116,1
DA:117,1
DA:118,1
DA:121,1
DA:122,1
DA:123,1
DA:124,1
DA:125,2
DA:130,1
DA:131,1
DA:133,1
DA:134,0
DA:135,0
DA:136,0
DA:139,0
DA:140,0
DA:144,1
DA:146,1
DA:147,1
DA:151,1
DA:152,1
DA:153,1
DA:154,0
DA:159,3
DA:170,1
DA:172,2
DA:173,1
DA:176,2
DA:179,1
DA:185,1
DA:191,1
DA:193,1
DA:194,1
DA:195,1
DA:196,1
DA:197,2
DA:198,4
DA:201,1
DA:203,2
DA:205,2
DA:206,4
DA:213,2
DA:214,0
DA:215,0
DA:216,0
DA:219,0
DA:220,0
DA:221,0
DA:225,1
DA:229,1
DA:230,1
DA:231,8
DA:233,2
DA:235,2
DA:236,4
DA:243,2
DA:244,0
DA:245,0
DA:246,0
DA:249,0
DA:250,0
DA:251,0
DA:255,1
DA:258,1
DA:262,1
DA:263,1
DA:265,1
DA:268,1
DA:271,3
DA:273,5
DA:274,1
DA:275,1
DA:276,2
DA:278,2
DA:281,1
DA:282,0
DA:285,1
DA:287,1
DA:291,1
DA:292,1
DA:302,1
DA:303,1
DA:304,1
DA:305,8
DA:308,1
DA:309,2
DA:311,4
DA:314,1
DA:317,0
DA:318,0
DA:320,0
DA:321,0
DA:322,0
DA:325,0
DA:329,0
DA:331,0
DA:334,0
DA:336,0
DA:337,0
DA:338,0
DA:342,0
DA:343,0
DA:346,0
DA:347,0
DA:349,0
DA:352,0
DA:356,1
DA:357,2
DA:358,2
DA:359,1
DA:363,1
DA:364,3
DA:366,0
DA:369,0
DA:370,0
DA:371,0
DA:372,0
DA:373,0
DA:379,1
DA:380,1
DA:382,1
DA:383,1
DA:384,2
DA:385,1
DA:391,0
DA:392,0
DA:396,0
DA:397,0
DA:398,0
DA:399,0
DA:402,0
DA:403,0
LF:169
LH:111
end_of_record
SF:lib\providers\horario_provider.dart
DA:16,1
DA:17,1
DA:34,0
DA:35,0
DA:36,0
DA:37,0
DA:38,0
DA:39,0
DA:40,0
DA:47,0
DA:52,1
DA:53,2
DA:54,0
DA:58,0
DA:59,0
DA:60,0
DA:63,0
DA:68,0
DA:69,0
DA:70,0
DA:73,0
DA:74,0
DA:75,0
DA:76,0
DA:78,0
DA:79,0
DA:81,0
DA:82,0
DA:83,0
DA:86,0
DA:87,0
DA:91,0
DA:93,0
DA:94,0
DA:96,0
DA:98,0
DA:101,0
DA:103,0
DA:107,0
DA:109,0
DA:112,0
DA:114,0
DA:119,0
DA:120,0
DA:121,0
DA:124,0
DA:125,0
DA:127,0
DA:128,0
DA:129,0
DA:132,0
DA:133,0
DA:135,0
DA:138,0
DA:139,0
DA:145,0
DA:150,0
DA:151,0
DA:152,0
DA:155,0
DA:158,0
DA:159,0
DA:170,0
DA:171,0
DA:176,0
DA:177,0
DA:178,0
DA:179,0
DA:181,0
DA:183,0
DA:185,0
DA:188,0
DA:189,0
DA:194,0
DA:195,0
DA:198,0
DA:200,0
DA:201,0
DA:203,0
DA:206,0
DA:207,0
DA:212,0
DA:213,0
DA:216,0
DA:219,0
DA:220,0
DA:225,0
DA:226,0
DA:229,0
DA:233,0
DA:234,0
DA:237,0
DA:238,0
DA:239,0
DA:241,0
DA:248,0
DA:249,0
DA:252,0
DA:255,0
DA:256,0
DA:257,0
DA:261,0
DA:262,0
DA:265,0
DA:268,0
DA:272,0
DA:273,0
DA:276,0
DA:277,0
DA:278,0
DA:280,0
DA:287,0
DA:291,0
DA:295,0
DA:299,0
DA:300,0
DA:306,0
DA:307,0
DA:310,0
DA:311,0
DA:313,0
DA:314,0
DA:315,0
DA:317,0
DA:320,0
DA:321,0
DA:326,0
DA:327,0
DA:330,0
DA:331,0
DA:333,0
DA:334,0
DA:335,0
DA:337,0
DA:340,0
DA:341,0
DA:346,0
DA:347,0
DA:350,0
DA:351,0
DA:353,0
DA:354,0
DA:355,0
DA:357,0
DA:360,0
DA:361,0
DA:366,0
DA:367,0
DA:368,0
DA:372,0
DA:373,0
DA:374,0
DA:378,0
DA:379,0
DA:380,0
DA:381,0
DA:382,0
DA:383,0
DA:384,0
DA:386,0
DA:390,0
DA:391,0
DA:392,0
DA:394,0
DA:399,0
DA:400,0
DA:402,0
DA:403,0
DA:404,0
DA:405,0
DA:406,0
DA:407,0
DA:411,0
DA:412,0
DA:416,0
DA:417,0
DA:421,0
DA:422,0
DA:423,0
DA:427,0
DA:429,0
DA:431,0
DA:432,0
DA:433,0
DA:435,0
DA:440,0
DA:441,0
DA:443,0
DA:444,0
DA:448,0
DA:449,0
DA:451,0
DA:455,0
DA:456,0
DA:457,0
DA:458,0
DA:459,0
DA:460,0
DA:465,0
DA:466,0
DA:470,0
DA:473,0
DA:476,0
DA:480,0
DA:482,0
DA:487,1
DA:496,1
DA:497,1
DA:500,1
DA:501,0
DA:502,0
DA:503,0
DA:506,0
DA:507,0
DA:513,2
DA:517,1
DA:518,1
DA:519,2
DA:520,2
DA:521,2
LF:220
LH:14
end_of_record
SF:lib\providers\materia_provider.dart
DA:13,2
DA:14,2
DA:22,0
DA:23,0
DA:27,0
DA:29,0
DA:33,0
DA:35,0
DA:37,0
DA:40,0
DA:42,0
DA:46,0
DA:48,0
DA:51,0
DA:53,0
DA:57,0
DA:58,0
DA:59,0
DA:61,0
DA:62,0
DA:64,0
DA:68,0
DA:69,0
DA:71,0
DA:73,0
DA:74,0
DA:76,0
DA:79,0
DA:83,0
DA:84,0
DA:86,0
DA:88,0
DA:91,0
DA:94,0
DA:99,0
DA:100,0
DA:102,0
DA:105,0
DA:106,0
DA:107,0
DA:110,0
DA:113,0
DA:118,0
DA:120,0
DA:122,0
DA:126,0
DA:131,0
DA:132,0
DA:133,0
DA:136,0
DA:137,0
DA:138,0
DA:141,0
DA:142,0
DA:143,0
DA:144,0
DA:147,0
DA:148,0
DA:151,0
DA:152,0
DA:153,0
DA:154,0
DA:155,0
DA:156,0
DA:159,0
DA:161,0
DA:164,0
DA:165,0
DA:166,0
DA:167,0
DA:170,0
DA:171,0
DA:172,0
DA:175,1
DA:176,1
DA:177,1
DA:178,3
DA:179,3
DA:183,0
DA:184,0
DA:185,0
DA:188,0
DA:190,0
DA:191,0
DA:193,0
LF:85
LH:7
end_of_record
SF:lib\models\conflict_error.dart
DA:10,1
DA:18,0
DA:21,0
DA:22,0
DA:23,0
DA:24,0
DA:25,0
DA:28,0
DA:30,0
DA:31,0
DA:32,0
DA:33,0
DA:41,0
DA:53,0
DA:62,0
DA:63,0
DA:64,0
DA:66,0
DA:70,0
DA:73,0
DA:76,0
DA:77,0
DA:78,0
DA:80,0
DA:83,0
DA:88,0
DA:89,0
DA:90,0
DA:91,0
DA:97,0
DA:98,0
DA:105,0
DA:114,0
DA:116,0
LF:34
LH:1
end_of_record
SF:lib\services\academic\horario_service.dart
DA:13,0
DA:23,0
DA:25,0
DA:26,0
DA:27,0
DA:28,0
DA:29,0
DA:30,0
DA:32,0
DA:34,0
DA:36,0
DA:38,0
DA:40,0
DA:42,0
DA:43,0
DA:47,0
DA:49,0
DA:50,0
DA:51,0
DA:52,0
DA:53,0
DA:54,0
DA:55,0
DA:56,0
DA:59,0
DA:63,0
DA:64,0
DA:71,0
DA:73,0
DA:74,0
DA:76,0
DA:78,0
DA:80,0
DA:82,0
DA:84,0
DA:85,0
DA:89,0
DA:91,0
DA:92,0
DA:93,0
DA:94,0
DA:96,0
DA:97,0
DA:99,0
DA:100,0
DA:102,0
DA:103,0
DA:104,0
DA:105,0
DA:106,0
DA:107,0
DA:109,0
DA:110,0
DA:111,0
DA:113,0
DA:114,0
DA:115,0
DA:118,0
DA:121,0
DA:125,0
DA:129,0
DA:133,0
DA:134,0
DA:140,0
DA:142,0
DA:143,0
DA:144,0
DA:145,0
DA:147,0
DA:149,0
DA:151,0
DA:152,0
DA:156,0
DA:158,0
DA:159,0
DA:160,0
DA:161,0
DA:164,0
DA:168,0
DA:169,0
DA:176,0
DA:178,0
DA:179,0
DA:180,0
DA:181,0
DA:183,0
DA:185,0
DA:186,0
DA:188,0
DA:189,0
DA:193,0
DA:195,0
DA:196,0
DA:197,0
DA:200,0
DA:201,0
DA:202,0
DA:203,0
DA:204,0
DA:205,0
DA:206,0
DA:208,0
DA:210,0
DA:212,0
DA:213,0
DA:219,0
DA:221,0
DA:222,0
DA:227,0
DA:231,0
DA:232,0
DA:239,0
DA:241,0
DA:242,0
DA:243,0
DA:244,0
DA:246,0
DA:248,0
DA:249,0
DA:251,0
DA:252,0
DA:256,0
DA:258,0
DA:259,0
DA:260,0
DA:262,0
DA:263,0
DA:264,0
DA:265,0
DA:266,0
DA:267,0
DA:268,0
DA:270,0
DA:272,0
DA:274,0
DA:275,0
DA:280,0
DA:282,0
DA:283,0
DA:289,0
DA:290,0
DA:295,0
DA:296,0
DA:297,0
DA:298,0
DA:299,0
DA:301,0
DA:304,0
DA:305,0
DA:312,0
DA:314,0
DA:315,0
DA:316,0
DA:317,0
DA:318,0
DA:320,0
DA:322,0
DA:323,0
DA:327,0
DA:329,0
DA:330,0
DA:331,0
DA:333,0
DA:337,0
DA:338,0
DA:344,0
DA:346,0
DA:347,0
DA:348,0
DA:349,0
DA:351,0
DA:353,0
DA:355,0
DA:356,0
DA:360,0
DA:362,0
DA:363,0
DA:364,0
DA:365,0
DA:366,0
DA:367,0
DA:370,0
DA:374,0
DA:375,0
DA:382,0
DA:384,0
DA:385,0
DA:386,0
DA:387,0
DA:389,0
DA:391,0
DA:393,0
DA:394,0
DA:398,0
DA:400,0
DA:401,0
DA:402,0
DA:403,0
DA:404,0
DA:405,0
DA:408,0
DA:412,0
DA:413,0
DA:420,0
DA:422,0
DA:423,0
DA:424,0
DA:425,0
DA:427,0
DA:429,0
DA:431,0
DA:432,0
DA:436,0
DA:438,0
DA:439,0
DA:440,0
DA:441,0
DA:442,0
DA:443,0
DA:446,0
DA:450,0
DA:451,0
DA:470,0
DA:481,0
DA:482,0
DA:483,0
DA:484,0
DA:485,0
DA:486,0
DA:487,0
DA:488,0
DA:489,0
DA:490,0
DA:501,1
DA:508,0
DA:509,0
DA:510,0
DA:511,0
DA:512,0
DA:513,0
LF:240
LH:1
end_of_record
SF:lib\widgets\horarios\edit_class_dialog.dart
DA:16,1
DA:18,1
DA:19,1
DA:27,1
DA:29,1
DA:30,4
DA:31,4
DA:34,1
DA:36,1
DA:37,1
DA:38,1
DA:40,1
DA:41,2
DA:42,1
DA:43,1
DA:46,1
DA:47,1
DA:49,1
DA:50,1
DA:51,2
DA:52,1
DA:53,1
DA:54,2
DA:55,2
DA:57,1
DA:58,1
DA:59,1
DA:60,5
DA:61,2
DA:63,6
DA:64,7
DA:65,7
DA:69,2
DA:70,1
DA:72,1
DA:74,4
DA:75,4
DA:76,1
DA:77,2
DA:78,4
DA:80,2
DA:81,1
DA:82,1
DA:84,1
DA:85,0
DA:86,0
DA:87,0
DA:91,1
DA:95,1
DA:97,3
DA:98,1
DA:100,4
DA:104,0
DA:108,2
DA:109,1
DA:111,1
DA:112,1
DA:113,2
DA:123,1
DA:124,1
DA:125,1
DA:127,1
DA:128,1
DA:129,3
DA:130,3
DA:134,1
DA:135,1
DA:136,2
DA:137,1
DA:138,3
DA:139,4
DA:144,1
DA:145,3
DA:146,2
DA:147,2
DA:150,2
DA:151,2
DA:152,1
DA:155,1
DA:157,3
DA:158,1
DA:159,1
DA:160,3
DA:161,3
DA:162,1
DA:167,1
DA:171,0
DA:176,1
DA:177,1
DA:178,1
DA:179,2
DA:182,1
DA:183,1
DA:184,1
DA:185,3
DA:186,1
DA:194,1
DA:195,2
DA:196,2
DA:199,2
DA:200,2
DA:201,1
DA:204,4
DA:205,1
DA:207,1
DA:210,0
DA:213,0
LF:107
LH:100
end_of_record
SF:lib\models\clase_del_dia.dart
DA:16,0
DA:27,0
DA:29,0
DA:31,0
DA:33,0
DA:36,0
DA:38,0
DA:49,0
DA:56,0
DA:58,0
DA:60,0
DA:69,0
DA:75,0
DA:77,0
DA:79,0
DA:88,0
DA:94,0
DA:96,0
DA:104,0
DA:109,0
DA:111,0
LF:21
LH:0
end_of_record
SF:lib\models\clase_del_dia.g.dart
DA:9,0
DA:10,0
DA:11,0
DA:12,0
DA:13,0
DA:14,0
DA:15,0
DA:16,0
DA:17,0
DA:19,0
DA:22,0
DA:23,0
DA:24,0
DA:25,0
DA:26,0
DA:27,0
DA:28,0
DA:29,0
DA:30,0
DA:31,0
DA:34,0
DA:35,0
DA:36,0
DA:37,0
DA:38,0
DA:41,0
DA:42,0
DA:43,0
DA:44,0
DA:45,0
DA:46,0
DA:49,0
DA:50,0
DA:51,0
DA:52,0
DA:53,0
DA:56,0
DA:57,0
DA:58,0
DA:59,0
DA:60,0
DA:63,0
DA:65,0
DA:66,0
DA:67,0
DA:68,0
DA:71,0
DA:73,0
DA:74,0
DA:75,0
DA:76,0
DA:79,0
DA:80,0
DA:81,0
DA:84,0
DA:85,0
DA:86,0
DA:87,0
LF:58
LH:0
end_of_record
SF:lib\widgets\horarios\create_class_dialog.dart
DA:21,1
DA:28,1
DA:29,1
DA:38,1
DA:40,1
DA:41,4
DA:44,1
DA:46,1
DA:47,1
DA:49,1
DA:50,2
DA:51,1
DA:52,1
DA:55,1
DA:56,1
DA:57,2
DA:58,1
DA:59,2
DA:60,2
DA:61,3
DA:63,1
DA:64,1
DA:65,1
DA:66,4
DA:67,2
DA:69,6
DA:70,6
DA:74,2
DA:75,1
DA:77,1
DA:82,3
DA:83,4
DA:84,1
DA:85,1
DA:86,1
DA:91,1
DA:92,3
DA:95,2
DA:96,1
DA:97,1
DA:98,1
DA:100,1
DA:105,1
DA:106,5
DA:107,1
DA:108,1
DA:114,1
DA:115,3
DA:120,2
DA:121,1
DA:122,1
DA:123,1
DA:124,1
DA:125,2
DA:126,2
DA:127,1
DA:131,1
DA:132,0
DA:133,0
DA:134,0
DA:138,1
DA:141,1
DA:144,4
DA:145,0
DA:146,0
DA:148,1
DA:149,0
DA:151,0
DA:153,1
DA:154,1
DA:160,0
DA:161,0
DA:170,0
DA:171,0
DA:172,0
DA:173,0
DA:175,0
DA:176,0
DA:177,0
DA:180,0
DA:183,0
DA:185,0
DA:187,0
DA:189,0
DA:190,0
DA:191,0
DA:192,0
DA:193,0
DA:194,0
DA:195,0
DA:199,0
DA:200,0
DA:202,0
DA:203,0
DA:204,0
DA:205,0
DA:207,0
DA:208,0
DA:213,0
DA:214,0
DA:215,0
DA:223,1
DA:224,1
DA:225,2
DA:226,1
DA:227,3
DA:230,1
DA:240,1
DA:243,1
DA:244,1
DA:245,2
DA:246,1
DA:247,3
DA:248,4
DA:253,0
DA:254,0
DA:255,0
DA:256,0
DA:258,0
DA:259,0
DA:260,0
DA:261,0
DA:262,0
DA:263,0
DA:264,0
DA:265,0
DA:268,0
DA:271,0
DA:272,0
DA:273,0
DA:274,0
DA:276,0
DA:277,0
DA:278,0
DA:279,0
DA:280,0
DA:281,0
DA:282,0
DA:284,0
DA:285,0
DA:286,0
DA:287,0
DA:292,0
DA:293,0
DA:294,0
DA:295,0
DA:296,0
DA:297,0
DA:299,0
DA:300,0
DA:301,0
DA:302,0
DA:303,0
DA:304,0
DA:308,0
DA:309,0
DA:310,0
DA:313,0
DA:314,0
DA:315,0
DA:316,0
DA:317,0
LF:162
LH:76
end_of_record
SF:lib\widgets\horarios\weekly_calendar.dart
DA:18,1
DA:28,1
DA:30,1
DA:31,1
DA:32,2
DA:36,1
DA:38,1
DA:39,1
DA:40,1
DA:41,2
DA:42,2
DA:43,3
DA:45,1
DA:46,1
DA:47,1
DA:49,4
DA:64,1
DA:65,1
DA:67,1
DA:68,1
DA:69,1
DA:70,4
DA:71,1
DA:73,1
DA:74,2
DA:75,2
DA:77,1
DA:78,4
DA:80,1
DA:81,1
DA:83,3
DA:85,2
DA:96,1
DA:103,1
DA:105,1
DA:106,1
DA:107,1
DA:111,1
DA:112,1
DA:113,3
DA:114,3
DA:117,1
DA:119,1
DA:121,3
DA:122,2
DA:129,4
DA:130,2
DA:131,1
DA:132,1
DA:146,1
DA:153,2
DA:155,1
DA:156,0
DA:158,0
DA:159,0
DA:160,0
DA:161,0
DA:163,0
DA:169,1
DA:170,0
DA:178,0
DA:179,0
DA:180,0
DA:181,0
DA:182,0
DA:184,0
DA:185,0
DA:186,0
DA:187,0
DA:189,0
DA:190,0
DA:192,0
DA:193,0
DA:194,0
DA:197,0
DA:198,0
DA:199,0
DA:200,0
DA:202,0
DA:208,0
DA:209,0
DA:210,0
DA:211,0
DA:212,0
DA:213,0
DA:220,0
DA:221,0
DA:222,0
DA:223,0
DA:224,0
DA:237,1
DA:238,0
DA:239,1
DA:241,1
DA:242,1
DA:243,3
DA:244,3
DA:247,1
DA:248,1
DA:251,3
DA:259,1
DA:260,1
DA:261,0
DA:262,0
DA:263,0
DA:264,0
DA:265,0
DA:266,0
DA:274,0
DA:275,0
DA:276,0
DA:277,0
DA:278,0
DA:281,0
DA:282,0
DA:283,0
DA:284,0
DA:287,0
DA:288,0
DA:289,0
DA:291,0
DA:292,0
DA:293,0
DA:294,0
DA:295,0
DA:297,0
DA:299,0
DA:302,0
LF:128
LH:64
end_of_record
SF:lib\services\academic\materia_service.dart
DA:12,0
DA:22,0
DA:24,0
DA:25,0
DA:26,0
DA:27,0
DA:28,0
DA:30,0
DA:32,0
DA:34,0
DA:36,0
DA:38,0
DA:40,0
DA:41,0
DA:45,0
DA:47,0
DA:48,0
DA:49,0
DA:50,0
DA:51,0
DA:52,0
DA:53,0
DA:54,0
DA:57,0
DA:61,0
DA:62,0
DA:69,0
DA:71,0
DA:72,0
DA:73,0
DA:74,0
DA:76,0
DA:78,0
DA:80,0
DA:81,0
DA:85,0
DA:87,0
DA:88,0
DA:89,0
DA:90,0
DA:93,0
DA:97,0
DA:98,0
DA:105,0
DA:107,0
DA:108,0
DA:109,0
DA:110,0
DA:112,0
DA:114,0
DA:115,0
DA:117,0
DA:118,0
DA:122,0
DA:124,0
DA:125,0
DA:126,0
DA:127,0
DA:130,0
DA:134,0
DA:135,0
DA:142,0
DA:144,0
DA:145,0
DA:146,0
DA:147,0
DA:149,0
DA:151,0
DA:152,0
DA:154,0
DA:155,0
DA:159,0
DA:161,0
DA:162,0
DA:163,0
DA:164,0
DA:167,0
DA:171,0
DA:172,0
DA:179,0
DA:181,0
DA:182,0
DA:183,0
DA:184,0
DA:185,0
DA:187,0
DA:189,0
DA:190,0
DA:194,0
DA:196,0
DA:197,0
DA:198,0
DA:200,0
DA:204,0
DA:205,0
DA:217,1
DA:222,0
DA:223,0
DA:224,0
DA:225,0
DA:234,1
DA:239,0
DA:240,0
DA:241,0
DA:242,0
LF:105
LH:2
end_of_record
SF:lib\screens\academic\materia_dialogs.dart
DA:12,2
DA:14,1
DA:15,1
DA:25,1
DA:27,2
DA:28,2
DA:29,1
DA:32,1
DA:33,3
DA:34,2
DA:35,2
DA:36,2
DA:37,3
DA:40,1
DA:42,0
DA:46,1
DA:48,1
DA:49,3
DA:50,4
DA:54,1
DA:55,1
DA:57,0
DA:58,0
DA:61,0
DA:70,1
DA:72,1
DA:73,1
DA:75,1
DA:76,2
DA:77,1
DA:78,1
DA:81,1
DA:82,1
DA:83,1
DA:88,1
DA:89,1
DA:95,2
DA:96,1
DA:97,1
DA:112,1
DA:114,1
DA:115,1
DA:125,1
DA:127,1
DA:128,5
DA:129,5
DA:132,1
DA:134,2
DA:135,2
DA:136,1
DA:139,1
DA:141,1
DA:142,1
DA:144,1
DA:145,2
DA:146,1
DA:147,1
DA:150,1
DA:151,1
DA:152,1
DA:157,1
DA:158,1
DA:164,2
DA:165,1
DA:166,1
DA:178,1
DA:179,3
DA:180,2
DA:181,3
DA:185,2
DA:186,2
DA:188,1
DA:190,0
DA:194,1
DA:196,3
DA:197,1
DA:198,3
DA:199,4
DA:203,1
DA:204,1
DA:208,0
DA:209,0
DA:210,0
DA:211,0
DA:212,0
DA:217,0
DA:218,0
DA:219,0
DA:220,0
DA:221,0
LF:90
LH:75
end_of_record
SF:lib\screens\academic\materias_screen.dart
DA:13,1
DA:15,1
DA:16,1
DA:24,1
DA:26,1
DA:27,3
DA:28,3
DA:29,3
DA:30,1
DA:34,1
DA:36,2
DA:37,2
DA:38,1
DA:41,0
DA:42,0
DA:43,0
DA:45,0
DA:48,0
DA:50,0
DA:54,0
DA:55,0
DA:56,0
DA:60,1
DA:61,2
DA:62,2
DA:64,1
DA:66,1
DA:70,0
DA:71,0
DA:72,0
DA:74,0
DA:76,0
DA:77,0
DA:81,1
DA:83,1
DA:84,1
DA:85,1
DA:88,1
DA:89,1
DA:90,1
DA:91,2
DA:92,1
DA:93,2
DA:94,1
DA:96,1
DA:97,1
DA:98,1
DA:99,1
DA:100,1
DA:101,1
DA:102,1
DA:103,1
DA:104,1
DA:107,1
DA:111,1
DA:112,2
DA:121,1
DA:122,1
DA:123,1
DA:124,1
DA:126,1
DA:127,1
DA:128,1
DA:129,1
DA:130,1
DA:132,3
DA:133,2
DA:134,1
DA:135,0
DA:136,0
DA:137,0
DA:138,0
DA:139,0
DA:143,1
DA:144,2
DA:145,2
DA:147,1
DA:148,2
DA:149,2
DA:151,1
DA:152,2
DA:153,2
DA:156,1
DA:157,3
DA:159,0
DA:161,2
DA:163,1
DA:165,3
DA:170,1
DA:171,1
DA:172,1
DA:174,1
DA:175,1
DA:177,2
DA:179,1
DA:181,1
DA:183,2
DA:185,1
DA:187,1
DA:189,2
DA:191,1
DA:196,1
DA:197,1
DA:199,1
DA:200,1
DA:203,1
DA:204,2
DA:206,1
DA:209,1
DA:210,2
DA:214,1
DA:215,1
DA:216,1
DA:217,1
DA:219,1
DA:222,1
DA:223,1
DA:225,0
DA:229,1
DA:230,1
DA:232,1
DA:233,2
DA:234,1
DA:235,1
DA:240,1
DA:241,1
DA:243,2
DA:244,2
DA:245,1
DA:246,1
DA:251,1
DA:252,1
DA:253,1
DA:254,2
DA:255,4
DA:256,2
DA:257,1
DA:259,3
DA:261,1
DA:262,1
DA:263,0
DA:264,4
DA:266,1
DA:267,1
DA:268,2
DA:269,1
DA:271,4
DA:272,8
DA:279,1
DA:280,2
DA:282,1
DA:284,0
DA:288,1
DA:290,1
DA:293,1
DA:296,3
DA:297,1
DA:298,1
DA:300,9
DA:302,4
DA:305,1
DA:307,0
DA:308,0
DA:309,0
DA:310,0
DA:311,0
DA:313,0
DA:319,0
DA:321,0
DA:322,0
LF:170
LH:137
end_of_record
