SF:lib\models\grupo.dart
DA:12,4
DA:24,3
DA:25,0
DA:27,2
DA:28,2
DA:29,2
DA:30,2
DA:31,2
DA:32,2
DA:33,2
DA:34,2
DA:35,8
DA:36,2
DA:37,4
DA:38,2
DA:39,2
DA:41,2
DA:42,2
DA:45,6
DA:49,0
DA:50,0
DA:51,0
DA:52,0
DA:53,0
DA:54,0
DA:55,0
DA:56,0
DA:57,0
DA:58,0
DA:59,0
DA:63,0
DA:70,4
DA:75,2
DA:76,2
DA:77,2
DA:78,2
DA:82,0
DA:83,0
DA:84,0
DA:85,0
DA:97,4
DA:105,2
DA:106,2
DA:107,0
DA:108,2
DA:109,0
DA:112,2
DA:113,2
DA:114,2
DA:115,4
DA:116,4
DA:117,2
DA:121,0
DA:122,0
DA:123,0
DA:124,0
DA:125,0
DA:126,0
DA:127,0
LF:59
LH:33
end_of_record
SF:lib\models\horario.dart
DA:21,2
DA:38,1
DA:39,1
DA:40,1
DA:41,1
DA:42,1
DA:43,1
DA:44,1
DA:45,1
DA:46,1
DA:47,1
DA:48,1
DA:49,4
DA:50,3
DA:51,0
DA:54,0
DA:55,0
DA:56,0
DA:57,0
DA:58,0
DA:60,0
DA:61,0
DA:64,0
DA:66,3
DA:67,0
DA:70,0
DA:71,0
DA:73,3
DA:74,0
DA:76,0
DA:77,0
DA:80,1
DA:84,0
DA:85,0
DA:86,0
DA:87,0
DA:88,0
DA:89,0
DA:90,0
DA:91,0
DA:92,0
DA:93,0
DA:94,0
DA:95,0
DA:96,0
DA:97,0
DA:98,0
DA:99,0
DA:103,1
DA:105,3
DA:108,0
DA:110,0
LF:52
LH:19
end_of_record
SF:lib\config\app_constants.dart
DA:4,0
DA:6,0
DA:73,0
DA:74,0
DA:75,0
DA:76,0
DA:77,0
DA:81,0
DA:82,0
DA:83,0
DA:84,0
DA:85,0
LF:12
LH:0
end_of_record
SF:lib\models\materia.dart
DA:8,3
DA:16,1
DA:17,1
DA:18,1
DA:19,1
DA:20,1
DA:21,1
DA:22,4
DA:26,0
DA:27,0
DA:28,0
DA:29,0
DA:30,0
DA:31,0
DA:32,0
DA:36,0
LF:16
LH:8
end_of_record
SF:lib\models\user.dart
DA:18,2
DA:33,4
DA:35,3
DA:36,0
DA:37,0
DA:38,0
DA:41,1
DA:43,2
DA:44,3
DA:48,0
DA:49,0
DA:53,0
DA:54,0
DA:61,0
DA:62,0
DA:63,0
DA:64,0
DA:65,0
DA:66,0
DA:67,0
DA:68,0
DA:69,0
DA:70,0
DA:71,0
DA:72,0
DA:73,0
DA:74,0
DA:75,0
DA:77,0
DA:78,0
DA:82,0
DA:83,0
DA:84,0
DA:85,0
DA:86,0
DA:87,0
DA:88,0
DA:89,0
DA:90,0
DA:91,0
DA:92,0
DA:93,0
DA:94,0
DA:95,0
DA:99,0
DA:113,0
DA:114,0
DA:115,0
DA:116,0
DA:117,0
DA:118,0
DA:119,0
DA:120,0
DA:121,0
DA:122,0
DA:123,0
DA:124,0
DA:125,0
DA:136,1
DA:143,0
DA:144,0
DA:145,0
DA:146,0
DA:147,0
DA:148,0
DA:152,0
DA:153,0
DA:154,0
DA:155,0
DA:156,0
DA:158,0
DA:159,0
DA:171,0
DA:179,0
DA:180,0
DA:181,0
DA:182,0
DA:183,0
DA:184,0
DA:185,0
DA:189,0
DA:190,0
DA:191,0
DA:192,0
DA:193,0
DA:194,0
DA:195,0
DA:218,0
DA:234,0
DA:235,0
DA:236,0
DA:237,0
DA:238,0
DA:239,0
DA:240,0
DA:241,0
DA:242,0
DA:243,0
DA:247,0
DA:248,0
DA:249,0
DA:250,0
DA:254,0
DA:255,0
DA:256,0
DA:277,0
DA:290,0
DA:291,0
DA:293,0
DA:294,0
DA:295,0
DA:296,0
DA:297,0
DA:298,0
DA:299,0
DA:300,0
DA:301,0
DA:302,0
DA:316,0
DA:325,0
DA:326,0
DA:327,0
DA:328,0
DA:329,0
DA:330,0
DA:331,0
DA:332,0
DA:336,0
DA:337,0
DA:338,0
DA:339,0
DA:340,0
DA:341,0
DA:342,0
DA:343,0
LF:135
LH:7
end_of_record
SF:lib\providers\auth_provider.dart
DA:19,2
DA:20,0
DA:21,4
DA:22,4
DA:23,0
DA:28,0
DA:29,0
DA:31,0
DA:34,0
DA:35,0
DA:36,0
DA:40,0
DA:41,0
DA:42,0
DA:43,0
DA:44,0
DA:45,0
DA:48,0
DA:49,0
DA:50,0
DA:51,0
DA:52,0
DA:53,0
DA:54,0
DA:55,0
DA:57,0
DA:58,0
DA:63,0
DA:68,0
DA:70,0
DA:71,0
DA:73,0
DA:74,0
DA:81,6
DA:82,6
DA:85,6
DA:87,6
DA:88,0
DA:89,0
DA:90,0
DA:92,0
DA:94,0
DA:95,0
DA:97,0
DA:101,0
DA:103,0
DA:104,0
DA:105,0
DA:107,0
DA:109,0
DA:110,0
DA:112,0
DA:114,0
DA:115,0
DA:117,0
DA:119,0
DA:120,0
DA:122,0
DA:125,0
DA:129,0
DA:130,0
DA:131,0
DA:132,0
DA:133,0
DA:134,0
DA:135,0
DA:138,0
DA:139,0
DA:140,0
DA:143,0
DA:144,0
DA:145,0
DA:146,0
DA:149,0
DA:150,0
DA:151,0
DA:152,0
DA:154,0
DA:155,0
DA:157,0
DA:158,0
DA:159,0
DA:163,0
DA:167,0
DA:168,0
DA:171,0
DA:172,0
DA:173,0
DA:175,0
DA:179,0
DA:180,0
DA:181,0
DA:182,0
DA:185,0
DA:187,0
DA:189,0
DA:190,0
DA:191,0
DA:193,0
DA:195,0
DA:196,0
DA:197,0
DA:198,0
DA:199,0
DA:200,0
DA:203,0
DA:204,0
DA:209,0
DA:215,0
DA:216,0
DA:219,0
DA:221,0
DA:222,0
DA:223,0
DA:224,0
DA:229,0
DA:234,0
DA:235,0
DA:236,0
DA:238,0
DA:241,0
DA:242,0
DA:243,0
DA:245,0
DA:248,0
DA:250,0
DA:251,0
DA:253,0
DA:254,0
DA:256,0
LF:130
LH:7
end_of_record
SF:lib\screens\admin_dashboard.dart
DA:11,1
DA:13,1
DA:15,1
DA:19,1
DA:21,1
DA:22,3
DA:24,2
DA:25,2
DA:27,1
DA:28,1
DA:30,0
DA:33,0
DA:38,1
DA:40,1
DA:42,1
DA:43,1
DA:44,1
DA:45,1
DA:47,1
DA:48,0
DA:52,1
DA:54,1
DA:55,1
DA:56,1
DA:57,1
DA:59,1
DA:60,2
DA:61,1
DA:63,1
DA:65,3
DA:66,2
DA:67,1
DA:69,3
DA:73,2
DA:76,1
DA:78,2
DA:80,1
DA:81,1
DA:82,2
DA:84,1
DA:85,1
DA:86,1
DA:87,2
DA:88,1
DA:91,0
DA:93,0
DA:94,0
DA:95,0
DA:96,0
DA:103,2
DA:104,2
DA:105,1
DA:106,1
DA:107,1
DA:108,2
DA:109,2
DA:111,1
DA:112,1
DA:113,1
DA:117,2
DA:118,1
DA:119,0
DA:122,3
DA:123,1
DA:129,0
DA:131,3
DA:132,1
DA:138,0
DA:140,3
DA:141,1
DA:147,0
DA:162,1
DA:163,1
DA:164,1
DA:167,2
DA:169,1
DA:170,3
DA:171,1
DA:172,1
DA:173,2
DA:174,2
DA:177,0
DA:178,0
DA:179,0
DA:180,0
DA:183,0
DA:185,0
DA:186,0
DA:187,0
DA:190,0
DA:192,0
DA:193,0
DA:194,0
DA:197,0
DA:201,1
DA:203,1
DA:205,1
DA:207,1
DA:208,2
DA:211,1
DA:213,2
DA:216,1
DA:217,2
DA:220,1
DA:222,2
DA:223,1
DA:224,2
DA:227,1
DA:236,1
DA:246,1
DA:247,1
DA:249,1
DA:251,1
DA:253,1
DA:254,1
DA:255,1
DA:256,1
DA:258,1
DA:259,1
DA:261,1
DA:262,1
DA:263,1
DA:264,1
DA:265,1
DA:267,1
DA:269,2
DA:271,1
DA:272,1
DA:274,1
DA:275,1
DA:277,2
DA:279,2
DA:282,1
DA:284,2
DA:293,1
DA:296,2
DA:305,1
DA:306,1
DA:307,1
DA:308,1
DA:310,1
DA:311,2
DA:312,1
DA:314,1
DA:315,3
DA:316,2
DA:317,2
DA:318,1
DA:320,2
DA:321,5
DA:323,1
DA:324,1
DA:325,1
DA:327,1
DA:328,1
DA:330,1
DA:331,2
DA:334,1
DA:335,2
DA:338,1
DA:340,1
DA:341,3
DA:344,1
DA:345,2
DA:348,1
DA:350,1
DA:351,2
DA:354,1
DA:355,2
DA:366,1
DA:367,1
DA:368,1
DA:369,1
DA:371,3
DA:373,1
DA:374,2
DA:375,1
DA:376,1
DA:377,2
DA:378,2
DA:380,1
DA:382,1
DA:383,2
DA:384,2
DA:385,1
DA:386,0
DA:387,0
DA:390,1
DA:391,2
DA:392,1
DA:393,0
DA:395,8
DA:396,4
DA:397,5
DA:398,4
DA:400,1
LF:196
LH:168
end_of_record
SF:lib\providers\user_provider.dart
DA:28,0
DA:29,2
DA:30,0
DA:31,0
DA:32,0
DA:33,2
DA:35,3
DA:36,3
DA:37,0
DA:38,0
DA:39,2
DA:42,0
DA:43,0
DA:45,0
DA:46,0
DA:47,0
DA:50,0
DA:51,0
DA:52,0
DA:54,0
DA:55,0
DA:56,0
DA:59,0
DA:61,0
DA:62,0
DA:63,0
DA:64,0
DA:68,0
DA:69,0
DA:71,0
DA:72,0
DA:75,0
DA:76,0
DA:85,0
DA:86,0
DA:87,0
DA:88,0
DA:89,0
DA:90,0
DA:92,0
DA:95,0
DA:96,0
DA:101,0
DA:102,0
DA:104,0
DA:105,0
DA:106,0
DA:109,0
DA:110,0
DA:112,0
DA:113,0
DA:114,0
DA:115,0
DA:116,0
DA:118,0
DA:121,0
DA:122,0
DA:127,0
DA:128,0
DA:130,0
DA:131,0
DA:134,0
DA:135,0
DA:137,0
DA:138,0
DA:139,0
DA:141,0
DA:144,0
DA:145,0
DA:150,0
DA:152,0
DA:155,0
DA:160,0
DA:166,0
DA:168,0
DA:170,0
DA:175,0
DA:181,0
DA:182,0
DA:184,0
DA:185,0
DA:188,0
DA:189,0
DA:191,0
DA:192,0
DA:193,0
DA:194,0
DA:195,0
DA:197,0
DA:200,0
DA:201,0
DA:206,0
DA:207,0
DA:210,0
DA:212,0
DA:213,0
DA:215,0
DA:218,0
DA:219,0
DA:224,0
DA:225,0
DA:228,0
DA:231,0
DA:232,0
DA:235,0
DA:239,0
DA:240,0
DA:246,0
DA:247,0
DA:250,0
DA:253,0
DA:254,0
DA:255,0
DA:259,0
DA:260,0
DA:263,0
DA:266,0
DA:270,0
DA:271,0
DA:278,0
DA:282,0
DA:286,0
DA:290,0
DA:291,0
DA:297,0
DA:299,0
DA:300,0
DA:302,0
DA:303,0
DA:309,0
DA:310,0
DA:311,0
DA:315,0
DA:316,0
DA:317,0
DA:321,0
DA:322,0
DA:323,0
DA:324,0
DA:325,0
DA:326,0
DA:330,0
DA:331,0
DA:332,0
DA:334,0
DA:339,0
DA:340,0
DA:342,0
DA:343,0
DA:344,0
DA:345,0
DA:346,0
DA:347,0
DA:351,0
DA:352,0
DA:353,0
DA:359,0
DA:360,0
DA:361,0
DA:365,0
DA:366,0
DA:368,0
DA:369,0
DA:370,0
DA:372,0
DA:377,0
DA:378,0
DA:380,0
DA:381,0
DA:382,0
DA:384,0
DA:389,0
DA:390,0
DA:392,0
DA:393,0
DA:395,0
DA:400,0
DA:401,0
DA:403,0
DA:404,0
DA:405,0
DA:406,0
DA:407,0
DA:408,0
DA:413,0
DA:414,0
DA:416,0
DA:417,0
DA:420,0
DA:423,0
DA:424,0
DA:426,0
DA:428,0
DA:432,0
DA:435,0
DA:443,0
DA:444,0
DA:445,0
DA:446,0
DA:448,0
DA:451,0
DA:453,0
DA:454,0
DA:459,0
DA:461,0
DA:467,0
DA:469,0
DA:475,0
DA:476,0
DA:477,0
LF:210
LH:5
end_of_record
SF:lib\providers\institution_provider.dart
DA:28,0
DA:29,0
DA:30,2
DA:31,0
DA:32,0
DA:34,0
DA:35,0
DA:36,0
DA:37,0
DA:38,0
DA:41,0
DA:42,0
DA:44,0
DA:45,0
DA:47,0
DA:48,0
DA:49,0
DA:51,0
DA:52,0
DA:53,0
DA:54,0
DA:58,0
DA:59,0
DA:60,0
DA:64,0
DA:65,0
DA:67,0
DA:68,0
DA:71,0
DA:72,0
DA:74,0
DA:75,0
DA:76,0
DA:77,0
DA:78,0
DA:79,0
DA:81,0
DA:84,0
DA:85,0
DA:90,0
DA:91,0
DA:94,0
DA:95,0
DA:96,0
DA:98,0
DA:99,0
DA:104,0
DA:108,0
DA:111,0
DA:113,0
DA:114,0
DA:115,0
DA:116,0
DA:121,0
DA:123,0
DA:126,0
DA:127,0
DA:133,0
DA:142,0
DA:145,0
DA:156,0
DA:157,0
DA:158,0
DA:162,0
DA:163,0
DA:166,0
DA:169,0
DA:170,0
DA:176,0
DA:177,0
DA:180,0
DA:183,0
DA:186,0
DA:187,0
DA:190,0
DA:193,0
DA:194,0
DA:200,0
DA:201,0
DA:202,0
DA:206,0
DA:207,0
DA:208,0
DA:212,0
DA:213,0
DA:214,0
DA:215,0
DA:219,0
DA:220,0
DA:224,0
DA:225,0
DA:227,0
DA:228,0
DA:229,0
DA:230,0
DA:231,0
DA:235,0
DA:236,0
DA:238,0
DA:239,0
DA:242,0
DA:243,0
DA:245,0
DA:248,0
DA:253,0
DA:254,0
DA:255,0
DA:256,0
DA:257,0
DA:259,0
DA:262,0
DA:263,0
DA:265,0
DA:266,0
LF:114
LH:1
end_of_record
SF:lib\theme\theme_extensions.dart
DA:9,12
DA:12,10
DA:15,10
DA:18,0
DA:21,0
DA:24,0
DA:29,0
DA:30,0
DA:31,0
DA:32,0
DA:33,0
DA:35,8
DA:36,0
DA:37,0
DA:38,0
DA:39,0
DA:44,0
DA:45,0
DA:46,0
DA:47,0
DA:48,0
DA:50,0
DA:51,0
DA:53,0
DA:54,0
DA:55,0
DA:56,0
DA:57,0
LF:28
LH:4
end_of_record
SF:lib\config\app_config.dart
DA:9,3
DA:11,6
DA:12,9
DA:14,3
DA:15,9
DA:19,0
DA:23,0
DA:24,0
DA:26,9
DA:30,0
DA:36,0
DA:49,2
DA:51,0
LF:13
LH:7
end_of_record
SF:lib\models\clase_del_dia.dart
DA:11,0
DA:22,0
DA:23,0
DA:24,0
DA:25,0
DA:26,0
DA:27,0
DA:28,0
DA:29,0
DA:30,0
DA:31,0
DA:35,0
DA:36,0
DA:37,0
DA:38,0
DA:39,0
DA:40,0
DA:41,0
DA:42,0
DA:43,0
DA:44,0
DA:48,0
DA:50,0
DA:53,0
DA:55,0
DA:65,0
DA:72,0
DA:73,0
DA:74,0
DA:75,0
DA:76,0
DA:77,0
DA:81,0
DA:82,0
DA:83,0
DA:84,0
DA:85,0
DA:86,0
DA:90,0
DA:98,0
DA:104,0
DA:105,0
DA:106,0
DA:107,0
DA:108,0
DA:112,0
DA:113,0
DA:114,0
DA:115,0
DA:116,0
DA:120,0
DA:128,0
DA:134,0
DA:135,0
DA:136,0
DA:137,0
DA:138,0
DA:142,0
DA:143,0
DA:144,0
DA:145,0
DA:146,0
DA:155,0
DA:160,0
DA:161,0
DA:162,0
DA:163,0
DA:167,0
DA:168,0
DA:169,0
DA:170,0
LF:71
LH:0
end_of_record
SF:lib\models\conflict_error.dart
DA:10,1
DA:18,0
DA:21,0
DA:22,0
DA:23,0
DA:24,0
DA:25,0
DA:28,0
DA:30,0
DA:31,0
DA:32,0
DA:33,0
DA:41,0
DA:53,0
DA:62,1
DA:63,4
DA:64,3
DA:66,0
DA:70,0
DA:73,0
DA:76,1
DA:77,1
DA:78,1
DA:80,0
DA:83,0
DA:88,1
DA:89,1
DA:90,1
DA:91,1
DA:97,0
DA:98,0
DA:105,0
DA:114,0
DA:116,0
LF:34
LH:11
end_of_record
SF:lib\models\institution.dart
DA:15,2
DA:28,0
DA:29,0
DA:30,0
DA:31,0
DA:32,0
DA:33,0
DA:34,0
DA:35,0
DA:36,0
DA:37,0
DA:38,0
DA:39,0
DA:43,0
DA:44,0
DA:45,0
DA:46,0
DA:47,0
DA:48,0
DA:49,0
DA:50,0
DA:51,0
DA:52,0
DA:53,0
DA:54,0
DA:55,0
DA:60,0
DA:62,0
DA:74,0
DA:75,0
DA:76,0
DA:77,0
DA:78,0
DA:79,0
DA:80,0
DA:81,0
DA:82,0
DA:83,0
DA:84,0
DA:88,0
DA:90,0
DA:93,0
DA:96,0
DA:99,0
DA:100,0
LF:45
LH:1
end_of_record
SF:lib\services\auth_service.dart
DA:12,0
DA:19,0
DA:21,0
DA:23,0
DA:25,0
DA:26,0
DA:27,0
DA:28,0
DA:29,0
DA:38,0
DA:43,0
DA:44,0
DA:45,0
DA:46,0
DA:55,0
DA:57,0
DA:58,0
DA:61,0
DA:67,0
DA:68,0
DA:70,0
DA:71,0
DA:72,0
DA:74,0
DA:76,0
DA:77,0
DA:81,0
DA:82,0
DA:83,0
DA:85,0
DA:86,0
DA:88,0
DA:90,0
DA:91,0
DA:92,0
DA:93,0
DA:97,0
DA:99,0
DA:102,0
DA:103,0
DA:104,0
DA:107,0
DA:111,0
DA:112,0
DA:113,0
DA:119,0
DA:121,0
DA:122,0
DA:123,0
DA:124,0
DA:125,0
DA:130,0
DA:131,0
DA:132,0
DA:134,0
DA:138,0
DA:143,0
DA:145,0
DA:146,0
DA:147,0
DA:148,0
DA:149,0
DA:154,0
DA:156,0
DA:161,0
DA:163,0
DA:164,0
DA:165,0
DA:166,0
DA:168,0
DA:172,0
DA:173,0
DA:174,0
DA:175,0
DA:176,0
DA:179,0
DA:183,0
LF:77
LH:0
end_of_record
SF:lib\providers\grupo_provider.dart
DA:35,0
DA:36,2
DA:37,0
DA:38,0
DA:39,0
DA:40,0
DA:43,0
DA:44,0
DA:45,0
DA:46,0
DA:48,3
DA:49,3
DA:50,0
DA:51,2
DA:52,2
DA:55,4
DA:56,4
DA:59,0
DA:60,3
DA:61,3
DA:64,0
DA:66,0
DA:67,0
DA:68,0
DA:69,0
DA:73,0
DA:74,0
DA:76,0
DA:77,0
DA:80,0
DA:81,0
DA:89,0
DA:90,0
DA:91,0
DA:92,0
DA:93,0
DA:94,0
DA:96,0
DA:99,0
DA:100,0
DA:105,0
DA:106,0
DA:108,0
DA:109,0
DA:110,0
DA:113,0
DA:114,0
DA:116,0
DA:117,0
DA:118,0
DA:119,0
DA:120,0
DA:122,0
DA:125,0
DA:126,0
DA:131,0
DA:132,0
DA:135,0
DA:137,0
DA:138,0
DA:140,0
DA:143,0
DA:144,0
DA:149,0
DA:150,0
DA:153,0
DA:156,0
DA:157,0
DA:160,0
DA:164,0
DA:165,0
DA:171,0
DA:172,0
DA:175,0
DA:178,0
DA:179,0
DA:180,0
DA:184,0
DA:185,0
DA:188,0
DA:191,0
DA:195,0
DA:196,0
DA:202,0
DA:206,0
DA:210,0
DA:214,0
DA:215,0
DA:221,0
DA:222,0
DA:223,0
DA:227,0
DA:228,0
DA:229,0
DA:233,0
DA:234,0
DA:235,0
DA:236,0
DA:237,0
DA:238,0
DA:242,0
DA:243,0
DA:244,0
DA:246,0
DA:251,0
DA:252,0
DA:254,0
DA:255,0
DA:256,0
DA:257,0
DA:258,0
DA:259,0
DA:263,0
DA:264,0
DA:265,0
DA:269,0
DA:270,0
DA:271,0
DA:275,0
DA:276,0
DA:278,0
DA:279,0
DA:280,0
DA:282,0
DA:287,0
DA:288,0
DA:290,0
DA:291,0
DA:292,0
DA:294,0
DA:299,0
DA:300,0
DA:302,0
DA:303,0
DA:305,0
DA:310,1
DA:311,1
DA:312,1
DA:313,1
DA:314,1
DA:319,0
DA:320,0
DA:322,0
DA:323,0
DA:326,0
DA:329,0
DA:330,0
DA:333,0
DA:334,0
DA:337,0
DA:340,0
DA:347,0
DA:348,0
DA:349,0
DA:350,0
DA:352,0
DA:355,0
DA:357,0
DA:358,0
DA:363,0
DA:365,0
DA:371,0
DA:373,0
DA:379,0
DA:380,0
DA:381,0
DA:385,0
DA:387,0
DA:394,0
DA:395,0
DA:396,0
DA:399,0
DA:400,0
DA:401,0
DA:406,0
DA:408,0
DA:414,0
DA:415,0
DA:416,0
DA:419,0
DA:420,0
DA:421,0
DA:426,0
DA:428,0
DA:431,0
DA:432,0
DA:433,0
DA:434,0
DA:438,0
DA:439,0
DA:440,0
DA:446,0
DA:448,0
DA:451,0
DA:452,0
DA:453,0
DA:454,0
DA:458,0
DA:459,0
DA:460,0
DA:466,0
DA:467,0
DA:468,0
DA:469,0
DA:470,0
DA:471,0
LF:206
LH:14
end_of_record
SF:lib\services\academic_service.dart
DA:15,0
DA:25,0
DA:35,0
DA:45,0
DA:55,0
DA:65,0
DA:67,0
DA:68,0
DA:69,0
DA:70,0
DA:71,0
DA:72,0
DA:74,0
DA:76,0
DA:78,0
DA:80,0
DA:82,0
DA:84,0
DA:85,0
DA:89,0
DA:91,0
DA:92,0
DA:93,0
DA:94,0
DA:95,0
DA:96,0
DA:97,0
DA:98,0
DA:101,0
DA:105,0
DA:106,0
DA:113,0
DA:115,0
DA:116,0
DA:117,0
DA:118,0
DA:120,0
DA:122,0
DA:124,0
DA:125,0
DA:129,0
DA:131,0
DA:132,0
DA:133,0
DA:134,0
DA:137,0
DA:141,0
DA:142,0
DA:149,0
DA:151,0
DA:152,0
DA:153,0
DA:154,0
DA:156,0
DA:158,0
DA:159,0
DA:161,0
DA:162,0
DA:166,0
DA:168,0
DA:169,0
DA:170,0
DA:171,0
DA:174,0
DA:178,0
DA:179,0
DA:186,0
DA:188,0
DA:189,0
DA:190,0
DA:191,0
DA:193,0
DA:195,0
DA:196,0
DA:198,0
DA:199,0
DA:203,0
DA:205,0
DA:206,0
DA:207,0
DA:208,0
DA:211,0
DA:215,0
DA:216,0
DA:223,0
DA:225,0
DA:226,0
DA:227,0
DA:228,0
DA:229,0
DA:231,0
DA:233,0
DA:234,0
DA:238,0
DA:240,0
DA:241,0
DA:242,0
DA:244,0
DA:248,0
DA:249,0
DA:257,0
DA:259,0
DA:260,0
DA:261,0
DA:262,0
DA:263,0
DA:265,0
DA:267,0
DA:269,0
DA:271,0
DA:273,0
DA:275,0
DA:276,0
DA:280,0
DA:282,0
DA:283,0
DA:284,0
DA:285,0
DA:286,0
DA:287,0
DA:288,0
DA:289,0
DA:292,0
DA:296,0
DA:297,0
DA:304,0
DA:306,0
DA:307,0
DA:308,0
DA:309,0
DA:311,0
DA:313,0
DA:315,0
DA:316,0
DA:320,0
DA:322,0
DA:323,0
DA:324,0
DA:325,0
DA:328,0
DA:332,0
DA:333,0
DA:340,0
DA:342,0
DA:343,0
DA:344,0
DA:345,0
DA:347,0
DA:349,0
DA:350,0
DA:352,0
DA:353,0
DA:357,0
DA:359,0
DA:360,0
DA:361,0
DA:362,0
DA:365,0
DA:369,0
DA:370,0
DA:377,0
DA:379,0
DA:380,0
DA:381,0
DA:382,0
DA:384,0
DA:386,0
DA:387,0
DA:389,0
DA:390,0
DA:394,0
DA:396,0
DA:397,0
DA:398,0
DA:399,0
DA:402,0
DA:406,0
DA:407,0
DA:414,0
DA:416,0
DA:417,0
DA:418,0
DA:419,0
DA:420,0
DA:422,0
DA:424,0
DA:425,0
DA:429,0
DA:431,0
DA:432,0
DA:433,0
DA:435,0
DA:439,0
DA:440,0
DA:448,1
DA:450,1
DA:451,1
DA:452,2
DA:453,2
DA:454,0
DA:455,2
DA:457,3
DA:459,1
DA:461,1
DA:463,1
DA:465,1
DA:467,0
DA:468,0
DA:472,4
DA:474,2
DA:475,0
DA:476,0
DA:477,0
DA:478,0
DA:479,0
DA:480,0
DA:481,0
DA:484,5
DA:488,0
DA:489,0
DA:496,1
DA:498,1
DA:499,4
DA:501,1
DA:503,1
DA:505,1
DA:507,1
DA:509,0
DA:510,0
DA:514,4
DA:516,2
DA:517,0
DA:518,0
DA:519,0
DA:521,0
DA:522,0
DA:524,0
DA:525,0
DA:527,0
DA:528,0
DA:529,0
DA:530,0
DA:531,0
DA:532,0
DA:534,0
DA:535,0
DA:536,0
DA:538,0
DA:539,0
DA:540,0
DA:543,0
DA:546,0
DA:550,0
DA:554,5
DA:558,0
DA:559,0
DA:565,0
DA:567,0
DA:568,0
DA:569,0
DA:570,0
DA:572,0
DA:574,0
DA:576,0
DA:577,0
DA:581,0
DA:583,0
DA:584,0
DA:585,0
DA:586,0
DA:589,0
DA:593,0
DA:594,0
DA:601,0
DA:603,0
DA:604,0
DA:605,0
DA:606,0
DA:608,0
DA:610,0
DA:611,0
DA:613,0
DA:614,0
DA:618,0
DA:620,0
DA:621,0
DA:622,0
DA:623,0
DA:626,0
DA:630,0
DA:631,0
DA:638,0
DA:640,0
DA:641,0
DA:642,0
DA:643,0
DA:645,0
DA:647,0
DA:648,0
DA:650,0
DA:651,0
DA:655,0
DA:657,0
DA:658,0
DA:659,0
DA:660,0
DA:664,0
DA:665,0
DA:670,0
DA:671,0
DA:672,0
DA:673,0
DA:674,0
DA:676,0
DA:679,0
DA:680,0
DA:687,0
DA:689,0
DA:690,0
DA:691,0
DA:692,0
DA:693,0
DA:695,0
DA:697,0
DA:698,0
DA:702,0
DA:704,0
DA:705,0
DA:706,0
DA:708,0
DA:712,0
DA:713,0
DA:721,0
DA:723,0
DA:724,0
DA:725,0
DA:726,0
DA:728,0
DA:730,0
DA:732,0
DA:734,0
DA:736,0
DA:738,0
DA:739,0
DA:743,0
DA:745,0
DA:746,0
DA:747,0
DA:748,0
DA:749,0
DA:750,0
DA:751,0
DA:752,0
DA:755,0
DA:759,0
DA:760,0
DA:767,0
DA:769,0
DA:770,0
DA:771,0
DA:772,0
DA:774,0
DA:776,0
DA:778,0
DA:779,0
DA:783,0
DA:785,0
DA:786,0
DA:787,0
DA:788,0
DA:789,0
DA:790,0
DA:793,0
DA:797,0
DA:798,0
DA:805,0
DA:807,0
DA:808,0
DA:809,0
DA:810,0
DA:812,0
DA:814,0
DA:816,0
DA:817,0
DA:821,0
DA:823,0
DA:824,0
DA:825,0
DA:826,0
DA:829,0
DA:833,0
DA:834,0
DA:841,0
DA:843,0
DA:844,0
DA:845,0
DA:846,0
DA:848,0
DA:850,0
DA:851,0
DA:853,0
DA:854,0
DA:858,0
DA:860,0
DA:861,0
DA:862,0
DA:863,0
DA:866,0
DA:870,0
DA:871,0
DA:878,0
DA:880,0
DA:881,0
DA:882,0
DA:883,0
DA:885,0
DA:887,0
DA:888,0
DA:890,0
DA:891,0
DA:895,0
DA:897,0
DA:898,0
DA:899,0
DA:900,0
DA:903,0
DA:907,0
DA:908,0
DA:915,0
DA:917,0
DA:918,0
DA:919,0
DA:920,0
DA:921,0
DA:923,0
DA:925,0
DA:926,0
DA:930,0
DA:932,0
DA:933,0
DA:934,0
DA:936,0
DA:940,0
DA:941,0
DA:947,0
DA:949,0
DA:950,0
DA:951,0
DA:952,0
DA:954,0
DA:956,0
DA:958,0
DA:959,0
DA:963,0
DA:965,0
DA:966,0
DA:967,0
DA:968,0
DA:971,0
DA:975,0
DA:976,0
DA:983,0
DA:985,0
DA:986,0
DA:987,0
DA:988,0
DA:990,0
DA:992,0
DA:994,0
DA:995,0
DA:999,0
DA:1001,0
DA:1002,0
DA:1003,0
DA:1004,0
DA:1005,0
DA:1006,0
DA:1009,0
DA:1013,0
DA:1014,0
DA:1021,0
DA:1023,0
DA:1024,0
DA:1025,0
DA:1026,0
DA:1028,0
DA:1030,0
DA:1032,0
DA:1033,0
DA:1037,0
DA:1039,0
DA:1040,0
DA:1041,0
DA:1042,0
DA:1043,0
DA:1044,0
DA:1047,0
DA:1051,0
DA:1052,0
DA:1059,0
DA:1061,0
DA:1062,0
DA:1063,0
DA:1064,0
DA:1066,0
DA:1068,0
DA:1070,0
DA:1071,0
DA:1075,0
DA:1077,0
DA:1078,0
DA:1079,0
DA:1080,0
DA:1081,0
DA:1082,0
DA:1085,0
DA:1089,0
DA:1090,0
DA:1099,0
DA:1101,0
DA:1102,0
DA:1103,0
DA:1104,0
DA:1106,0
DA:1108,0
DA:1110,0
DA:1112,0
DA:1114,0
DA:1116,0
DA:1117,0
DA:1121,0
DA:1123,0
DA:1124,0
DA:1125,0
DA:1126,0
DA:1130,0
DA:1131,0
DA:1133,0
DA:1134,0
DA:1135,0
DA:1137,0
DA:1138,0
DA:1139,0
DA:1140,0
DA:1143,0
DA:1147,0
DA:1148,0
DA:1155,0
DA:1157,0
DA:1158,0
DA:1159,0
DA:1160,0
DA:1162,0
DA:1164,0
DA:1166,0
DA:1168,0
DA:1170,0
DA:1172,0
DA:1173,0
DA:1177,0
DA:1179,0
DA:1180,0
DA:1181,0
DA:1182,0
DA:1183,0
DA:1184,0
DA:1185,0
DA:1186,0
DA:1187,0
DA:1189,0
DA:1190,0
DA:1191,0
DA:1192,0
DA:1195,0
DA:1199,0
DA:1200,0
DA:1207,0
DA:1209,0
DA:1210,0
DA:1211,0
DA:1212,0
DA:1214,0
DA:1216,0
DA:1217,0
DA:1219,0
DA:1220,0
DA:1224,0
DA:1226,0
DA:1227,0
DA:1228,0
DA:1230,0
DA:1234,0
DA:1235,0
DA:1241,0
DA:1243,0
DA:1244,0
DA:1245,0
DA:1246,0
DA:1248,0
DA:1250,0
DA:1251,0
DA:1253,0
DA:1254,0
DA:1258,0
DA:1260,0
DA:1261,0
DA:1262,0
DA:1264,0
DA:1268,0
DA:1269,0
DA:1283,0
DA:1290,0
DA:1291,0
DA:1292,0
DA:1293,0
DA:1294,0
DA:1295,0
DA:1305,1
DA:1311,0
DA:1312,0
DA:1313,0
DA:1314,0
DA:1315,0
DA:1324,1
DA:1329,0
DA:1330,0
DA:1331,0
DA:1332,0
DA:1341,1
DA:1346,0
DA:1347,0
DA:1348,0
DA:1349,0
DA:1363,1
DA:1373,0
DA:1374,0
DA:1375,0
DA:1376,0
DA:1377,0
DA:1378,0
DA:1379,0
DA:1380,0
DA:1381,0
DA:1392,1
DA:1399,0
DA:1400,0
DA:1401,0
DA:1402,0
DA:1403,0
DA:1404,0
DA:1414,0
DA:1420,0
DA:1421,0
DA:1422,0
DA:1423,0
DA:1424,0
DA:1434,0
DA:1440,0
DA:1441,0
DA:1442,0
DA:1443,0
DA:1444,0
LF:662
LH:29
end_of_record
SF:lib\providers\horario_provider.dart
DA:35,0
DA:36,2
DA:37,0
DA:38,0
DA:39,0
DA:40,0
DA:41,0
DA:42,0
DA:43,0
DA:44,0
DA:46,3
DA:47,3
DA:48,0
DA:49,0
DA:50,0
DA:53,0
DA:58,0
DA:59,0
DA:60,0
DA:64,0
DA:65,0
DA:66,0
DA:69,0
DA:71,1
DA:72,1
DA:73,1
DA:75,1
DA:76,1
DA:78,1
DA:82,0
DA:83,0
DA:85,0
DA:86,0
DA:89,0
DA:90,0
DA:98,0
DA:99,0
DA:100,0
DA:101,0
DA:102,0
DA:103,0
DA:105,0
DA:108,0
DA:109,0
DA:114,0
DA:115,0
DA:117,0
DA:118,0
DA:121,0
DA:122,0
DA:124,0
DA:125,0
DA:126,0
DA:127,0
DA:129,0
DA:132,0
DA:133,0
DA:139,1
DA:144,2
DA:146,1
DA:147,1
DA:148,1
DA:151,3
DA:154,2
DA:155,2
DA:166,0
DA:167,0
DA:171,0
DA:172,0
DA:173,0
DA:174,0
DA:175,0
DA:177,0
DA:179,1
DA:182,0
DA:183,0
DA:188,0
DA:189,0
DA:192,0
DA:194,0
DA:195,0
DA:197,0
DA:200,0
DA:201,0
DA:206,0
DA:207,0
DA:210,0
DA:213,0
DA:214,0
DA:217,0
DA:221,0
DA:222,0
DA:225,0
DA:226,0
DA:227,0
DA:229,0
DA:236,0
DA:237,0
DA:240,0
DA:243,0
DA:244,0
DA:245,0
DA:249,0
DA:250,0
DA:253,0
DA:256,0
DA:260,0
DA:261,0
DA:264,0
DA:265,0
DA:266,0
DA:268,0
DA:275,0
DA:279,0
DA:283,0
DA:287,0
DA:288,0
DA:294,0
DA:295,0
DA:298,0
DA:299,0
DA:301,0
DA:302,0
DA:303,0
DA:305,0
DA:308,0
DA:309,0
DA:314,0
DA:315,0
DA:318,0
DA:319,0
DA:321,0
DA:322,0
DA:323,0
DA:325,0
DA:328,0
DA:329,0
DA:334,0
DA:335,0
DA:338,0
DA:339,0
DA:341,0
DA:342,0
DA:343,0
DA:345,0
DA:348,0
DA:349,0
DA:354,0
DA:355,0
DA:356,0
DA:360,0
DA:361,0
DA:362,0
DA:366,0
DA:367,0
DA:368,0
DA:369,0
DA:370,0
DA:371,0
DA:372,0
DA:373,0
DA:374,0
DA:378,0
DA:379,0
DA:380,0
DA:382,0
DA:387,0
DA:388,0
DA:390,0
DA:391,0
DA:392,0
DA:393,0
DA:394,0
DA:395,0
DA:399,0
DA:400,0
DA:404,0
DA:405,0
DA:409,0
DA:410,0
DA:411,0
DA:415,0
DA:416,0
DA:418,0
DA:419,0
DA:420,0
DA:422,0
DA:427,0
DA:428,0
DA:430,0
DA:431,0
DA:435,0
DA:436,0
DA:438,0
DA:442,0
DA:443,0
DA:444,0
DA:445,0
DA:446,0
DA:447,0
DA:452,0
DA:453,0
DA:455,0
DA:456,0
DA:459,0
DA:461,0
DA:464,0
DA:470,0
DA:471,0
DA:472,0
DA:473,0
DA:475,0
DA:478,0
DA:480,0
DA:481,0
DA:486,0
DA:487,0
DA:488,0
DA:493,1
DA:502,1
DA:503,1
DA:506,1
DA:507,0
DA:508,0
DA:509,0
DA:512,0
DA:513,0
DA:519,2
DA:523,1
DA:524,1
DA:525,2
DA:526,2
DA:527,2
LF:233
LH:28
end_of_record
SF:lib\services\institution_service.dart
DA:12,0
DA:22,0
DA:24,0
DA:25,0
DA:26,0
DA:27,0
DA:28,0
DA:29,0
DA:31,0
DA:33,0
DA:35,0
DA:37,0
DA:39,0
DA:41,0
DA:42,0
DA:46,0
DA:48,0
DA:49,0
DA:50,0
DA:51,0
DA:52,0
DA:53,0
DA:54,0
DA:55,0
DA:58,0
DA:62,0
DA:63,0
DA:70,0
DA:72,0
DA:73,0
DA:74,0
DA:75,0
DA:77,0
DA:79,0
DA:81,0
DA:82,0
DA:86,0
DA:88,0
DA:89,0
DA:90,0
DA:91,0
DA:94,0
DA:98,0
DA:99,0
DA:108,0
DA:116,0
DA:117,0
DA:118,0
DA:119,0
DA:121,0
DA:123,0
DA:124,0
DA:125,0
DA:126,0
DA:127,0
DA:129,0
DA:131,0
DA:132,0
DA:136,0
DA:138,0
DA:139,0
DA:140,0
DA:141,0
DA:144,0
DA:148,0
DA:149,0
DA:156,0
DA:166,0
DA:167,0
DA:168,0
DA:169,0
DA:171,0
DA:173,0
DA:174,0
DA:175,0
DA:176,0
DA:177,0
DA:178,0
DA:180,0
DA:182,0
DA:183,0
DA:187,0
DA:189,0
DA:190,0
DA:191,0
DA:192,0
DA:195,0
DA:199,0
DA:200,0
DA:207,0
DA:209,0
DA:210,0
DA:211,0
DA:212,0
DA:213,0
DA:215,0
DA:217,0
DA:218,0
DA:222,0
DA:224,0
DA:225,0
DA:226,0
DA:228,0
DA:232,0
DA:233,0
LF:105
LH:0
end_of_record
SF:lib\providers\materia_provider.dart
DA:28,0
DA:29,2
DA:30,0
DA:31,0
DA:32,0
DA:34,3
DA:35,3
DA:36,0
DA:37,2
DA:38,2
DA:41,0
DA:44,0
DA:46,0
DA:47,0
DA:48,0
DA:49,0
DA:53,0
DA:54,0
DA:56,0
DA:57,0
DA:60,0
DA:61,0
DA:68,0
DA:69,0
DA:70,0
DA:71,0
DA:72,0
DA:73,0
DA:75,0
DA:78,0
DA:79,0
DA:84,0
DA:85,0
DA:88,0
DA:90,0
DA:91,0
DA:93,0
DA:96,0
DA:97,0
DA:102,0
DA:103,0
DA:106,0
DA:109,0
DA:110,0
DA:113,0
DA:117,0
DA:118,0
DA:124,0
DA:125,0
DA:128,0
DA:131,0
DA:132,0
DA:133,0
DA:137,0
DA:138,0
DA:141,0
DA:144,0
DA:148,0
DA:149,0
DA:155,0
DA:159,0
DA:163,0
DA:167,0
DA:168,0
DA:174,0
DA:175,0
DA:176,0
DA:180,0
DA:181,0
DA:182,0
DA:186,0
DA:187,0
DA:188,0
DA:189,0
DA:190,0
DA:194,0
DA:195,0
DA:199,0
DA:200,0
DA:202,0
DA:203,0
DA:204,0
DA:205,0
DA:206,0
DA:210,0
DA:211,0
DA:213,0
DA:214,0
DA:218,0
DA:219,0
DA:221,0
DA:222,0
DA:226,0
DA:227,0
DA:229,0
DA:233,1
DA:234,1
DA:235,1
DA:236,3
DA:237,3
DA:242,0
DA:243,0
DA:245,0
DA:246,0
DA:249,0
DA:251,0
DA:254,0
DA:259,0
DA:260,0
DA:261,0
DA:262,0
DA:264,0
DA:267,0
DA:269,0
DA:270,0
DA:275,0
DA:277,0
DA:283,0
DA:285,0
DA:291,0
DA:292,0
DA:293,0
LF:122
LH:10
end_of_record
SF:lib\providers\periodo_academico_provider.dart
DA:24,0
DA:25,0
DA:26,0
DA:27,0
DA:28,0
DA:30,0
DA:31,0
DA:32,0
DA:35,0
DA:36,0
DA:39,0
DA:40,0
DA:41,0
DA:44,0
DA:46,0
DA:47,0
DA:48,0
DA:49,0
DA:53,0
DA:54,0
DA:56,0
DA:59,0
DA:60,0
DA:66,0
DA:67,0
DA:68,0
DA:69,0
DA:70,0
DA:72,0
DA:75,0
DA:76,0
DA:81,0
DA:82,0
DA:85,0
DA:86,0
DA:88,0
DA:89,0
DA:90,0
DA:92,0
DA:95,0
DA:96,0
DA:101,0
DA:102,0
DA:105,0
DA:107,0
DA:108,0
DA:110,0
DA:113,0
DA:114,0
DA:119,0
DA:120,0
DA:123,0
DA:126,0
DA:127,0
DA:130,0
DA:134,0
DA:135,0
DA:141,0
DA:142,0
DA:145,0
DA:148,0
DA:149,0
DA:150,0
DA:154,0
DA:155,0
DA:158,0
DA:161,0
DA:165,0
DA:166,0
DA:172,0
DA:174,0
DA:177,0
DA:180,0
DA:181,0
DA:185,0
DA:186,0
DA:192,0
DA:194,0
DA:198,0
DA:199,0
DA:200,0
DA:204,0
DA:205,0
DA:208,0
DA:211,0
DA:215,0
DA:216,0
DA:222,0
DA:223,0
DA:224,0
DA:228,0
DA:229,0
DA:230,0
DA:234,0
DA:235,0
DA:236,0
DA:237,0
DA:238,0
DA:242,0
DA:243,0
DA:247,0
DA:248,0
DA:250,0
DA:251,0
DA:252,0
DA:253,0
DA:257,0
DA:258,0
DA:259,0
DA:263,0
DA:264,0
DA:266,0
DA:267,0
DA:271,0
DA:272,0
DA:274,0
DA:275,0
DA:279,0
DA:280,0
DA:282,0
DA:286,0
DA:287,0
DA:288,0
DA:289,0
DA:290,0
LF:125
LH:0
end_of_record
SF:lib\services\user_service.dart
DA:11,0
DA:21,1
DA:23,1
DA:24,1
DA:25,2
DA:26,2
DA:27,0
DA:28,0
DA:29,0
DA:31,3
DA:33,1
DA:35,1
DA:37,1
DA:39,1
DA:41,0
DA:42,0
DA:46,4
DA:48,2
DA:49,0
DA:50,0
DA:51,0
DA:52,0
DA:53,0
DA:54,0
DA:55,0
DA:58,5
DA:62,0
DA:63,0
DA:70,0
DA:72,0
DA:73,0
DA:74,0
DA:75,0
DA:77,0
DA:79,0
DA:81,0
DA:82,0
DA:86,0
DA:88,0
DA:89,0
DA:90,0
DA:91,0
DA:92,0
DA:95,0
DA:99,0
DA:100,0
DA:107,0
DA:109,0
DA:110,0
DA:111,0
DA:112,0
DA:113,0
DA:114,0
DA:116,0
DA:118,0
DA:120,0
DA:122,0
DA:124,0
DA:126,0
DA:127,0
DA:131,0
DA:133,0
DA:134,0
DA:135,0
DA:136,0
DA:137,0
DA:138,0
DA:139,0
DA:140,0
DA:143,0
DA:147,0
DA:148,0
DA:155,0
DA:157,0
DA:158,0
DA:159,0
DA:160,0
DA:161,0
DA:162,0
DA:163,0
DA:165,0
DA:167,0
DA:169,0
DA:171,0
DA:173,0
DA:175,0
DA:176,0
DA:180,0
DA:182,0
DA:183,0
DA:184,0
DA:185,0
DA:186,0
DA:187,0
DA:188,0
DA:189,0
DA:192,0
DA:196,0
DA:197,0
DA:204,0
DA:206,0
DA:207,0
DA:209,0
DA:211,0
DA:213,0
DA:215,0
DA:217,0
DA:218,0
DA:219,0
DA:220,0
DA:221,0
DA:223,0
DA:224,0
DA:226,0
DA:228,0
DA:229,0
DA:230,0
DA:231,0
DA:232,0
DA:234,0
DA:235,0
DA:236,0
DA:237,0
DA:238,0
DA:239,0
DA:242,0
DA:243,0
DA:247,0
DA:251,0
DA:252,0
DA:259,0
DA:260,0
DA:266,0
DA:268,0
DA:269,0
DA:271,0
DA:273,0
DA:275,0
DA:277,0
DA:278,0
DA:280,0
DA:281,0
DA:282,0
DA:283,0
DA:285,0
DA:286,0
DA:292,0
DA:293,0
DA:299,0
DA:301,0
DA:302,0
DA:304,0
DA:306,0
DA:308,0
DA:310,0
DA:312,0
DA:313,0
DA:314,0
DA:318,0
DA:319,0
DA:325,0
DA:327,0
DA:328,0
DA:330,0
DA:332,0
DA:334,0
DA:336,0
DA:337,0
DA:339,0
DA:340,0
DA:344,0
DA:346,0
DA:347,0
DA:348,0
DA:350,0
DA:354,0
DA:355,0
DA:361,0
DA:363,0
DA:364,0
DA:365,0
DA:366,0
DA:368,0
DA:370,0
DA:371,0
DA:373,0
DA:374,0
DA:378,0
DA:380,0
DA:381,0
DA:382,0
DA:383,0
DA:386,0
DA:390,0
DA:391,0
DA:398,0
DA:400,0
DA:401,0
DA:402,0
DA:403,0
DA:405,0
DA:407,0
DA:408,0
DA:410,0
DA:411,0
DA:415,0
DA:417,0
DA:418,0
DA:419,0
DA:420,0
DA:421,0
DA:426,0
DA:427,0
DA:430,0
DA:434,0
DA:435,0
DA:442,0
DA:444,0
DA:445,0
DA:446,0
DA:447,0
DA:448,0
DA:450,0
DA:452,0
DA:453,0
DA:457,0
DA:459,0
DA:460,0
DA:461,0
DA:463,0
DA:467,0
DA:468,0
LF:232
LH:13
end_of_record
SF:lib\screens\academic\horarios_screen.dart
DA:22,1
DA:24,1
DA:25,1
DA:40,1
DA:42,1
DA:44,3
DA:45,1
DA:49,1
DA:50,2
DA:51,2
DA:52,2
DA:53,2
DA:54,2
DA:56,1
DA:57,1
DA:62,1
DA:65,2
DA:67,5
DA:68,3
DA:70,2
DA:71,5
DA:72,3
DA:76,0
DA:80,1
DA:82,0
DA:85,0
DA:86,0
DA:87,0
DA:88,0
DA:95,1
DA:97,1
DA:98,1
DA:99,1
DA:101,1
DA:102,1
DA:103,1
DA:105,1
DA:106,0
DA:107,1
DA:108,0
DA:109,0
DA:112,1
DA:114,1
DA:115,1
DA:117,1
DA:118,1
DA:119,1
DA:120,0
DA:124,4
DA:125,1
DA:135,0
DA:136,0
DA:137,0
DA:138,0
DA:141,0
DA:142,0
DA:143,0
DA:147,0
DA:148,0
DA:149,0
DA:150,0
DA:151,0
DA:152,0
DA:154,0
DA:155,0
DA:157,0
DA:158,0
DA:160,0
DA:162,0
DA:163,0
DA:166,0
DA:167,0
DA:168,0
DA:170,0
DA:171,0
DA:172,0
DA:175,0
DA:176,0
DA:178,0
DA:180,0
DA:182,0
DA:192,0
DA:194,0
DA:209,1
DA:210,1
DA:212,1
DA:215,1
DA:216,1
DA:222,1
DA:228,2
DA:229,4
DA:231,1
DA:235,1
DA:236,1
DA:238,1
DA:239,1
DA:240,1
DA:242,1
DA:243,1
DA:246,3
DA:248,2
DA:249,1
DA:250,5
DA:251,1
DA:252,0
DA:253,0
DA:254,0
DA:255,0
DA:258,0
DA:260,0
DA:262,0
DA:263,0
DA:264,0
DA:274,1
DA:276,1
DA:278,1
DA:279,1
DA:280,1
DA:281,1
DA:282,1
DA:283,6
DA:284,7
DA:285,1
DA:286,1
DA:288,0
DA:289,0
DA:290,0
DA:301,0
DA:308,0
DA:309,0
DA:312,0
DA:314,0
DA:315,0
DA:317,0
DA:321,0
DA:322,0
DA:323,0
DA:324,0
DA:327,0
DA:329,0
DA:331,0
DA:332,0
DA:341,0
DA:342,0
DA:343,0
DA:344,0
DA:358,0
DA:365,0
DA:366,0
DA:367,0
DA:371,0
DA:374,0
DA:377,0
DA:379,0
DA:380,0
DA:381,0
DA:382,0
DA:384,0
DA:390,0
DA:391,0
DA:392,0
DA:396,0
DA:397,0
DA:400,0
DA:401,0
DA:402,0
DA:404,0
DA:405,0
DA:406,0
DA:407,0
DA:409,0
DA:410,0
DA:412,0
DA:413,0
DA:414,0
DA:417,0
DA:418,0
DA:419,0
DA:420,0
DA:422,0
DA:428,0
DA:429,0
DA:430,0
DA:431,0
DA:432,0
DA:433,0
DA:440,0
DA:441,0
DA:442,0
DA:443,0
DA:444,0
DA:458,0
DA:459,0
DA:460,0
DA:462,0
DA:463,0
DA:464,0
DA:465,0
DA:468,0
DA:469,0
DA:472,0
DA:480,0
DA:481,0
DA:482,0
DA:483,0
DA:485,0
DA:487,0
DA:488,0
DA:490,0
DA:493,0
DA:494,0
DA:495,0
DA:498,0
DA:506,0
DA:508,0
DA:509,0
DA:510,0
DA:511,0
DA:514,1
DA:515,2
DA:516,2
DA:517,2
DA:519,1
DA:524,1
DA:525,1
DA:528,2
DA:532,0
DA:535,0
DA:536,0
DA:537,0
DA:538,0
DA:539,0
DA:547,0
DA:549,0
DA:550,0
DA:551,0
DA:554,0
DA:555,0
DA:556,0
DA:557,0
DA:558,0
DA:560,0
DA:562,0
DA:565,0
DA:569,0
DA:570,0
DA:571,0
DA:572,0
DA:575,0
DA:577,0
DA:581,1
DA:582,1
DA:584,1
DA:585,1
DA:586,2
DA:587,1
DA:593,2
DA:595,3
DA:606,1
DA:613,1
DA:614,1
DA:623,1
DA:625,1
DA:627,4
DA:630,1
DA:632,1
DA:633,1
DA:635,1
DA:636,2
DA:637,1
DA:638,1
DA:641,1
DA:643,1
DA:644,2
DA:645,1
DA:646,2
DA:647,2
DA:648,3
DA:650,1
DA:651,1
DA:652,1
DA:653,4
DA:654,2
DA:656,6
DA:657,6
DA:663,2
DA:666,1
DA:668,1
DA:669,1
DA:673,5
DA:674,1
DA:676,1
DA:678,1
DA:679,1
DA:680,1
DA:685,1
DA:686,3
DA:690,2
DA:693,1
DA:694,1
DA:695,1
DA:697,1
DA:698,1
DA:702,3
DA:703,1
DA:705,2
DA:707,1
DA:708,1
DA:714,1
DA:715,3
DA:721,2
DA:724,1
DA:725,1
DA:727,1
DA:728,1
DA:729,2
DA:730,2
DA:731,1
DA:736,1
DA:737,0
DA:738,0
DA:739,0
DA:743,1
DA:746,1
DA:749,4
DA:750,0
DA:751,0
DA:753,1
DA:758,1
DA:759,0
DA:761,0
DA:765,0
DA:766,0
DA:776,1
DA:777,3
DA:778,1
DA:781,2
DA:782,2
DA:783,2
DA:786,1
DA:790,3
DA:792,1
DA:794,1
DA:796,3
DA:797,2
DA:798,1
DA:799,2
DA:800,2
DA:801,1
DA:805,1
DA:806,3
DA:807,2
DA:810,1
DA:811,1
DA:814,1
DA:815,2
DA:817,0
DA:818,0
DA:819,0
DA:820,0
DA:826,0
DA:827,0
DA:828,0
DA:829,0
DA:830,0
DA:838,1
DA:840,1
DA:841,2
DA:842,1
DA:843,3
DA:846,1
DA:856,1
DA:859,1
DA:861,1
DA:862,2
DA:865,1
DA:866,3
DA:867,4
DA:873,1
DA:874,2
DA:875,2
DA:876,2
DA:878,1
DA:879,1
DA:880,2
DA:881,1
DA:882,1
DA:883,2
DA:884,2
DA:885,2
DA:888,1
DA:891,1
DA:892,1
DA:893,1
DA:894,1
DA:896,2
DA:897,1
DA:898,2
DA:899,1
DA:900,2
DA:901,2
DA:902,3
DA:904,1
DA:905,1
DA:906,2
DA:907,1
DA:913,3
DA:914,2
DA:915,3
DA:916,2
DA:917,8
DA:919,2
DA:920,1
DA:922,2
DA:924,2
DA:925,4
DA:926,1
DA:927,3
DA:931,1
DA:932,1
DA:933,0
DA:934,1
DA:936,1
DA:937,0
DA:938,1
DA:939,1
DA:940,1
DA:942,1
DA:954,1
DA:956,1
DA:957,1
DA:965,1
DA:967,1
DA:968,4
DA:969,4
DA:972,1
DA:974,1
DA:975,1
DA:976,1
DA:978,1
DA:979,2
DA:980,1
DA:981,1
DA:984,1
DA:986,1
DA:988,1
DA:990,1
DA:991,2
DA:992,1
DA:993,1
DA:994,2
DA:995,2
DA:997,1
DA:998,1
DA:999,8
DA:1000,6
DA:1001,7
DA:1002,7
DA:1007,2
DA:1009,1
DA:1011,1
DA:1012,1
DA:1013,9
DA:1014,2
DA:1015,4
DA:1018,2
DA:1020,1
DA:1021,1
DA:1023,1
DA:1024,0
DA:1027,1
DA:1030,1
DA:1031,1
DA:1033,8
DA:1035,0
DA:1040,2
DA:1042,1
DA:1044,1
DA:1045,1
DA:1046,1
DA:1047,1
DA:1048,1
DA:1049,1
DA:1050,1
DA:1052,2
DA:1053,1
DA:1056,2
DA:1066,1
DA:1067,1
DA:1068,2
DA:1069,1
DA:1070,3
DA:1071,4
DA:1076,1
DA:1077,3
DA:1078,2
DA:1079,2
DA:1082,2
DA:1083,2
DA:1084,1
DA:1087,1
DA:1089,3
DA:1090,1
DA:1091,1
DA:1092,3
DA:1093,3
DA:1094,1
DA:1099,3
DA:1103,0
DA:1109,1
DA:1110,1
DA:1111,1
DA:1112,2
DA:1113,1
DA:1114,1
DA:1115,1
DA:1116,2
DA:1117,6
DA:1123,1
DA:1124,1
DA:1125,1
DA:1126,2
DA:1127,2
DA:1130,2
DA:1131,2
DA:1132,1
DA:1135,4
DA:1136,1
DA:1138,3
DA:1141,0
DA:1144,0
LF:531
LH:336
end_of_record
SF:lib\theme\app_colors.dart
DA:6,6
DA:8,18
DA:156,0
DA:157,0
DA:158,0
DA:161,0
DA:162,0
DA:163,0
DA:164,0
DA:165,0
DA:166,0
DA:167,0
DA:168,0
DA:171,0
DA:172,0
DA:173,0
DA:176,1
DA:177,1
DA:178,2
DA:181,0
DA:182,0
DA:183,0
DA:186,0
DA:187,0
DA:188,0
LF:25
LH:5
end_of_record
SF:lib\theme\app_spacing.dart
DA:3,6
DA:4,18
DA:22,0
DA:23,0
LF:4
LH:2
end_of_record
SF:lib\theme\app_text_styles.dart
DA:9,6
DA:11,18
DA:13,6
DA:21,6
DA:26,12
DA:35,0
DA:39,0
DA:42,2
DA:46,1
DA:53,0
DA:57,0
DA:60,8
DA:64,4
DA:67,4
DA:71,2
DA:78,0
DA:85,0
DA:92,0
DA:103,10
DA:108,10
DA:111,12
DA:116,12
DA:119,10
DA:124,10
DA:131,2
DA:136,2
DA:139,2
DA:144,2
DA:147,2
DA:152,2
DA:160,3
DA:166,0
DA:172,0
DA:174,0
DA:178,0
DA:179,0
DA:183,2
DA:187,1
DA:188,2
DA:192,3
DA:199,0
DA:206,0
DA:207,0
DA:212,0
DA:213,0
DA:221,0
DA:225,0
DA:235,0
DA:243,0
DA:250,0
LF:50
LH:28
end_of_record
SF:lib\widgets\components\clarity_components.dart
DA:17,2
DA:29,2
DA:31,2
DA:32,2
DA:34,2
DA:35,4
DA:36,2
DA:38,2
DA:39,4
DA:40,4
DA:42,2
DA:43,2
DA:44,4
DA:45,2
DA:46,6
DA:47,2
DA:49,2
DA:50,4
DA:51,2
DA:52,4
DA:54,2
DA:55,2
DA:58,2
DA:59,6
DA:60,2
DA:61,2
DA:65,4
DA:66,4
DA:67,2
DA:86,1
DA:96,1
DA:98,1
DA:99,1
DA:100,1
DA:102,1
DA:103,1
DA:106,1
DA:107,2
DA:108,2
DA:110,1
DA:111,1
DA:112,2
DA:113,1
DA:114,2
DA:115,1
DA:117,1
DA:118,1
DA:119,1
DA:120,2
DA:121,1
DA:122,1
DA:123,1
DA:124,1
DA:126,2
DA:128,1
DA:129,1
DA:130,1
DA:131,1
DA:138,2
DA:139,1
DA:140,2
DA:141,1
DA:160,0
DA:168,0
DA:170,0
DA:171,0
DA:172,0
DA:175,0
DA:176,0
DA:178,0
DA:179,0
DA:180,0
DA:181,0
DA:183,0
DA:185,0
DA:186,0
DA:187,0
DA:191,0
DA:193,0
DA:195,0
DA:196,0
DA:200,0
DA:201,0
DA:202,0
DA:203,0
DA:204,0
DA:205,0
DA:222,0
DA:231,0
DA:233,0
DA:234,0
DA:236,0
DA:237,0
DA:238,0
DA:239,0
DA:240,0
DA:242,0
DA:243,0
DA:245,0
DA:246,0
DA:247,0
DA:260,0
DA:268,0
DA:270,0
DA:271,0
DA:273,0
DA:274,0
DA:275,0
DA:277,0
DA:278,0
DA:279,0
DA:280,0
DA:282,0
DA:283,0
DA:298,4
DA:307,3
DA:309,3
DA:310,3
DA:311,3
DA:313,3
DA:314,3
DA:315,6
DA:316,3
DA:318,3
DA:319,3
DA:320,3
DA:321,3
DA:322,3
DA:324,6
DA:325,3
DA:326,3
DA:327,6
DA:328,3
DA:332,6
DA:333,6
DA:334,3
DA:335,3
DA:336,6
DA:337,3
DA:342,4
DA:343,2
DA:344,1
DA:360,3
DA:368,3
DA:370,3
DA:372,3
DA:373,3
DA:375,3
DA:376,9
DA:378,3
DA:379,3
DA:380,9
DA:381,6
DA:382,3
DA:412,0
DA:425,0
DA:427,0
DA:428,0
DA:429,0
DA:431,0
DA:434,0
DA:436,0
DA:438,0
DA:439,0
DA:440,0
DA:441,0
DA:442,0
DA:445,0
DA:446,0
DA:447,0
DA:449,0
DA:454,0
DA:457,0
DA:458,0
DA:459,0
DA:460,0
DA:461,0
DA:462,0
DA:464,0
DA:465,0
DA:467,0
DA:468,0
DA:469,0
DA:473,0
DA:474,0
DA:475,0
DA:477,0
DA:478,0
DA:479,0
DA:483,0
DA:487,0
DA:488,0
DA:489,0
DA:490,0
DA:491,0
DA:506,2
DA:514,2
DA:516,2
DA:517,2
DA:519,2
DA:520,2
DA:521,2
DA:522,4
DA:523,2
DA:525,2
DA:526,2
DA:527,6
DA:528,8
DA:531,4
DA:532,2
DA:533,2
DA:534,4
DA:535,2
DA:536,2
DA:537,2
DA:538,2
DA:539,2
DA:540,6
DA:542,4
DA:546,2
DA:558,2
DA:574,0
DA:582,0
DA:584,0
DA:586,0
DA:587,0
DA:589,0
DA:590,0
DA:592,0
DA:596,0
DA:597,0
DA:598,0
DA:599,0
DA:600,0
DA:601,0
DA:604,0
DA:605,0
DA:606,0
DA:609,0
DA:612,0
DA:633,2
DA:646,2
DA:648,2
DA:649,2
DA:651,2
DA:652,2
DA:653,2
DA:654,2
DA:655,2
DA:657,2
DA:658,2
DA:659,2
DA:660,6
DA:664,3
DA:665,2
DA:666,1
DA:667,4
DA:668,1
DA:672,1
DA:674,2
DA:675,2
DA:676,1
DA:677,1
DA:678,4
DA:679,1
DA:687,2
DA:689,2
DA:690,2
DA:691,0
DA:692,0
DA:693,0
DA:695,0
DA:697,6
DA:698,4
DA:711,0
DA:717,0
DA:718,0
DA:720,0
DA:721,0
DA:723,0
DA:727,0
DA:728,0
DA:730,0
DA:732,0
DA:734,0
DA:735,0
DA:736,0
DA:737,0
DA:739,0
DA:740,0
DA:741,0
DA:742,0
DA:744,0
DA:746,0
DA:747,0
DA:748,0
DA:749,0
DA:750,0
DA:751,0
DA:752,0
LF:300
LH:158
end_of_record
SF:lib\widgets\components\clarity_form_dialog.dart
DA:21,3
DA:31,3
DA:32,3
DA:39,3
DA:41,3
DA:42,9
DA:45,3
DA:46,9
DA:47,6
DA:49,9
DA:51,9
DA:52,12
DA:54,0
DA:55,0
DA:56,0
DA:60,12
DA:64,3
DA:68,3
DA:69,6
DA:70,3
DA:71,3
DA:72,3
DA:74,6
DA:77,3
DA:78,3
DA:79,3
DA:80,9
DA:82,3
DA:83,6
DA:84,3
DA:85,0
DA:86,9
LF:32
LH:28
end_of_record
SF:lib\widgets\components\clarity_management_page.dart
DA:68,4
DA:89,4
DA:91,4
DA:92,4
DA:93,4
DA:95,4
DA:96,8
DA:97,4
DA:98,4
DA:100,12
DA:104,4
DA:105,4
DA:106,4
DA:107,4
DA:108,4
DA:110,4
DA:111,4
DA:112,4
DA:113,8
DA:114,4
DA:116,4
DA:117,10
DA:119,2
DA:120,2
DA:121,2
DA:123,2
DA:125,4
DA:127,10
DA:128,6
DA:135,4
DA:136,0
DA:139,4
DA:140,1
DA:141,1
DA:142,1
DA:145,1
DA:146,1
DA:147,1
DA:148,1
DA:155,8
DA:156,3
DA:157,3
DA:158,0
DA:166,2
DA:167,4
DA:168,2
DA:169,2
DA:170,2
DA:172,4
DA:173,4
DA:175,6
DA:179,2
DA:180,0
DA:181,0
DA:182,0
DA:190,2
DA:191,2
DA:192,4
DA:194,4
DA:197,6
DA:204,4
LF:61
LH:56
end_of_record
SF:lib\screens\institutions\create_institution_admin_screen.dart
DA:10,1
DA:15,1
DA:19,1
DA:21,2
LF:4
LH:4
end_of_record
SF:lib\screens\users\user_form_screen.dart
DA:17,1
DA:23,1
DA:24,1
DA:74,1
DA:76,1
DA:79,1
DA:80,4
DA:86,1
DA:88,1
DA:92,3
DA:97,2
DA:98,1
DA:99,1
DA:104,1
DA:106,2
DA:108,3
DA:109,1
DA:111,2
DA:112,1
DA:116,0
DA:117,0
DA:118,0
DA:120,0
DA:123,0
DA:124,0
DA:126,0
DA:127,0
DA:131,0
DA:132,0
DA:134,0
DA:135,0
DA:136,0
DA:137,0
DA:138,0
DA:139,0
DA:140,0
DA:142,0
DA:145,0
DA:146,0
DA:147,0
DA:148,0
DA:149,0
DA:150,0
DA:151,0
DA:154,0
DA:158,0
DA:160,0
DA:161,0
DA:167,1
DA:168,2
DA:169,1
DA:172,1
DA:173,0
DA:176,0
DA:177,0
DA:178,0
DA:185,0
DA:186,0
DA:187,0
DA:192,0
DA:193,0
DA:194,0
DA:195,0
DA:196,0
DA:197,0
DA:198,0
DA:201,0
DA:202,0
DA:205,0
DA:206,0
DA:207,0
DA:208,0
DA:214,0
DA:215,0
DA:216,0
DA:217,0
DA:225,1
DA:228,2
DA:229,2
DA:230,2
DA:231,2
DA:232,2
DA:233,2
DA:234,2
DA:235,2
DA:236,2
DA:237,2
DA:240,2
DA:241,2
DA:242,2
DA:243,2
DA:244,2
DA:245,2
DA:246,2
DA:247,2
DA:248,2
DA:249,1
DA:252,0
DA:253,0
DA:254,0
DA:255,0
DA:257,0
DA:258,0
DA:260,0
DA:261,0
DA:262,0
DA:263,0
DA:265,0
DA:266,0
DA:269,0
DA:273,0
DA:274,0
DA:280,0
DA:281,0
DA:282,0
DA:283,0
DA:285,0
DA:286,0
DA:289,0
DA:295,0
DA:298,0
DA:299,0
DA:301,0
DA:303,0
DA:304,0
DA:305,0
DA:306,0
DA:307,0
DA:308,0
DA:309,0
DA:310,0
DA:311,0
DA:313,0
DA:314,0
DA:317,0
DA:318,0
DA:319,0
DA:324,0
DA:325,0
DA:326,0
DA:327,0
DA:328,0
DA:329,0
DA:330,0
DA:333,0
DA:336,0
DA:340,0
DA:342,0
DA:343,0
DA:345,0
DA:346,0
DA:347,0
DA:348,0
DA:349,0
DA:350,0
DA:351,0
DA:352,0
DA:353,0
DA:354,0
DA:355,0
DA:358,0
DA:359,0
DA:365,0
DA:366,0
DA:367,0
DA:368,0
DA:369,0
DA:370,0
DA:373,0
DA:378,0
DA:380,0
DA:382,0
DA:383,0
DA:384,0
DA:385,0
DA:388,0
DA:389,0
DA:390,0
DA:391,0
DA:392,0
DA:393,0
DA:395,0
DA:399,0
DA:400,0
DA:401,0
DA:403,0
DA:404,0
DA:407,0
DA:420,0
DA:421,0
DA:426,0
DA:427,0
DA:428,0
DA:429,0
DA:430,0
DA:431,0
DA:432,0
DA:435,0
DA:439,0
DA:440,0
DA:445,1
DA:447,1
DA:449,1
DA:451,1
DA:453,0
DA:460,0
DA:462,0
DA:463,0
DA:465,0
DA:467,0
DA:468,0
DA:469,0
DA:470,0
DA:471,0
DA:472,0
DA:477,0
DA:478,0
DA:479,0
DA:480,0
DA:481,0
DA:485,0
DA:487,0
DA:488,0
DA:489,0
DA:490,0
DA:492,0
DA:493,0
DA:494,0
DA:495,0
DA:496,0
DA:500,0
DA:501,0
DA:502,0
DA:503,0
DA:504,0
DA:508,0
DA:509,0
DA:510,0
DA:511,0
DA:512,0
DA:516,0
DA:517,0
DA:518,0
DA:519,0
DA:520,0
DA:521,0
DA:526,0
DA:528,0
DA:529,0
DA:530,0
DA:531,0
DA:532,0
DA:533,0
DA:534,0
DA:535,0
DA:539,0
DA:540,0
DA:541,0
DA:542,0
DA:543,0
DA:547,0
DA:548,0
DA:549,0
DA:550,0
DA:551,0
DA:552,0
DA:553,0
DA:561,1
DA:563,1
DA:564,1
DA:565,1
DA:566,5
DA:568,1
DA:569,0
DA:570,0
DA:571,0
DA:572,0
DA:573,0
DA:574,0
DA:576,0
DA:577,0
DA:590,1
DA:592,1
DA:593,1
DA:594,1
DA:595,1
DA:596,1
DA:597,1
DA:599,1
DA:600,1
DA:601,1
DA:602,1
DA:603,1
DA:604,1
DA:605,1
DA:606,0
DA:607,1
DA:608,3
DA:610,1
DA:611,2
DA:612,1
DA:613,1
DA:614,2
DA:615,0
DA:616,0
DA:617,0
DA:618,0
DA:619,0
DA:620,0
DA:621,0
DA:622,0
DA:625,0
DA:627,0
DA:631,0
DA:633,1
DA:634,1
DA:636,2
DA:637,1
DA:638,2
DA:639,1
DA:640,1
DA:641,1
DA:642,2
DA:645,1
DA:654,1
DA:655,0
DA:656,3
DA:660,3
DA:661,2
DA:662,1
DA:663,1
DA:664,1
DA:665,1
DA:666,2
DA:667,2
DA:668,1
DA:669,2
DA:672,1
DA:674,3
DA:683,1
DA:689,1
DA:691,6
DA:697,1
DA:698,1
DA:700,1
DA:703,1
DA:704,2
DA:705,1
DA:706,1
DA:707,2
DA:708,1
DA:709,1
DA:710,0
DA:713,1
DA:714,1
DA:715,1
DA:716,1
DA:717,1
DA:718,1
DA:721,2
DA:722,2
DA:726,1
DA:729,1
DA:730,2
DA:731,1
DA:732,1
DA:733,1
DA:734,1
DA:735,1
DA:736,2
DA:737,1
DA:738,0
DA:741,1
DA:742,1
DA:743,1
DA:744,1
DA:745,1
DA:746,1
DA:747,1
DA:748,1
DA:749,1
DA:752,2
DA:753,4
DA:758,6
DA:759,0
DA:760,0
DA:762,0
DA:763,0
DA:764,0
DA:765,0
DA:766,0
DA:767,0
DA:768,0
DA:769,0
DA:770,0
DA:771,0
DA:772,0
DA:773,0
DA:774,0
DA:775,0
DA:776,0
DA:777,0
DA:778,0
DA:781,0
DA:782,0
DA:791,0
DA:792,0
DA:795,0
DA:798,0
DA:800,0
DA:801,0
DA:802,0
DA:803,0
DA:804,0
DA:806,0
DA:807,0
DA:810,0
DA:815,0
DA:820,0
DA:821,0
DA:824,0
DA:828,0
DA:829,0
DA:830,0
DA:834,0
DA:836,0
DA:837,0
LF:427
LH:142
end_of_record
SF:lib\screens\users\form_steps\user_account_step.dart
DA:23,1
DA:38,1
DA:39,1
DA:45,1
DA:47,1
DA:49,1
DA:51,1
DA:52,1
DA:54,2
DA:56,2
DA:57,1
DA:59,3
DA:60,2
DA:63,2
DA:66,1
DA:68,2
DA:69,2
DA:70,2
DA:72,3
DA:74,2
DA:75,0
DA:76,0
DA:79,0
DA:80,0
DA:86,2
DA:89,4
DA:90,1
DA:91,1
DA:94,2
DA:96,0
DA:97,0
DA:98,0
DA:99,0
DA:100,0
DA:104,0
DA:106,0
DA:107,0
DA:108,0
DA:109,0
DA:111,0
DA:112,0
DA:113,0
DA:114,0
DA:115,0
DA:117,0
DA:119,0
DA:120,0
DA:122,0
DA:124,0
DA:131,2
DA:132,1
DA:134,1
DA:135,1
DA:137,5
DA:139,2
DA:140,1
DA:141,1
DA:142,1
DA:143,1
DA:145,0
DA:146,0
DA:148,0
DA:150,0
DA:152,0
DA:155,0
DA:156,0
DA:160,1
DA:164,2
DA:165,1
DA:166,0
DA:167,6
DA:175,1
DA:177,2
DA:178,2
DA:179,2
DA:182,3
DA:183,1
DA:184,1
DA:185,2
DA:187,1
DA:188,0
DA:189,0
DA:194,4
DA:198,2
DA:201,3
DA:202,1
DA:203,2
DA:204,1
DA:205,3
DA:206,1
DA:207,4
DA:209,1
DA:210,1
DA:211,3
DA:212,2
DA:213,1
DA:214,1
DA:216,3
DA:217,2
LF:99
LH:65
end_of_record
SF:lib\screens\users\form_steps\user_personal_info_step.dart
DA:24,1
DA:44,1
DA:46,1
DA:48,1
DA:50,1
DA:51,1
DA:53,2
DA:55,2
DA:56,1
DA:58,3
DA:59,2
DA:62,2
DA:65,1
DA:66,1
DA:67,2
DA:69,0
DA:70,0
DA:71,0
DA:72,0
DA:74,0
DA:75,0
DA:76,0
DA:79,0
DA:80,0
DA:83,0
DA:90,0
DA:91,0
DA:92,0
DA:94,0
DA:95,0
DA:96,0
DA:99,0
DA:100,0
DA:103,0
DA:112,1
DA:113,1
DA:114,1
DA:116,1
DA:117,1
DA:118,1
DA:121,0
DA:122,0
DA:125,0
DA:131,2
DA:132,1
DA:134,1
DA:135,1
DA:136,1
DA:139,0
DA:140,0
DA:143,0
DA:153,2
DA:156,1
DA:157,1
DA:158,2
DA:160,0
DA:161,0
DA:162,0
DA:163,0
DA:165,0
DA:166,0
DA:170,0
DA:171,0
DA:172,0
DA:173,0
DA:181,0
DA:182,0
DA:183,0
DA:185,0
DA:186,0
DA:189,0
DA:191,0
DA:195,0
DA:198,0
DA:207,1
DA:208,1
DA:209,1
DA:211,1
DA:212,1
DA:213,1
DA:217,0
DA:218,0
DA:219,0
DA:220,0
DA:227,2
DA:228,1
DA:230,1
DA:231,1
DA:232,1
DA:235,0
DA:237,0
DA:241,0
DA:244,0
DA:254,2
DA:257,1
DA:259,1
DA:260,1
DA:261,3
DA:262,2
DA:265,1
DA:266,2
DA:267,2
LF:102
LH:50
end_of_record
SF:lib\screens\users\form_steps\role_specific_details_step.dart
DA:23,0
DA:45,0
DA:47,0
DA:49,0
DA:50,0
DA:51,0
DA:52,0
DA:55,0
DA:59,0
DA:60,0
DA:62,0
DA:63,0
DA:65,0
DA:67,0
DA:68,0
DA:70,0
DA:71,0
DA:74,0
DA:76,0
DA:78,0
DA:79,0
DA:80,0
DA:81,0
DA:82,0
DA:84,0
DA:85,0
DA:86,0
DA:87,0
DA:88,0
DA:89,0
DA:90,0
DA:93,0
DA:94,0
DA:97,0
DA:104,0
DA:105,0
DA:106,0
DA:107,0
DA:108,0
DA:109,0
DA:112,0
DA:113,0
DA:116,0
DA:125,0
DA:126,0
DA:127,0
DA:128,0
DA:129,0
DA:132,0
DA:133,0
DA:136,0
DA:142,0
DA:143,0
DA:144,0
DA:145,0
DA:148,0
DA:149,0
DA:152,0
DA:169,0
DA:170,0
DA:172,0
DA:173,0
DA:175,0
DA:177,0
DA:178,0
DA:180,0
DA:181,0
DA:184,0
DA:186,0
DA:188,0
DA:189,0
DA:190,0
DA:191,0
DA:192,0
DA:193,0
DA:196,0
DA:201,0
DA:202,0
DA:203,0
DA:204,0
DA:205,0
DA:209,0
DA:210,0
DA:211,0
DA:212,0
DA:223,0
DA:224,0
DA:225,0
DA:226,0
DA:227,0
DA:228,0
DA:229,0
DA:231,0
DA:232,0
DA:233,0
DA:234,0
DA:235,0
DA:236,0
DA:238,0
DA:239,0
DA:250,0
DA:251,0
DA:253,0
DA:254,0
DA:256,0
DA:258,0
DA:259,0
DA:260,0
DA:262,0
LF:109
LH:0
end_of_record
SF:lib\widgets\form_widgets.dart
DA:22,1
DA:42,1
DA:44,1
DA:45,1
DA:46,1
DA:48,1
DA:50,1
DA:51,1
DA:52,1
DA:53,1
DA:54,1
DA:55,1
DA:56,1
DA:57,1
DA:58,1
DA:59,1
DA:60,1
DA:61,1
DA:62,1
DA:63,1
DA:64,1
DA:65,1
DA:66,1
DA:67,3
DA:68,1
DA:69,1
DA:70,1
DA:71,2
DA:72,2
DA:74,1
DA:75,2
DA:76,2
DA:78,1
DA:79,2
DA:80,2
DA:82,1
DA:83,2
DA:84,2
DA:86,1
DA:87,2
DA:88,2
DA:91,2
DA:92,1
DA:93,1
DA:94,1
DA:96,3
DA:114,1
DA:127,1
DA:129,1
DA:130,1
DA:131,1
DA:133,1
DA:135,1
DA:136,1
DA:137,1
DA:138,1
DA:139,1
DA:140,2
DA:141,1
DA:142,1
DA:143,1
DA:144,1
DA:145,1
DA:146,3
DA:147,1
DA:148,2
DA:149,2
DA:151,1
DA:152,2
DA:153,2
DA:155,1
DA:156,2
DA:157,2
DA:159,1
DA:160,2
DA:161,2
DA:163,1
DA:164,2
DA:165,2
DA:168,2
DA:169,1
DA:170,1
DA:171,1
DA:173,3
DA:175,1
DA:189,0
DA:199,0
DA:201,0
DA:202,0
DA:203,0
DA:205,0
DA:206,0
DA:207,0
DA:208,0
DA:209,0
DA:211,0
DA:212,0
DA:213,0
DA:214,0
DA:215,0
DA:216,0
DA:218,0
DA:219,0
DA:220,0
DA:222,0
DA:223,0
DA:224,0
DA:225,0
DA:229,0
DA:230,0
DA:231,0
DA:232,0
DA:233,0
DA:235,0
DA:237,0
DA:238,0
DA:239,0
DA:240,0
DA:241,0
DA:242,0
DA:259,0
DA:268,0
DA:270,0
DA:271,0
DA:272,0
DA:274,0
DA:276,0
DA:278,0
DA:279,0
DA:281,0
DA:282,0
DA:283,0
DA:284,0
DA:285,0
DA:286,0
DA:287,0
DA:289,0
DA:290,0
DA:291,0
DA:293,0
DA:294,0
DA:295,0
DA:296,0
DA:298,0
DA:299,0
DA:300,0
DA:301,0
DA:306,0
DA:307,0
DA:308,0
DA:309,0
LF:151
LH:85
end_of_record
SF:lib\screens\academic\grupos_screen.dart
DA:14,1
DA:16,1
DA:17,1
DA:30,1
DA:32,1
DA:33,3
DA:35,3
DA:36,1
DA:40,1
DA:42,2
DA:43,2
DA:44,1
DA:45,1
DA:48,0
DA:49,0
DA:51,0
DA:53,0
DA:54,0
DA:55,0
DA:59,1
DA:60,2
DA:61,2
DA:63,1
DA:64,0
DA:68,1
DA:69,1
DA:72,2
DA:73,2
DA:77,0
DA:78,0
DA:80,0
DA:82,0
DA:83,0
DA:87,0
DA:88,0
DA:90,0
DA:91,0
DA:94,0
DA:95,0
DA:96,0
DA:98,0
DA:102,1
DA:104,1
DA:105,1
DA:106,1
DA:108,1
DA:109,1
DA:110,1
DA:111,2
DA:112,1
DA:113,2
DA:114,1
DA:116,1
DA:117,1
DA:118,1
DA:119,1
DA:120,1
DA:121,1
DA:122,1
DA:123,1
DA:124,1
DA:127,1
DA:131,1
DA:132,0
DA:141,1
DA:142,1
DA:143,1
DA:144,1
DA:146,1
DA:147,1
DA:148,1
DA:149,1
DA:150,1
DA:152,3
DA:153,2
DA:154,1
DA:155,0
DA:156,0
DA:157,0
DA:158,0
DA:159,0
DA:163,1
DA:164,2
DA:165,2
DA:167,1
DA:168,2
DA:169,2
DA:171,1
DA:172,2
DA:173,2
DA:176,1
DA:177,3
DA:179,1
DA:181,2
DA:183,1
DA:185,3
DA:190,1
DA:191,1
DA:192,1
DA:194,1
DA:195,1
DA:197,2
DA:199,1
DA:201,1
DA:203,2
DA:205,1
DA:207,1
DA:211,1
DA:216,1
DA:217,1
DA:218,1
DA:220,1
DA:221,1
DA:224,1
DA:225,2
DA:227,1
DA:230,1
DA:231,2
DA:235,1
DA:236,1
DA:237,1
DA:238,1
DA:239,1
DA:240,3
DA:243,1
DA:244,1
DA:245,1
DA:246,1
DA:247,1
DA:248,5
DA:249,3
DA:254,1
DA:256,1
DA:257,1
DA:258,1
DA:259,1
DA:260,1
DA:261,1
DA:262,1
DA:266,1
DA:268,1
DA:269,1
DA:272,1
DA:273,2
DA:274,2
DA:275,0
DA:279,1
DA:280,1
DA:281,2
DA:282,2
DA:283,1
DA:294,0
DA:298,0
DA:299,0
DA:301,0
DA:302,0
DA:303,0
DA:304,0
DA:309,1
DA:310,1
DA:312,2
DA:313,2
DA:314,1
DA:315,1
DA:320,1
DA:321,1
DA:322,1
DA:323,2
DA:324,4
DA:325,2
DA:326,1
DA:328,3
DA:330,1
DA:331,1
DA:332,0
DA:333,4
DA:335,1
DA:336,1
DA:337,2
DA:338,1
DA:340,4
DA:341,8
DA:348,1
DA:349,2
DA:351,1
DA:352,1
DA:353,1
DA:356,1
DA:359,3
DA:360,1
DA:361,1
DA:363,9
DA:365,4
DA:368,1
DA:370,0
DA:371,0
DA:372,0
DA:373,0
DA:374,0
DA:376,0
DA:382,0
DA:383,0
DA:389,1
DA:391,0
DA:392,0
DA:404,0
DA:406,0
DA:408,0
DA:409,0
DA:410,0
DA:411,0
DA:412,0
DA:417,0
DA:419,0
DA:420,0
DA:421,0
DA:422,0
DA:425,0
DA:427,0
DA:428,0
DA:430,0
DA:431,0
DA:432,0
DA:433,0
DA:434,0
DA:435,0
DA:438,0
DA:439,0
DA:440,0
DA:441,0
DA:445,0
DA:446,0
DA:452,0
DA:453,0
DA:454,0
DA:455,0
DA:459,0
DA:460,0
DA:466,0
DA:467,0
DA:468,0
DA:469,0
DA:474,0
DA:475,0
DA:476,0
DA:477,0
DA:481,0
DA:482,0
DA:483,0
DA:484,0
DA:486,0
DA:487,0
DA:488,0
DA:493,0
DA:494,0
DA:495,0
DA:505,0
DA:506,0
DA:511,0
DA:512,0
DA:514,0
DA:515,0
DA:516,0
DA:517,0
DA:518,0
DA:519,0
DA:520,0
DA:524,0
DA:525,0
DA:526,0
DA:529,0
DA:530,0
DA:531,0
DA:532,0
DA:533,0
DA:538,0
DA:539,0
DA:540,0
DA:541,0
DA:542,0
DA:558,1
DA:560,1
DA:561,1
DA:572,1
DA:574,1
DA:575,5
DA:576,5
DA:577,5
DA:580,1
DA:582,2
DA:583,2
DA:584,2
DA:585,1
DA:588,1
DA:590,1
DA:591,1
DA:593,1
DA:594,2
DA:595,1
DA:596,1
DA:599,1
DA:600,1
DA:601,1
DA:602,1
DA:606,1
DA:607,1
DA:613,2
DA:614,1
DA:615,1
DA:616,1
DA:620,1
DA:621,1
DA:627,2
DA:628,1
DA:629,1
DA:630,1
DA:635,2
DA:636,1
DA:637,15
DA:638,1
DA:649,1
DA:650,3
DA:653,2
DA:654,3
DA:657,2
DA:658,2
DA:660,1
DA:661,1
DA:662,3
DA:663,1
DA:664,3
DA:665,3
DA:666,7
DA:671,1
DA:672,2
DA:676,0
DA:677,0
DA:678,0
DA:679,0
DA:684,0
DA:685,0
DA:686,0
DA:687,0
LF:343
LH:215
end_of_record
SF:lib\screens\institutions\institution_admins_screen.dart
DA:16,1
DA:18,1
DA:19,1
DA:25,1
DA:27,1
DA:28,3
DA:29,1
DA:33,1
DA:34,1
DA:35,1
DA:36,4
DA:37,0
DA:42,1
DA:44,1
DA:46,1
DA:48,1
DA:49,1
DA:50,1
DA:51,2
DA:52,0
DA:53,0
DA:54,0
DA:55,0
DA:56,0
DA:57,0
DA:58,0
DA:64,0
DA:65,0
DA:67,1
DA:68,1
DA:69,1
DA:70,1
DA:71,1
DA:72,2
DA:73,1
DA:75,4
DA:78,1
DA:86,1
DA:87,2
DA:88,2
DA:89,1
DA:90,4
DA:94,0
DA:95,0
DA:96,0
DA:98,0
DA:99,0
DA:100,0
DA:102,0
DA:103,0
DA:104,0
DA:105,0
DA:110,0
DA:112,0
DA:113,0
DA:114,0
DA:115,0
DA:116,0
DA:121,1
DA:122,1
DA:123,1
DA:125,1
DA:126,1
DA:127,1
DA:128,4
DA:129,1
DA:130,1
DA:131,1
DA:132,2
DA:134,0
DA:135,0
DA:136,0
DA:137,0
DA:138,0
DA:140,0
DA:141,0
DA:144,1
DA:145,2
DA:147,1
DA:148,2
DA:149,1
DA:159,0
DA:160,0
DA:161,0
DA:162,0
DA:164,0
DA:165,0
DA:166,0
DA:167,0
DA:168,0
DA:169,0
DA:170,0
DA:171,0
DA:174,0
DA:175,0
DA:176,0
DA:177,0
DA:178,0
DA:183,0
DA:185,0
DA:186,0
DA:187,0
DA:188,0
DA:189,0
DA:190,0
DA:191,0
DA:192,0
DA:193,0
DA:199,0
DA:200,0
DA:201,0
DA:202,0
DA:203,0
DA:204,0
DA:205,0
DA:206,0
DA:207,0
DA:208,0
DA:209,0
DA:217,0
DA:219,0
DA:220,0
DA:223,0
DA:224,0
DA:226,0
DA:227,0
DA:230,0
DA:231,0
DA:238,0
DA:239,0
DA:242,0
DA:244,0
DA:255,0
DA:257,0
DA:258,0
DA:266,0
DA:268,0
DA:269,0
DA:270,0
DA:273,0
DA:275,0
DA:277,0
DA:278,0
DA:281,0
DA:283,0
DA:284,0
DA:285,0
DA:286,0
DA:289,0
DA:290,0
DA:291,0
DA:295,0
DA:298,0
DA:302,0
DA:304,0
DA:306,0
DA:307,0
DA:308,0
DA:309,0
DA:312,0
DA:313,0
DA:314,0
DA:317,0
DA:318,0
DA:319,0
DA:323,0
DA:324,0
DA:325,0
DA:328,0
DA:329,0
DA:330,0
DA:344,1
DA:346,1
DA:347,1
DA:362,1
DA:364,1
DA:365,3
DA:366,3
DA:367,1
DA:370,1
DA:372,3
DA:373,3
DA:374,2
DA:375,2
DA:376,1
DA:379,0
DA:380,0
DA:381,0
DA:382,0
DA:383,0
DA:387,0
DA:388,0
DA:389,0
DA:391,0
DA:392,0
DA:393,0
DA:394,0
DA:395,0
DA:399,1
DA:400,3
DA:402,1
DA:403,2
DA:405,0
DA:406,0
DA:407,0
DA:408,0
DA:412,1
DA:413,3
DA:418,0
DA:419,0
DA:421,0
DA:423,0
DA:424,0
DA:426,0
DA:427,0
DA:429,0
DA:430,0
DA:435,1
DA:436,2
DA:438,1
DA:442,1
DA:443,1
DA:444,1
DA:449,0
DA:451,0
DA:453,0
DA:455,0
DA:457,0
DA:459,0
DA:460,0
DA:463,3
DA:466,0
DA:467,0
DA:471,0
DA:472,0
DA:473,0
DA:477,0
DA:478,0
DA:481,0
DA:482,0
DA:484,0
DA:485,0
DA:488,0
DA:489,0
DA:490,0
DA:491,0
DA:494,0
DA:495,0
DA:496,0
DA:498,0
DA:499,0
DA:501,0
DA:504,0
DA:505,0
DA:506,0
DA:507,0
DA:511,0
DA:512,0
DA:517,1
DA:519,1
DA:521,1
DA:524,1
DA:525,1
DA:527,1
DA:529,1
DA:530,1
DA:531,1
DA:534,3
DA:535,0
DA:537,0
DA:538,0
DA:539,0
DA:544,1
DA:545,1
DA:546,3
DA:548,1
DA:549,1
DA:550,4
DA:552,1
DA:553,1
DA:554,3
DA:557,5
DA:565,3
DA:566,1
DA:571,1
DA:572,1
DA:573,1
DA:576,4
DA:577,0
DA:579,0
DA:580,0
DA:592,0
DA:593,0
DA:595,0
DA:599,0
DA:600,0
DA:602,0
DA:603,0
DA:604,0
DA:605,0
DA:608,0
DA:610,0
DA:614,0
DA:615,0
DA:618,0
DA:620,0
DA:621,0
DA:631,0
DA:632,0
DA:633,0
DA:634,0
DA:641,0
DA:643,0
DA:644,0
DA:645,0
DA:646,0
DA:660,0
DA:662,0
DA:663,0
DA:664,0
DA:666,0
DA:667,0
DA:670,0
DA:689,3
DA:690,1
DA:712,3
DA:713,0
DA:714,0
DA:715,0
DA:717,0
DA:718,0
DA:719,0
DA:720,0
DA:722,0
DA:736,1
DA:737,1
DA:738,0
LF:337
LH:106
end_of_record
SF:lib\screens\academic\materias_screen.dart
DA:13,1
DA:15,1
DA:16,1
DA:24,1
DA:26,1
DA:27,3
DA:28,3
DA:29,3
DA:30,1
DA:34,1
DA:36,2
DA:37,2
DA:38,1
DA:41,0
DA:42,0
DA:43,0
DA:45,0
DA:48,0
DA:50,0
DA:54,0
DA:55,0
DA:56,0
DA:60,1
DA:61,2
DA:62,2
DA:64,1
DA:65,2
DA:69,0
DA:70,0
DA:71,0
DA:73,0
DA:74,0
DA:75,0
DA:79,1
DA:81,1
DA:82,1
DA:83,1
DA:85,1
DA:86,1
DA:87,1
DA:88,2
DA:89,1
DA:90,2
DA:91,1
DA:93,1
DA:94,1
DA:95,1
DA:96,1
DA:97,1
DA:98,1
DA:99,1
DA:100,1
DA:101,1
DA:104,1
DA:108,1
DA:109,2
DA:118,1
DA:119,1
DA:120,1
DA:121,1
DA:123,1
DA:124,1
DA:125,1
DA:126,1
DA:127,1
DA:129,3
DA:130,2
DA:131,1
DA:132,0
DA:133,0
DA:134,0
DA:135,0
DA:136,0
DA:140,1
DA:141,2
DA:142,2
DA:144,1
DA:145,2
DA:146,2
DA:148,1
DA:149,2
DA:150,2
DA:153,1
DA:154,3
DA:156,0
DA:158,2
DA:160,1
DA:162,3
DA:167,1
DA:168,1
DA:169,1
DA:171,1
DA:172,1
DA:174,2
DA:176,1
DA:178,1
DA:180,2
DA:182,1
DA:184,1
DA:186,2
DA:188,1
DA:193,1
DA:194,1
DA:196,1
DA:197,1
DA:200,1
DA:201,2
DA:203,1
DA:206,1
DA:207,2
DA:211,1
DA:212,1
DA:213,1
DA:214,1
DA:216,1
DA:219,1
DA:220,1
DA:222,0
DA:226,1
DA:227,1
DA:229,1
DA:230,2
DA:231,1
DA:232,1
DA:237,1
DA:238,1
DA:240,2
DA:241,2
DA:242,1
DA:243,1
DA:248,1
DA:249,1
DA:250,1
DA:251,2
DA:252,4
DA:253,2
DA:254,1
DA:256,3
DA:258,1
DA:259,1
DA:260,0
DA:261,4
DA:263,1
DA:264,1
DA:265,2
DA:266,1
DA:268,4
DA:269,8
DA:276,1
DA:277,2
DA:279,1
DA:280,1
DA:281,1
DA:284,1
DA:287,3
DA:288,1
DA:289,1
DA:291,9
DA:293,4
DA:296,1
DA:298,0
DA:299,0
DA:300,0
DA:301,0
DA:302,0
DA:304,0
DA:310,0
DA:312,0
DA:313,0
LF:169
LH:137
end_of_record
SF:lib\screens\academic\materia_dialogs.dart
DA:12,1
DA:14,1
DA:15,1
DA:25,1
DA:27,2
DA:28,2
DA:29,1
DA:32,1
DA:33,3
DA:34,2
DA:35,2
DA:36,2
DA:37,3
DA:40,1
DA:41,1
DA:42,1
DA:43,3
DA:44,4
DA:48,1
DA:49,1
DA:51,0
DA:52,0
DA:55,0
DA:64,1
DA:66,1
DA:67,1
DA:69,1
DA:70,2
DA:71,1
DA:72,1
DA:75,1
DA:76,1
DA:77,1
DA:78,1
DA:82,1
DA:83,1
DA:89,2
DA:90,1
DA:91,1
DA:92,1
DA:106,1
DA:108,1
DA:109,1
DA:119,1
DA:121,1
DA:122,5
DA:123,5
DA:126,1
DA:128,2
DA:129,2
DA:130,1
DA:133,1
DA:135,1
DA:136,1
DA:138,1
DA:139,2
DA:140,1
DA:141,1
DA:144,1
DA:145,1
DA:146,1
DA:147,1
DA:151,1
DA:152,1
DA:158,2
DA:159,1
DA:160,1
DA:161,1
DA:172,1
DA:173,3
DA:174,2
DA:175,3
DA:179,2
DA:180,2
DA:182,1
DA:183,1
DA:184,3
DA:185,1
DA:186,3
DA:187,4
DA:191,1
DA:192,1
DA:193,2
DA:196,0
DA:197,0
DA:198,0
DA:199,0
DA:200,0
DA:205,0
DA:206,0
DA:207,0
DA:208,0
DA:209,0
LF:93
LH:80
end_of_record
